This file contains any messages produced by compilers while
running configure, to aid debugging if configure makes a mistake.

It was created by GCX Core configure 2.0.0, which was
generated by GNU Autoconf 2.69.  Invocation command line was

  $ ./configure --prefix=/ --disable-zmq --disable-tests --with-gui

## --------- ##
## Platform. ##
## --------- ##

hostname = gcxex.com
uname -m = x86_64
uname -r = 4.13.0-36-generic
uname -s = Linux
uname -v = #40~16.04.1-Ubuntu SMP Fri Feb 16 23:25:58 UTC 2018

/usr/bin/uname -p = unknown
/bin/uname -X     = unknown

/bin/arch              = unknown
/usr/bin/arch -k       = unknown
/usr/convex/getsysinfo = unknown
/usr/bin/hostinfo      = unknown
/bin/machine           = unknown
/usr/bin/oslevel       = unknown
/bin/universe          = unknown

PATH: /usr/local/sbin
PATH: /usr/local/bin
PATH: /usr/sbin
PATH: /usr/bin
PATH: /sbin
PATH: /bin
PATH: /usr/games
PATH: /usr/local/games


## ----------- ##
## Core tests. ##
## ----------- ##

configure:2827: loading site script /root/Downloads/gcx-v-2/depends/x86_64-apple-darwin11/share/config.site
| depends_prefix="`dirname ${ac_site_file}`/.."
| 
| cross_compiling=maybe
| host_alias=x86_64-apple-darwin11
| ac_tool_prefix=${host_alias}-
| 
| if test -z $with_boost; then
|   with_boost=$depends_prefix
| fi
| if test -z $with_qt_plugindir; then
|   with_qt_plugindir=$depends_prefix/plugins
| fi
| if test -z $with_qt_translationdir; then
|   with_qt_translationdir=$depends_prefix/translations
| fi
| if test -z $with_qt_bindir; then
|   with_qt_bindir=$depends_prefix/native/bin
| fi
| if test -z $with_protoc_bindir; then
|   with_protoc_bindir=$depends_prefix/native/bin
| fi
| 
| 
| if test -z $enable_wallet && test -n ""; then
|   enable_wallet=no
| fi
| 
| if test -z $with_miniupnpc && test -n ""; then
|   with_miniupnpc=no
| fi
| 
| if test -z $with_gui && test -n ""; then
|   with_gui=no
| fi
| 
| if test xdarwin = xdarwin; then
|   BREW=no
|   PORT=no
| fi
| 
| if test xdarwin = xmingw32; then
|   if test -z $with_qt_incdir; then
|     with_qt_incdir=$depends_prefix/include
|   fi
|   if test -z $with_qt_libdir; then
|     with_qt_libdir=$depends_prefix/lib
|   fi
| fi
| 
| PATH=$depends_prefix/native/bin:$PATH
| PKG_CONFIG="`which pkg-config` --static"
| 
| # These two need to remain exported because pkg-config does not see them
| # otherwise. That means they must be unexported at the end of configure.ac to
| # avoid ruining the cache. Sigh.
| 
| export PKG_CONFIG_LIBDIR=$depends_prefix/lib/pkgconfig
| export PKG_CONFIG_PATH=$depends_prefix/share/pkgconfig
| 
| CPPFLAGS="-I$depends_prefix/include/ $CPPFLAGS"
| LDFLAGS="-L$depends_prefix/lib $LDFLAGS"
| 
| CC="/root/Downloads/gcx-v-2/depends/x86_64-apple-darwin11/native/bin/clang -target x86_64-apple-darwin11 -mmacosx-version-min=10.8 --sysroot /root/Downloads/gcx-v-2/depends/SDKs/MacOSX10.11.sdk -mlinker-version=253.9"
| CXX="/root/Downloads/gcx-v-2/depends/x86_64-apple-darwin11/native/bin/clang++ -target x86_64-apple-darwin11 -mmacosx-version-min=10.8 --sysroot /root/Downloads/gcx-v-2/depends/SDKs/MacOSX10.11.sdk -mlinker-version=253.9 -stdlib=libc++"
| OBJC="${CC}"
| CCACHE=$depends_prefix/native/bin/ccache
| PYTHONPATH=$depends_prefix/native/lib/python/dist-packages:$PYTHONPATH
| 
| if test -n "/root/Downloads/gcx-v-2/depends/x86_64-apple-darwin11/native/bin/x86_64-apple-darwin11-ar"; then
|   AR=/root/Downloads/gcx-v-2/depends/x86_64-apple-darwin11/native/bin/x86_64-apple-darwin11-ar
|   ac_cv_path_ac_pt_AR=${AR}
| fi
| 
| if test -n "/root/Downloads/gcx-v-2/depends/x86_64-apple-darwin11/native/bin/x86_64-apple-darwin11-ranlib"; then
|   RANLIB=/root/Downloads/gcx-v-2/depends/x86_64-apple-darwin11/native/bin/x86_64-apple-darwin11-ranlib
|   ac_cv_path_ac_pt_RANLIB=${RANLIB}
| fi
| 
| if test -n "/root/Downloads/gcx-v-2/depends/x86_64-apple-darwin11/native/bin/x86_64-apple-darwin11-nm"; then
|   NM=/root/Downloads/gcx-v-2/depends/x86_64-apple-darwin11/native/bin/x86_64-apple-darwin11-nm
|   ac_cv_path_ac_pt_NM=${NM}
| fi
| 
| if test -n ""; then
|   enable_reduce_exports=no
| fi
| 
| if test -n "-pipe -O2"; then
|   CFLAGS="-pipe -O2 $CFLAGS"
| fi
| if test -n "-pipe -O2"; then
|   CXXFLAGS="-pipe -O2 $CXXFLAGS"
| fi
| if test -n ""; then
|   CPPFLAGS=" $CPPFLAGS"
| fi
| if test -n ""; then
|   LDFLAGS=" $LDFLAGS"
| fi
configure:2966: checking build system type
configure:2980: result: x86_64-pc-linux-gnu
configure:3000: checking host system type
configure:3013: result: x86_64-apple-darwin11
configure:3056: checking for a BSD-compatible install
configure:3124: result: /usr/bin/install -c
configure:3135: checking whether build environment is sane
configure:3190: result: yes
configure:3249: checking for x86_64-apple-darwin11-strip
configure:3265: found /root/Downloads/gcx-v-2/depends/x86_64-apple-darwin11/share/../native/bin/x86_64-apple-darwin11-strip
configure:3276: result: x86_64-apple-darwin11-strip
configure:3341: checking for a thread-safe mkdir -p
configure:3380: result: /bin/mkdir -p
configure:3387: checking for gawk
configure:3403: found /usr/bin/gawk
configure:3414: result: gawk
configure:3425: checking whether make sets $(MAKE)
configure:3447: result: yes
configure:3476: checking whether make supports nested variables
configure:3493: result: yes
configure:3612: checking whether to enable maintainer-specific portions of Makefiles
configure:3621: result: yes
configure:3646: checking whether make supports nested variables
configure:3663: result: yes
configure:3792: checking for C++ compiler version
configure:3801: /root/Downloads/gcx-v-2/depends/x86_64-apple-darwin11/native/bin/clang++ -target x86_64-apple-darwin11 -mmacosx-version-min=10.8 --sysroot /root/Downloads/gcx-v-2/depends/SDKs/MacOSX10.11.sdk -mlinker-version=253.9 -stdlib=libc++ --version >&5
clang version 3.7.1 (tags/RELEASE_371/final)
Target: x86_64-apple-darwin11
Thread model: posix
configure:3812: $? = 0
configure:3801: /root/Downloads/gcx-v-2/depends/x86_64-apple-darwin11/native/bin/clang++ -target x86_64-apple-darwin11 -mmacosx-version-min=10.8 --sysroot /root/Downloads/gcx-v-2/depends/SDKs/MacOSX10.11.sdk -mlinker-version=253.9 -stdlib=libc++ -v >&5
clang version 3.7.1 (tags/RELEASE_371/final)
Target: x86_64-apple-darwin11
Thread model: posix
clang: warning: argument unused during compilation: '-mmacosx-version-min=10.8'
clang: warning: argument unused during compilation: '-mlinker-version=253.9'
clang: warning: argument unused during compilation: '-stdlib=libc++'
configure:3812: $? = 0
configure:3801: /root/Downloads/gcx-v-2/depends/x86_64-apple-darwin11/native/bin/clang++ -target x86_64-apple-darwin11 -mmacosx-version-min=10.8 --sysroot /root/Downloads/gcx-v-2/depends/SDKs/MacOSX10.11.sdk -mlinker-version=253.9 -stdlib=libc++ -V >&5
clang: error: argument to '-V' is missing (expected 1 value)
clang: error: no input files
configure:3812: $? = 1
configure:3801: /root/Downloads/gcx-v-2/depends/x86_64-apple-darwin11/native/bin/clang++ -target x86_64-apple-darwin11 -mmacosx-version-min=10.8 --sysroot /root/Downloads/gcx-v-2/depends/SDKs/MacOSX10.11.sdk -mlinker-version=253.9 -stdlib=libc++ -qversion >&5
clang: error: unknown argument: '-qversion'
clang: error: no input files
configure:3812: $? = 1
configure:3832: checking whether the C++ compiler works
configure:3854: /root/Downloads/gcx-v-2/depends/x86_64-apple-darwin11/native/bin/clang++ -target x86_64-apple-darwin11 -mmacosx-version-min=10.8 --sysroot /root/Downloads/gcx-v-2/depends/SDKs/MacOSX10.11.sdk -mlinker-version=253.9 -stdlib=libc++ -pipe -O2  -I/root/Downloads/gcx-v-2/depends/x86_64-apple-darwin11/share/../include/  -L/root/Downloads/gcx-v-2/depends/x86_64-apple-darwin11/share/../lib  conftest.cpp  >&5
configure:3858: $? = 0
configure:3906: result: yes
configure:3909: checking for C++ compiler default output file name
configure:3911: result: a.out
configure:3917: checking for suffix of executables
configure:3924: /root/Downloads/gcx-v-2/depends/x86_64-apple-darwin11/native/bin/clang++ -target x86_64-apple-darwin11 -mmacosx-version-min=10.8 --sysroot /root/Downloads/gcx-v-2/depends/SDKs/MacOSX10.11.sdk -mlinker-version=253.9 -stdlib=libc++ -o conftest -pipe -O2  -I/root/Downloads/gcx-v-2/depends/x86_64-apple-darwin11/share/../include/  -L/root/Downloads/gcx-v-2/depends/x86_64-apple-darwin11/share/../lib  conftest.cpp  >&5
configure:3928: $? = 0
configure:3950: result: 
configure:3972: checking whether we are cross compiling
configure:3980: /root/Downloads/gcx-v-2/depends/x86_64-apple-darwin11/native/bin/clang++ -target x86_64-apple-darwin11 -mmacosx-version-min=10.8 --sysroot /root/Downloads/gcx-v-2/depends/SDKs/MacOSX10.11.sdk -mlinker-version=253.9 -stdlib=libc++ -o conftest -pipe -O2  -I/root/Downloads/gcx-v-2/depends/x86_64-apple-darwin11/share/../include/  -L/root/Downloads/gcx-v-2/depends/x86_64-apple-darwin11/share/../lib  conftest.cpp  >&5
configure:3984: $? = 0
configure:3991: ./conftest
./configure: line 3993: ./conftest: cannot execute binary file: Exec format error
configure:3995: $? = 126
configure:4010: result: yes
configure:4015: checking for suffix of object files
configure:4037: /root/Downloads/gcx-v-2/depends/x86_64-apple-darwin11/native/bin/clang++ -target x86_64-apple-darwin11 -mmacosx-version-min=10.8 --sysroot /root/Downloads/gcx-v-2/depends/SDKs/MacOSX10.11.sdk -mlinker-version=253.9 -stdlib=libc++ -c -pipe -O2  -I/root/Downloads/gcx-v-2/depends/x86_64-apple-darwin11/share/../include/  conftest.cpp >&5
configure:4041: $? = 0
configure:4062: result: o
configure:4066: checking whether we are using the GNU C++ compiler
configure:4085: /root/Downloads/gcx-v-2/depends/x86_64-apple-darwin11/native/bin/clang++ -target x86_64-apple-darwin11 -mmacosx-version-min=10.8 --sysroot /root/Downloads/gcx-v-2/depends/SDKs/MacOSX10.11.sdk -mlinker-version=253.9 -stdlib=libc++ -c -pipe -O2  -I/root/Downloads/gcx-v-2/depends/x86_64-apple-darwin11/share/../include/  conftest.cpp >&5
configure:4085: $? = 0
configure:4094: result: yes
configure:4103: checking whether /root/Downloads/gcx-v-2/depends/x86_64-apple-darwin11/native/bin/clang++ -target x86_64-apple-darwin11 -mmacosx-version-min=10.8 --sysroot /root/Downloads/gcx-v-2/depends/SDKs/MacOSX10.11.sdk -mlinker-version=253.9 -stdlib=libc++ accepts -g
configure:4123: /root/Downloads/gcx-v-2/depends/x86_64-apple-darwin11/native/bin/clang++ -target x86_64-apple-darwin11 -mmacosx-version-min=10.8 --sysroot /root/Downloads/gcx-v-2/depends/SDKs/MacOSX10.11.sdk -mlinker-version=253.9 -stdlib=libc++ -c -g -I/root/Downloads/gcx-v-2/depends/x86_64-apple-darwin11/share/../include/  conftest.cpp >&5
configure:4123: $? = 0
configure:4164: result: yes
configure:4198: checking for style of include used by make
configure:4226: result: GNU
configure:4252: checking dependency style of /root/Downloads/gcx-v-2/depends/x86_64-apple-darwin11/native/bin/clang++ -target x86_64-apple-darwin11 -mmacosx-version-min=10.8 --sysroot /root/Downloads/gcx-v-2/depends/SDKs/MacOSX10.11.sdk -mlinker-version=253.9 -stdlib=libc++
configure:4363: result: gcc3
configure:4392: checking whether /root/Downloads/gcx-v-2/depends/x86_64-apple-darwin11/native/bin/clang++ -target x86_64-apple-darwin11 -mmacosx-version-min=10.8 --sysroot /root/Downloads/gcx-v-2/depends/SDKs/MacOSX10.11.sdk -mlinker-version=253.9 -stdlib=libc++ supports C++11 features by default
configure:4686: /root/Downloads/gcx-v-2/depends/x86_64-apple-darwin11/native/bin/clang++ -target x86_64-apple-darwin11 -mmacosx-version-min=10.8 --sysroot /root/Downloads/gcx-v-2/depends/SDKs/MacOSX10.11.sdk -mlinker-version=253.9 -stdlib=libc++ -c -pipe -O2  -I/root/Downloads/gcx-v-2/depends/x86_64-apple-darwin11/share/../include/  conftest.cpp >&5
conftest.cpp:20:2: error: "This is not a C++11 compiler"
#error "This is not a C++11 compiler"
 ^
1 error generated.
configure:4686: $? = 1
configure: failed program was:
| /* confdefs.h */
| #define PACKAGE_NAME "GCX Core"
| #define PACKAGE_TARNAME "gcx"
| #define PACKAGE_VERSION "2.0.0"
| #define PACKAGE_STRING "GCX Core 2.0.0"
| #define PACKAGE_BUGREPORT "www.gcx.org"
| #define PACKAGE_URL ""
| /* end confdefs.h.  */
| 
| 
| // If the compiler admits that it is not ready for C++11, why torture it?
| // Hopefully, this will speed up the test.
| 
| #ifndef __cplusplus
| 
| #error "This is not a C++ compiler"
| 
| #elif __cplusplus < 201103L
| 
| #error "This is not a C++11 compiler"
| 
| #else
| 
| namespace cxx11
| {
| 
|   namespace test_static_assert
|   {
| 
|     template <typename T>
|     struct check
|     {
|       static_assert(sizeof(int) <= sizeof(T), "not big enough");
|     };
| 
|   }
| 
|   namespace test_final_override
|   {
| 
|     struct Base
|     {
|       virtual void f() {}
|     };
| 
|     struct Derived : public Base
|     {
|       virtual void f() override {}
|     };
| 
|   }
| 
|   namespace test_double_right_angle_brackets
|   {
| 
|     template < typename T >
|     struct check {};
| 
|     typedef check<void> single_type;
|     typedef check<check<void>> double_type;
|     typedef check<check<check<void>>> triple_type;
|     typedef check<check<check<check<void>>>> quadruple_type;
| 
|   }
| 
|   namespace test_decltype
|   {
| 
|     int
|     f()
|     {
|       int a = 1;
|       decltype(a) b = 2;
|       return a + b;
|     }
| 
|   }
| 
|   namespace test_type_deduction
|   {
| 
|     template < typename T1, typename T2 >
|     struct is_same
|     {
|       static const bool value = false;
|     };
| 
|     template < typename T >
|     struct is_same<T, T>
|     {
|       static const bool value = true;
|     };
| 
|     template < typename T1, typename T2 >
|     auto
|     add(T1 a1, T2 a2) -> decltype(a1 + a2)
|     {
|       return a1 + a2;
|     }
| 
|     int
|     test(const int c, volatile int v)
|     {
|       static_assert(is_same<int, decltype(0)>::value == true, "");
|       static_assert(is_same<int, decltype(c)>::value == false, "");
|       static_assert(is_same<int, decltype(v)>::value == false, "");
|       auto ac = c;
|       auto av = v;
|       auto sumi = ac + av + 'x';
|       auto sumf = ac + av + 1.0;
|       static_assert(is_same<int, decltype(ac)>::value == true, "");
|       static_assert(is_same<int, decltype(av)>::value == true, "");
|       static_assert(is_same<int, decltype(sumi)>::value == true, "");
|       static_assert(is_same<int, decltype(sumf)>::value == false, "");
|       static_assert(is_same<int, decltype(add(c, v))>::value == true, "");
|       return (sumf > 0.0) ? sumi : add(c, v);
|     }
| 
|   }
| 
|   namespace test_noexcept
|   {
| 
|     int f() { return 0; }
|     int g() noexcept { return 0; }
| 
|     static_assert(noexcept(f()) == false, "");
|     static_assert(noexcept(g()) == true, "");
| 
|   }
| 
|   namespace test_constexpr
|   {
| 
|     template < typename CharT >
|     unsigned long constexpr
|     strlen_c_r(const CharT *const s, const unsigned long acc) noexcept
|     {
|       return *s ? strlen_c_r(s + 1, acc + 1) : acc;
|     }
| 
|     template < typename CharT >
|     unsigned long constexpr
|     strlen_c(const CharT *const s) noexcept
|     {
|       return strlen_c_r(s, 0UL);
|     }
| 
|     static_assert(strlen_c("") == 0UL, "");
|     static_assert(strlen_c("1") == 1UL, "");
|     static_assert(strlen_c("example") == 7UL, "");
|     static_assert(strlen_c("another\0example") == 7UL, "");
| 
|   }
| 
|   namespace test_rvalue_references
|   {
| 
|     template < int N >
|     struct answer
|     {
|       static constexpr int value = N;
|     };
| 
|     answer<1> f(int&)       { return answer<1>(); }
|     answer<2> f(const int&) { return answer<2>(); }
|     answer<3> f(int&&)      { return answer<3>(); }
| 
|     void
|     test()
|     {
|       int i = 0;
|       const int c = 0;
|       static_assert(decltype(f(i))::value == 1, "");
|       static_assert(decltype(f(c))::value == 2, "");
|       static_assert(decltype(f(0))::value == 3, "");
|     }
| 
|   }
| 
|   namespace test_uniform_initialization
|   {
| 
|     struct test
|     {
|       static const int zero {};
|       static const int one {1};
|     };
| 
|     static_assert(test::zero == 0, "");
|     static_assert(test::one == 1, "");
| 
|   }
| 
|   namespace test_lambdas
|   {
| 
|     void
|     test1()
|     {
|       auto lambda1 = [](){};
|       auto lambda2 = lambda1;
|       lambda1();
|       lambda2();
|     }
| 
|     int
|     test2()
|     {
|       auto a = [](int i, int j){ return i + j; }(1, 2);
|       auto b = []() -> int { return '0'; }();
|       auto c = [=](){ return a + b; }();
|       auto d = [&](){ return c; }();
|       auto e = [a, &b](int x) mutable {
|         const auto identity = [](int y){ return y; };
|         for (auto i = 0; i < a; ++i)
|           a += b--;
|         return x + identity(a + b);
|       }(0);
|       return a + b + c + d + e;
|     }
| 
|     int
|     test3()
|     {
|       const auto nullary = [](){ return 0; };
|       const auto unary = [](int x){ return x; };
|       using nullary_t = decltype(nullary);
|       using unary_t = decltype(unary);
|       const auto higher1st = [](nullary_t f){ return f(); };
|       const auto higher2nd = [unary](nullary_t f1){
|         return [unary, f1](unary_t f2){ return f2(unary(f1())); };
|       };
|       return higher1st(nullary) + higher2nd(nullary)(unary);
|     }
| 
|   }
| 
|   namespace test_variadic_templates
|   {
| 
|     template <int...>
|     struct sum;
| 
|     template <int N0, int... N1toN>
|     struct sum<N0, N1toN...>
|     {
|       static constexpr auto value = N0 + sum<N1toN...>::value;
|     };
| 
|     template <>
|     struct sum<>
|     {
|       static constexpr auto value = 0;
|     };
| 
|     static_assert(sum<>::value == 0, "");
|     static_assert(sum<1>::value == 1, "");
|     static_assert(sum<23>::value == 23, "");
|     static_assert(sum<1, 2>::value == 3, "");
|     static_assert(sum<5, 5, 11>::value == 21, "");
|     static_assert(sum<2, 3, 5, 7, 11, 13>::value == 41, "");
| 
|   }
| 
|   // http://stackoverflow.com/questions/13728184/template-aliases-and-sfinae
|   // Clang 3.1 fails with headers of libstd++ 4.8.3 when using std::function
|   // because of this.
|   namespace test_template_alias_sfinae
|   {
| 
|     struct foo {};
| 
|     template<typename T>
|     using member = typename T::member_type;
| 
|     template<typename T>
|     void func(...) {}
| 
|     template<typename T>
|     void func(member<T>*) {}
| 
|     void test();
| 
|     void test() { func<foo>(0); }
| 
|   }
| 
| }  // namespace cxx11
| 
| #endif  // __cplusplus >= 201103L
| 
| 
| 
configure:4693: result: no
configure:4704: checking whether /root/Downloads/gcx-v-2/depends/x86_64-apple-darwin11/native/bin/clang++ -target x86_64-apple-darwin11 -mmacosx-version-min=10.8 --sysroot /root/Downloads/gcx-v-2/depends/SDKs/MacOSX10.11.sdk -mlinker-version=253.9 -stdlib=libc++ supports C++11 features with -std=c++11
configure:5000: /root/Downloads/gcx-v-2/depends/x86_64-apple-darwin11/native/bin/clang++ -target x86_64-apple-darwin11 -mmacosx-version-min=10.8 --sysroot /root/Downloads/gcx-v-2/depends/SDKs/MacOSX10.11.sdk -mlinker-version=253.9 -stdlib=libc++ -std=c++11 -c -pipe -O2  -I/root/Downloads/gcx-v-2/depends/x86_64-apple-darwin11/share/../include/  conftest.cpp >&5
configure:5000: $? = 0
configure:5009: result: yes
configure:5059: checking for x86_64-apple-darwin11-g++
configure:5086: result: /root/Downloads/gcx-v-2/depends/x86_64-apple-darwin11/native/bin/clang++ -target x86_64-apple-darwin11 -mmacosx-version-min=10.8 --sysroot /root/Downloads/gcx-v-2/depends/SDKs/MacOSX10.11.sdk -mlinker-version=253.9 -stdlib=libc++ -std=c++11
configure:5155: checking for Objective C++ compiler version
configure:5164: /root/Downloads/gcx-v-2/depends/x86_64-apple-darwin11/native/bin/clang++ -target x86_64-apple-darwin11 -mmacosx-version-min=10.8 --sysroot /root/Downloads/gcx-v-2/depends/SDKs/MacOSX10.11.sdk -mlinker-version=253.9 -stdlib=libc++ -std=c++11 --version >&5
clang version 3.7.1 (tags/RELEASE_371/final)
Target: x86_64-apple-darwin11
Thread model: posix
configure:5175: $? = 0
configure:5164: /root/Downloads/gcx-v-2/depends/x86_64-apple-darwin11/native/bin/clang++ -target x86_64-apple-darwin11 -mmacosx-version-min=10.8 --sysroot /root/Downloads/gcx-v-2/depends/SDKs/MacOSX10.11.sdk -mlinker-version=253.9 -stdlib=libc++ -std=c++11 -v >&5
clang version 3.7.1 (tags/RELEASE_371/final)
Target: x86_64-apple-darwin11
Thread model: posix
clang: warning: argument unused during compilation: '-mmacosx-version-min=10.8'
clang: warning: argument unused during compilation: '-mlinker-version=253.9'
clang: warning: argument unused during compilation: '-stdlib=libc++'
clang: warning: argument unused during compilation: '-std=c++11'
configure:5175: $? = 0
configure:5164: /root/Downloads/gcx-v-2/depends/x86_64-apple-darwin11/native/bin/clang++ -target x86_64-apple-darwin11 -mmacosx-version-min=10.8 --sysroot /root/Downloads/gcx-v-2/depends/SDKs/MacOSX10.11.sdk -mlinker-version=253.9 -stdlib=libc++ -std=c++11 -V >&5
clang: error: argument to '-V' is missing (expected 1 value)
clang: error: no input files
configure:5175: $? = 1
configure:5164: /root/Downloads/gcx-v-2/depends/x86_64-apple-darwin11/native/bin/clang++ -target x86_64-apple-darwin11 -mmacosx-version-min=10.8 --sysroot /root/Downloads/gcx-v-2/depends/SDKs/MacOSX10.11.sdk -mlinker-version=253.9 -stdlib=libc++ -std=c++11 -qversion >&5
clang: error: unknown argument: '-qversion'
clang: error: no input files
configure:5175: $? = 1
configure:5179: checking whether we are using the GNU Objective C++ compiler
configure:5198: /root/Downloads/gcx-v-2/depends/x86_64-apple-darwin11/native/bin/clang++ -target x86_64-apple-darwin11 -mmacosx-version-min=10.8 --sysroot /root/Downloads/gcx-v-2/depends/SDKs/MacOSX10.11.sdk -mlinker-version=253.9 -stdlib=libc++ -std=c++11 -c  -I/root/Downloads/gcx-v-2/depends/x86_64-apple-darwin11/share/../include/  conftest.mm >&5
configure:5198: $? = 0
configure:5207: result: yes
configure:5216: checking whether /root/Downloads/gcx-v-2/depends/x86_64-apple-darwin11/native/bin/clang++ -target x86_64-apple-darwin11 -mmacosx-version-min=10.8 --sysroot /root/Downloads/gcx-v-2/depends/SDKs/MacOSX10.11.sdk -mlinker-version=253.9 -stdlib=libc++ -std=c++11 accepts -g
configure:5236: /root/Downloads/gcx-v-2/depends/x86_64-apple-darwin11/native/bin/clang++ -target x86_64-apple-darwin11 -mmacosx-version-min=10.8 --sysroot /root/Downloads/gcx-v-2/depends/SDKs/MacOSX10.11.sdk -mlinker-version=253.9 -stdlib=libc++ -std=c++11 -c -g -I/root/Downloads/gcx-v-2/depends/x86_64-apple-darwin11/share/../include/  conftest.mm >&5
configure:5236: $? = 0
configure:5277: result: yes
configure:5302: checking dependency style of /root/Downloads/gcx-v-2/depends/x86_64-apple-darwin11/native/bin/clang++ -target x86_64-apple-darwin11 -mmacosx-version-min=10.8 --sysroot /root/Downloads/gcx-v-2/depends/SDKs/MacOSX10.11.sdk -mlinker-version=253.9 -stdlib=libc++ -std=c++11
configure:5411: result: gcc3
configure:5474: checking how to print strings
configure:5501: result: printf
configure:5530: checking for x86_64-apple-darwin11-gcc
configure:5557: result: /root/Downloads/gcx-v-2/depends/x86_64-apple-darwin11/native/bin/clang -target x86_64-apple-darwin11 -mmacosx-version-min=10.8 --sysroot /root/Downloads/gcx-v-2/depends/SDKs/MacOSX10.11.sdk -mlinker-version=253.9
configure:5826: checking for C compiler version
configure:5835: /root/Downloads/gcx-v-2/depends/x86_64-apple-darwin11/native/bin/clang -target x86_64-apple-darwin11 -mmacosx-version-min=10.8 --sysroot /root/Downloads/gcx-v-2/depends/SDKs/MacOSX10.11.sdk -mlinker-version=253.9 --version >&5
clang version 3.7.1 (tags/RELEASE_371/final)
Target: x86_64-apple-darwin11
Thread model: posix
configure:5846: $? = 0
configure:5835: /root/Downloads/gcx-v-2/depends/x86_64-apple-darwin11/native/bin/clang -target x86_64-apple-darwin11 -mmacosx-version-min=10.8 --sysroot /root/Downloads/gcx-v-2/depends/SDKs/MacOSX10.11.sdk -mlinker-version=253.9 -v >&5
clang version 3.7.1 (tags/RELEASE_371/final)
Target: x86_64-apple-darwin11
Thread model: posix
clang: warning: argument unused during compilation: '-mmacosx-version-min=10.8'
clang: warning: argument unused during compilation: '-mlinker-version=253.9'
configure:5846: $? = 0
configure:5835: /root/Downloads/gcx-v-2/depends/x86_64-apple-darwin11/native/bin/clang -target x86_64-apple-darwin11 -mmacosx-version-min=10.8 --sysroot /root/Downloads/gcx-v-2/depends/SDKs/MacOSX10.11.sdk -mlinker-version=253.9 -V >&5
clang: error: argument to '-V' is missing (expected 1 value)
clang: error: no input files
configure:5846: $? = 1
configure:5835: /root/Downloads/gcx-v-2/depends/x86_64-apple-darwin11/native/bin/clang -target x86_64-apple-darwin11 -mmacosx-version-min=10.8 --sysroot /root/Downloads/gcx-v-2/depends/SDKs/MacOSX10.11.sdk -mlinker-version=253.9 -qversion >&5
clang: error: unknown argument: '-qversion'
clang: error: no input files
configure:5846: $? = 1
configure:5850: checking whether we are using the GNU C compiler
configure:5869: /root/Downloads/gcx-v-2/depends/x86_64-apple-darwin11/native/bin/clang -target x86_64-apple-darwin11 -mmacosx-version-min=10.8 --sysroot /root/Downloads/gcx-v-2/depends/SDKs/MacOSX10.11.sdk -mlinker-version=253.9 -c -pipe -O2  -I/root/Downloads/gcx-v-2/depends/x86_64-apple-darwin11/share/../include/  conftest.c >&5
configure:5869: $? = 0
configure:5878: result: yes
configure:5887: checking whether /root/Downloads/gcx-v-2/depends/x86_64-apple-darwin11/native/bin/clang -target x86_64-apple-darwin11 -mmacosx-version-min=10.8 --sysroot /root/Downloads/gcx-v-2/depends/SDKs/MacOSX10.11.sdk -mlinker-version=253.9 accepts -g
configure:5907: /root/Downloads/gcx-v-2/depends/x86_64-apple-darwin11/native/bin/clang -target x86_64-apple-darwin11 -mmacosx-version-min=10.8 --sysroot /root/Downloads/gcx-v-2/depends/SDKs/MacOSX10.11.sdk -mlinker-version=253.9 -c -g -I/root/Downloads/gcx-v-2/depends/x86_64-apple-darwin11/share/../include/  conftest.c >&5
configure:5907: $? = 0
configure:5948: result: yes
configure:5965: checking for /root/Downloads/gcx-v-2/depends/x86_64-apple-darwin11/native/bin/clang -target x86_64-apple-darwin11 -mmacosx-version-min=10.8 --sysroot /root/Downloads/gcx-v-2/depends/SDKs/MacOSX10.11.sdk -mlinker-version=253.9 option to accept ISO C89
configure:6028: /root/Downloads/gcx-v-2/depends/x86_64-apple-darwin11/native/bin/clang -target x86_64-apple-darwin11 -mmacosx-version-min=10.8 --sysroot /root/Downloads/gcx-v-2/depends/SDKs/MacOSX10.11.sdk -mlinker-version=253.9  -c -pipe -O2  -I/root/Downloads/gcx-v-2/depends/x86_64-apple-darwin11/share/../include/  conftest.c >&5
configure:6028: $? = 0
configure:6041: result: none needed
configure:6066: checking whether /root/Downloads/gcx-v-2/depends/x86_64-apple-darwin11/native/bin/clang -target x86_64-apple-darwin11 -mmacosx-version-min=10.8 --sysroot /root/Downloads/gcx-v-2/depends/SDKs/MacOSX10.11.sdk -mlinker-version=253.9 understands -c and -o together
configure:6088: /root/Downloads/gcx-v-2/depends/x86_64-apple-darwin11/native/bin/clang -target x86_64-apple-darwin11 -mmacosx-version-min=10.8 --sysroot /root/Downloads/gcx-v-2/depends/SDKs/MacOSX10.11.sdk -mlinker-version=253.9 -c conftest.c -o conftest2.o
configure:6091: $? = 0
configure:6088: /root/Downloads/gcx-v-2/depends/x86_64-apple-darwin11/native/bin/clang -target x86_64-apple-darwin11 -mmacosx-version-min=10.8 --sysroot /root/Downloads/gcx-v-2/depends/SDKs/MacOSX10.11.sdk -mlinker-version=253.9 -c conftest.c -o conftest2.o
configure:6091: $? = 0
configure:6103: result: yes
configure:6122: checking dependency style of /root/Downloads/gcx-v-2/depends/x86_64-apple-darwin11/native/bin/clang -target x86_64-apple-darwin11 -mmacosx-version-min=10.8 --sysroot /root/Downloads/gcx-v-2/depends/SDKs/MacOSX10.11.sdk -mlinker-version=253.9
configure:6233: result: gcc3
configure:6248: checking for a sed that does not truncate output
configure:6312: result: /bin/sed
configure:6330: checking for grep that handles long lines and -e
configure:6388: result: /bin/grep
configure:6393: checking for egrep
configure:6455: result: /bin/grep -E
configure:6460: checking for fgrep
configure:6522: result: /bin/grep -F
configure:6557: checking for ld used by /root/Downloads/gcx-v-2/depends/x86_64-apple-darwin11/native/bin/clang -target x86_64-apple-darwin11 -mmacosx-version-min=10.8 --sysroot /root/Downloads/gcx-v-2/depends/SDKs/MacOSX10.11.sdk -mlinker-version=253.9
configure:6624: result: /root/Downloads/gcx-v-2/depends/x86_64-apple-darwin11/native/bin/x86_64-apple-darwin11-ld
configure:6631: checking if the linker (/root/Downloads/gcx-v-2/depends/x86_64-apple-darwin11/native/bin/x86_64-apple-darwin11-ld) is GNU ld
configure:6646: result: no
configure:6658: checking for BSD- or MS-compatible name lister (nm)
configure:6712: result: /root/Downloads/gcx-v-2/depends/x86_64-apple-darwin11/native/bin/x86_64-apple-darwin11-nm
configure:6842: checking the name lister (/root/Downloads/gcx-v-2/depends/x86_64-apple-darwin11/native/bin/x86_64-apple-darwin11-nm) interface
configure:6849: /root/Downloads/gcx-v-2/depends/x86_64-apple-darwin11/native/bin/clang -target x86_64-apple-darwin11 -mmacosx-version-min=10.8 --sysroot /root/Downloads/gcx-v-2/depends/SDKs/MacOSX10.11.sdk -mlinker-version=253.9 -c -pipe -O2  -I/root/Downloads/gcx-v-2/depends/x86_64-apple-darwin11/share/../include/  conftest.c >&5
configure:6852: /root/Downloads/gcx-v-2/depends/x86_64-apple-darwin11/native/bin/x86_64-apple-darwin11-nm "conftest.o"
configure:6855: output
0000000000000000 S _some_variable
configure:6862: result: BSD nm
configure:6865: checking whether ln -s works
configure:6869: result: yes
configure:6877: checking the maximum length of command line arguments
configure:7008: result: 1572864
configure:7056: checking how to convert x86_64-pc-linux-gnu file names to x86_64-apple-darwin11 format
configure:7096: result: func_convert_file_noop
configure:7103: checking how to convert x86_64-pc-linux-gnu file names to toolchain format
configure:7123: result: func_convert_file_noop
configure:7130: checking for /root/Downloads/gcx-v-2/depends/x86_64-apple-darwin11/native/bin/x86_64-apple-darwin11-ld option to reload object files
configure:7137: result: -r
configure:7171: checking for x86_64-apple-darwin11-objdump
configure:7201: result: no
configure:7211: checking for objdump
configure:7227: found /usr/bin/objdump
configure:7238: result: objdump
configure:7250: WARNING: using cross tools not prefixed with host triplet
configure:7270: checking how to recognize dependent libraries
configure:7470: result: pass_all
configure:7515: checking for x86_64-apple-darwin11-dlltool
configure:7545: result: no
configure:7555: checking for dlltool
configure:7585: result: no
configure:7615: checking how to associate runtime and link libraries
configure:7642: result: printf %s\n
configure:7659: checking for x86_64-apple-darwin11-ar
configure:7686: result: /root/Downloads/gcx-v-2/depends/x86_64-apple-darwin11/native/bin/x86_64-apple-darwin11-ar
configure:7767: checking for archiver @FILE support
configure:7784: /root/Downloads/gcx-v-2/depends/x86_64-apple-darwin11/native/bin/clang -target x86_64-apple-darwin11 -mmacosx-version-min=10.8 --sysroot /root/Downloads/gcx-v-2/depends/SDKs/MacOSX10.11.sdk -mlinker-version=253.9 -c -pipe -O2  -I/root/Downloads/gcx-v-2/depends/x86_64-apple-darwin11/share/../include/  conftest.c >&5
configure:7784: $? = 0
configure:7787: /root/Downloads/gcx-v-2/depends/x86_64-apple-darwin11/native/bin/x86_64-apple-darwin11-ar cru libconftest.a @conftest.lst >&5
x86_64-apple-darwin11-ar: @conftest.lst: No such file or directory
configure:7790: $? = 1
configure:7810: result: no
configure:7828: checking for x86_64-apple-darwin11-strip
configure:7855: result: x86_64-apple-darwin11-strip
configure:7927: checking for x86_64-apple-darwin11-ranlib
configure:7954: result: /root/Downloads/gcx-v-2/depends/x86_64-apple-darwin11/native/bin/x86_64-apple-darwin11-ranlib
configure:8096: checking command to parse /root/Downloads/gcx-v-2/depends/x86_64-apple-darwin11/native/bin/x86_64-apple-darwin11-nm output from /root/Downloads/gcx-v-2/depends/x86_64-apple-darwin11/native/bin/clang -target x86_64-apple-darwin11 -mmacosx-version-min=10.8 --sysroot /root/Downloads/gcx-v-2/depends/SDKs/MacOSX10.11.sdk -mlinker-version=253.9 object
configure:8249: /root/Downloads/gcx-v-2/depends/x86_64-apple-darwin11/native/bin/clang -target x86_64-apple-darwin11 -mmacosx-version-min=10.8 --sysroot /root/Downloads/gcx-v-2/depends/SDKs/MacOSX10.11.sdk -mlinker-version=253.9 -c -pipe -O2  -I/root/Downloads/gcx-v-2/depends/x86_64-apple-darwin11/share/../include/  conftest.c >&5
configure:8252: $? = 0
configure:8256: /root/Downloads/gcx-v-2/depends/x86_64-apple-darwin11/native/bin/x86_64-apple-darwin11-nm conftest.o \| sed -n -e 's/^.*[ ]\([BCDEGRST][BCDEGRST]*\)[ ][ ]*\([_A-Za-z][_A-Za-z0-9]*\)$/\1 \2 \2/p' | sed '/ __gnu_lto/d' \> conftest.nm
configure:8259: $? = 0
cannot find nm_test_var in conftest.nm
configure:8249: /root/Downloads/gcx-v-2/depends/x86_64-apple-darwin11/native/bin/clang -target x86_64-apple-darwin11 -mmacosx-version-min=10.8 --sysroot /root/Downloads/gcx-v-2/depends/SDKs/MacOSX10.11.sdk -mlinker-version=253.9 -c -pipe -O2  -I/root/Downloads/gcx-v-2/depends/x86_64-apple-darwin11/share/../include/  conftest.c >&5
configure:8252: $? = 0
configure:8256: /root/Downloads/gcx-v-2/depends/x86_64-apple-darwin11/native/bin/x86_64-apple-darwin11-nm conftest.o \| sed -n -e 's/^.*[ ]\([BCDEGRST][BCDEGRST]*\)[ ][ ]*_\([_A-Za-z][_A-Za-z0-9]*\)$/\1 _\2 \2/p' | sed '/ __gnu_lto/d' \> conftest.nm
configure:8259: $? = 0
configure:8325: /root/Downloads/gcx-v-2/depends/x86_64-apple-darwin11/native/bin/clang -target x86_64-apple-darwin11 -mmacosx-version-min=10.8 --sysroot /root/Downloads/gcx-v-2/depends/SDKs/MacOSX10.11.sdk -mlinker-version=253.9 -o conftest -pipe -O2  -I/root/Downloads/gcx-v-2/depends/x86_64-apple-darwin11/share/../include/  -L/root/Downloads/gcx-v-2/depends/x86_64-apple-darwin11/share/../lib  conftest.c conftstm.o >&5
configure:8328: $? = 0
configure:8366: result: ok
configure:8413: checking for sysroot
configure:8443: result: no
configure:8450: checking for a working dd
configure:8488: result: /bin/dd
configure:8492: checking how to truncate binary pipes
configure:8507: result: /bin/dd bs=4096 count=1
configure:8796: checking for x86_64-apple-darwin11-mt
configure:8826: result: no
configure:8836: checking for mt
configure:8852: found /bin/mt
configure:8863: result: mt
configure:8886: checking if mt is a manifest tool
configure:8892: mt '-?'
configure:8900: result: no
configure:8916: checking for x86_64-apple-darwin11-dsymutil
configure:8932: found /root/Downloads/gcx-v-2/depends/x86_64-apple-darwin11/share/../native/bin/x86_64-apple-darwin11-dsymutil
configure:8943: result: x86_64-apple-darwin11-dsymutil
configure:9008: checking for x86_64-apple-darwin11-nmedit
configure:9024: found /root/Downloads/gcx-v-2/depends/x86_64-apple-darwin11/share/../native/bin/x86_64-apple-darwin11-nmedit
configure:9035: result: x86_64-apple-darwin11-nmedit
configure:9100: checking for x86_64-apple-darwin11-lipo
configure:9116: found /root/Downloads/gcx-v-2/depends/x86_64-apple-darwin11/share/../native/bin/x86_64-apple-darwin11-lipo
configure:9127: result: x86_64-apple-darwin11-lipo
configure:9192: checking for x86_64-apple-darwin11-otool
configure:9208: found /root/Downloads/gcx-v-2/depends/x86_64-apple-darwin11/share/../native/bin/x86_64-apple-darwin11-otool
configure:9219: result: x86_64-apple-darwin11-otool
configure:9284: checking for x86_64-apple-darwin11-otool64
configure:9314: result: no
configure:9324: checking for otool64
configure:9354: result: no
configure:9399: checking for -single_module linker flag
/root/Downloads/gcx-v-2/depends/x86_64-apple-darwin11/native/bin/clang -target x86_64-apple-darwin11 -mmacosx-version-min=10.8 --sysroot /root/Downloads/gcx-v-2/depends/SDKs/MacOSX10.11.sdk -mlinker-version=253.9 -pipe -O2  -L/root/Downloads/gcx-v-2/depends/x86_64-apple-darwin11/share/../lib  -o libconftest.dylib -dynamiclib -Wl,-single_module conftest.c
configure:9432: result: yes
configure:9435: checking for -exported_symbols_list linker flag
configure:9455: /root/Downloads/gcx-v-2/depends/x86_64-apple-darwin11/native/bin/clang -target x86_64-apple-darwin11 -mmacosx-version-min=10.8 --sysroot /root/Downloads/gcx-v-2/depends/SDKs/MacOSX10.11.sdk -mlinker-version=253.9 -o conftest -pipe -O2  -I/root/Downloads/gcx-v-2/depends/x86_64-apple-darwin11/share/../include/  -L/root/Downloads/gcx-v-2/depends/x86_64-apple-darwin11/share/../lib  -Wl,-exported_symbols_list,conftest.sym conftest.c  >&5
configure:9455: $? = 0
configure:9465: result: yes
configure:9468: checking for -force_load linker flag
/root/Downloads/gcx-v-2/depends/x86_64-apple-darwin11/native/bin/clang -target x86_64-apple-darwin11 -mmacosx-version-min=10.8 --sysroot /root/Downloads/gcx-v-2/depends/SDKs/MacOSX10.11.sdk -mlinker-version=253.9 -pipe -O2  -c -o conftest.o conftest.c
/root/Downloads/gcx-v-2/depends/x86_64-apple-darwin11/native/bin/x86_64-apple-darwin11-ar cru libconftest.a conftest.o
/root/Downloads/gcx-v-2/depends/x86_64-apple-darwin11/native/bin/x86_64-apple-darwin11-ranlib libconftest.a
/root/Downloads/gcx-v-2/depends/x86_64-apple-darwin11/native/bin/clang -target x86_64-apple-darwin11 -mmacosx-version-min=10.8 --sysroot /root/Downloads/gcx-v-2/depends/SDKs/MacOSX10.11.sdk -mlinker-version=253.9 -pipe -O2  -L/root/Downloads/gcx-v-2/depends/x86_64-apple-darwin11/share/../lib  -o conftest conftest.c -Wl,-force_load,./libconftest.a
configure:9500: result: yes
configure:9577: checking how to run the C preprocessor
configure:9608: /root/Downloads/gcx-v-2/depends/x86_64-apple-darwin11/native/bin/clang -target x86_64-apple-darwin11 -mmacosx-version-min=10.8 --sysroot /root/Downloads/gcx-v-2/depends/SDKs/MacOSX10.11.sdk -mlinker-version=253.9 -E -I/root/Downloads/gcx-v-2/depends/x86_64-apple-darwin11/share/../include/  conftest.c
configure:9608: $? = 0
configure:9622: /root/Downloads/gcx-v-2/depends/x86_64-apple-darwin11/native/bin/clang -target x86_64-apple-darwin11 -mmacosx-version-min=10.8 --sysroot /root/Downloads/gcx-v-2/depends/SDKs/MacOSX10.11.sdk -mlinker-version=253.9 -E -I/root/Downloads/gcx-v-2/depends/x86_64-apple-darwin11/share/../include/  conftest.c
conftest.c:10:10: fatal error: 'ac_nonexistent.h' file not found
#include <ac_nonexistent.h>
         ^
1 error generated.
configure:9622: $? = 1
configure: failed program was:
| /* confdefs.h */
| #define PACKAGE_NAME "GCX Core"
| #define PACKAGE_TARNAME "gcx"
| #define PACKAGE_VERSION "2.0.0"
| #define PACKAGE_STRING "GCX Core 2.0.0"
| #define PACKAGE_BUGREPORT "www.gcx.org"
| #define PACKAGE_URL ""
| #define HAVE_CXX11 1
| /* end confdefs.h.  */
| #include <ac_nonexistent.h>
configure:9647: result: /root/Downloads/gcx-v-2/depends/x86_64-apple-darwin11/native/bin/clang -target x86_64-apple-darwin11 -mmacosx-version-min=10.8 --sysroot /root/Downloads/gcx-v-2/depends/SDKs/MacOSX10.11.sdk -mlinker-version=253.9 -E
configure:9667: /root/Downloads/gcx-v-2/depends/x86_64-apple-darwin11/native/bin/clang -target x86_64-apple-darwin11 -mmacosx-version-min=10.8 --sysroot /root/Downloads/gcx-v-2/depends/SDKs/MacOSX10.11.sdk -mlinker-version=253.9 -E -I/root/Downloads/gcx-v-2/depends/x86_64-apple-darwin11/share/../include/  conftest.c
configure:9667: $? = 0
configure:9681: /root/Downloads/gcx-v-2/depends/x86_64-apple-darwin11/native/bin/clang -target x86_64-apple-darwin11 -mmacosx-version-min=10.8 --sysroot /root/Downloads/gcx-v-2/depends/SDKs/MacOSX10.11.sdk -mlinker-version=253.9 -E -I/root/Downloads/gcx-v-2/depends/x86_64-apple-darwin11/share/../include/  conftest.c
conftest.c:10:10: fatal error: 'ac_nonexistent.h' file not found
#include <ac_nonexistent.h>
         ^
1 error generated.
configure:9681: $? = 1
configure: failed program was:
| /* confdefs.h */
| #define PACKAGE_NAME "GCX Core"
| #define PACKAGE_TARNAME "gcx"
| #define PACKAGE_VERSION "2.0.0"
| #define PACKAGE_STRING "GCX Core 2.0.0"
| #define PACKAGE_BUGREPORT "www.gcx.org"
| #define PACKAGE_URL ""
| #define HAVE_CXX11 1
| /* end confdefs.h.  */
| #include <ac_nonexistent.h>
configure:9710: checking for ANSI C header files
configure:9730: /root/Downloads/gcx-v-2/depends/x86_64-apple-darwin11/native/bin/clang -target x86_64-apple-darwin11 -mmacosx-version-min=10.8 --sysroot /root/Downloads/gcx-v-2/depends/SDKs/MacOSX10.11.sdk -mlinker-version=253.9 -c -pipe -O2  -I/root/Downloads/gcx-v-2/depends/x86_64-apple-darwin11/share/../include/  conftest.c >&5
configure:9730: $? = 0
configure:9814: result: yes
configure:9827: checking for sys/types.h
configure:9827: /root/Downloads/gcx-v-2/depends/x86_64-apple-darwin11/native/bin/clang -target x86_64-apple-darwin11 -mmacosx-version-min=10.8 --sysroot /root/Downloads/gcx-v-2/depends/SDKs/MacOSX10.11.sdk -mlinker-version=253.9 -c -pipe -O2  -I/root/Downloads/gcx-v-2/depends/x86_64-apple-darwin11/share/../include/  conftest.c >&5
configure:9827: $? = 0
configure:9827: result: yes
configure:9827: checking for sys/stat.h
configure:9827: /root/Downloads/gcx-v-2/depends/x86_64-apple-darwin11/native/bin/clang -target x86_64-apple-darwin11 -mmacosx-version-min=10.8 --sysroot /root/Downloads/gcx-v-2/depends/SDKs/MacOSX10.11.sdk -mlinker-version=253.9 -c -pipe -O2  -I/root/Downloads/gcx-v-2/depends/x86_64-apple-darwin11/share/../include/  conftest.c >&5
configure:9827: $? = 0
configure:9827: result: yes
configure:9827: checking for stdlib.h
configure:9827: /root/Downloads/gcx-v-2/depends/x86_64-apple-darwin11/native/bin/clang -target x86_64-apple-darwin11 -mmacosx-version-min=10.8 --sysroot /root/Downloads/gcx-v-2/depends/SDKs/MacOSX10.11.sdk -mlinker-version=253.9 -c -pipe -O2  -I/root/Downloads/gcx-v-2/depends/x86_64-apple-darwin11/share/../include/  conftest.c >&5
configure:9827: $? = 0
configure:9827: result: yes
configure:9827: checking for string.h
configure:9827: /root/Downloads/gcx-v-2/depends/x86_64-apple-darwin11/native/bin/clang -target x86_64-apple-darwin11 -mmacosx-version-min=10.8 --sysroot /root/Downloads/gcx-v-2/depends/SDKs/MacOSX10.11.sdk -mlinker-version=253.9 -c -pipe -O2  -I/root/Downloads/gcx-v-2/depends/x86_64-apple-darwin11/share/../include/  conftest.c >&5
configure:9827: $? = 0
configure:9827: result: yes
configure:9827: checking for memory.h
configure:9827: /root/Downloads/gcx-v-2/depends/x86_64-apple-darwin11/native/bin/clang -target x86_64-apple-darwin11 -mmacosx-version-min=10.8 --sysroot /root/Downloads/gcx-v-2/depends/SDKs/MacOSX10.11.sdk -mlinker-version=253.9 -c -pipe -O2  -I/root/Downloads/gcx-v-2/depends/x86_64-apple-darwin11/share/../include/  conftest.c >&5
configure:9827: $? = 0
configure:9827: result: yes
configure:9827: checking for strings.h
configure:9827: /root/Downloads/gcx-v-2/depends/x86_64-apple-darwin11/native/bin/clang -target x86_64-apple-darwin11 -mmacosx-version-min=10.8 --sysroot /root/Downloads/gcx-v-2/depends/SDKs/MacOSX10.11.sdk -mlinker-version=253.9 -c -pipe -O2  -I/root/Downloads/gcx-v-2/depends/x86_64-apple-darwin11/share/../include/  conftest.c >&5
configure:9827: $? = 0
configure:9827: result: yes
configure:9827: checking for inttypes.h
configure:9827: /root/Downloads/gcx-v-2/depends/x86_64-apple-darwin11/native/bin/clang -target x86_64-apple-darwin11 -mmacosx-version-min=10.8 --sysroot /root/Downloads/gcx-v-2/depends/SDKs/MacOSX10.11.sdk -mlinker-version=253.9 -c -pipe -O2  -I/root/Downloads/gcx-v-2/depends/x86_64-apple-darwin11/share/../include/  conftest.c >&5
configure:9827: $? = 0
configure:9827: result: yes
configure:9827: checking for stdint.h
configure:9827: /root/Downloads/gcx-v-2/depends/x86_64-apple-darwin11/native/bin/clang -target x86_64-apple-darwin11 -mmacosx-version-min=10.8 --sysroot /root/Downloads/gcx-v-2/depends/SDKs/MacOSX10.11.sdk -mlinker-version=253.9 -c -pipe -O2  -I/root/Downloads/gcx-v-2/depends/x86_64-apple-darwin11/share/../include/  conftest.c >&5
configure:9827: $? = 0
configure:9827: result: yes
configure:9827: checking for unistd.h
configure:9827: /root/Downloads/gcx-v-2/depends/x86_64-apple-darwin11/native/bin/clang -target x86_64-apple-darwin11 -mmacosx-version-min=10.8 --sysroot /root/Downloads/gcx-v-2/depends/SDKs/MacOSX10.11.sdk -mlinker-version=253.9 -c -pipe -O2  -I/root/Downloads/gcx-v-2/depends/x86_64-apple-darwin11/share/../include/  conftest.c >&5
configure:9827: $? = 0
configure:9827: result: yes
configure:9841: checking for dlfcn.h
configure:9841: /root/Downloads/gcx-v-2/depends/x86_64-apple-darwin11/native/bin/clang -target x86_64-apple-darwin11 -mmacosx-version-min=10.8 --sysroot /root/Downloads/gcx-v-2/depends/SDKs/MacOSX10.11.sdk -mlinker-version=253.9 -c -pipe -O2  -I/root/Downloads/gcx-v-2/depends/x86_64-apple-darwin11/share/../include/  conftest.c >&5
configure:9841: $? = 0
configure:9841: result: yes
configure:10106: checking for objdir
configure:10121: result: .libs
configure:10385: checking if /root/Downloads/gcx-v-2/depends/x86_64-apple-darwin11/native/bin/clang -target x86_64-apple-darwin11 -mmacosx-version-min=10.8 --sysroot /root/Downloads/gcx-v-2/depends/SDKs/MacOSX10.11.sdk -mlinker-version=253.9 supports -fno-rtti -fno-exceptions
configure:10403: /root/Downloads/gcx-v-2/depends/x86_64-apple-darwin11/native/bin/clang -target x86_64-apple-darwin11 -mmacosx-version-min=10.8 --sysroot /root/Downloads/gcx-v-2/depends/SDKs/MacOSX10.11.sdk -mlinker-version=253.9 -c -pipe -O2  -I/root/Downloads/gcx-v-2/depends/x86_64-apple-darwin11/share/../include/  -fno-rtti -fno-exceptions conftest.c >&5
configure:10407: $? = 0
configure:10420: result: yes
configure:10778: checking for /root/Downloads/gcx-v-2/depends/x86_64-apple-darwin11/native/bin/clang -target x86_64-apple-darwin11 -mmacosx-version-min=10.8 --sysroot /root/Downloads/gcx-v-2/depends/SDKs/MacOSX10.11.sdk -mlinker-version=253.9 option to produce PIC
configure:10785: result: -fno-common -DPIC
configure:10793: checking if /root/Downloads/gcx-v-2/depends/x86_64-apple-darwin11/native/bin/clang -target x86_64-apple-darwin11 -mmacosx-version-min=10.8 --sysroot /root/Downloads/gcx-v-2/depends/SDKs/MacOSX10.11.sdk -mlinker-version=253.9 PIC flag -fno-common -DPIC works
configure:10811: /root/Downloads/gcx-v-2/depends/x86_64-apple-darwin11/native/bin/clang -target x86_64-apple-darwin11 -mmacosx-version-min=10.8 --sysroot /root/Downloads/gcx-v-2/depends/SDKs/MacOSX10.11.sdk -mlinker-version=253.9 -c -pipe -O2  -I/root/Downloads/gcx-v-2/depends/x86_64-apple-darwin11/share/../include/  -fno-common -DPIC -DPIC conftest.c >&5
configure:10815: $? = 0
configure:10828: result: yes
configure:10857: checking if /root/Downloads/gcx-v-2/depends/x86_64-apple-darwin11/native/bin/clang -target x86_64-apple-darwin11 -mmacosx-version-min=10.8 --sysroot /root/Downloads/gcx-v-2/depends/SDKs/MacOSX10.11.sdk -mlinker-version=253.9 static flag -static works
configure:10885: result: no
configure:10900: checking if /root/Downloads/gcx-v-2/depends/x86_64-apple-darwin11/native/bin/clang -target x86_64-apple-darwin11 -mmacosx-version-min=10.8 --sysroot /root/Downloads/gcx-v-2/depends/SDKs/MacOSX10.11.sdk -mlinker-version=253.9 supports -c -o file.o
configure:10921: /root/Downloads/gcx-v-2/depends/x86_64-apple-darwin11/native/bin/clang -target x86_64-apple-darwin11 -mmacosx-version-min=10.8 --sysroot /root/Downloads/gcx-v-2/depends/SDKs/MacOSX10.11.sdk -mlinker-version=253.9 -c -pipe -O2  -I/root/Downloads/gcx-v-2/depends/x86_64-apple-darwin11/share/../include/  -o out/conftest2.o conftest.c >&5
configure:10925: $? = 0
configure:10947: result: yes
configure:10955: checking if /root/Downloads/gcx-v-2/depends/x86_64-apple-darwin11/native/bin/clang -target x86_64-apple-darwin11 -mmacosx-version-min=10.8 --sysroot /root/Downloads/gcx-v-2/depends/SDKs/MacOSX10.11.sdk -mlinker-version=253.9 supports -c -o file.o
configure:11002: result: yes
configure:11035: checking whether the /root/Downloads/gcx-v-2/depends/x86_64-apple-darwin11/native/bin/clang -target x86_64-apple-darwin11 -mmacosx-version-min=10.8 --sysroot /root/Downloads/gcx-v-2/depends/SDKs/MacOSX10.11.sdk -mlinker-version=253.9 linker (/root/Downloads/gcx-v-2/depends/x86_64-apple-darwin11/native/bin/x86_64-apple-darwin11-ld) supports shared libraries
configure:12298: result: yes
configure:12538: checking dynamic linker characteristics
configure:13368: result: darwin11 dyld
configure:13490: checking how to hardcode library paths into programs
configure:13515: result: immediate
configure:14063: checking whether stripping libraries is possible
configure:14077: result: yes
configure:14103: checking if libtool supports shared libraries
configure:14105: result: yes
configure:14108: checking whether to build shared libraries
configure:14133: result: yes
configure:14136: checking whether to build static libraries
configure:14140: result: yes
configure:14163: checking how to run the C++ preprocessor
configure:14190: /root/Downloads/gcx-v-2/depends/x86_64-apple-darwin11/native/bin/clang++ -target x86_64-apple-darwin11 -mmacosx-version-min=10.8 --sysroot /root/Downloads/gcx-v-2/depends/SDKs/MacOSX10.11.sdk -mlinker-version=253.9 -stdlib=libc++ -std=c++11 -E -I/root/Downloads/gcx-v-2/depends/x86_64-apple-darwin11/share/../include/  conftest.cpp
configure:14190: $? = 0
configure:14204: /root/Downloads/gcx-v-2/depends/x86_64-apple-darwin11/native/bin/clang++ -target x86_64-apple-darwin11 -mmacosx-version-min=10.8 --sysroot /root/Downloads/gcx-v-2/depends/SDKs/MacOSX10.11.sdk -mlinker-version=253.9 -stdlib=libc++ -std=c++11 -E -I/root/Downloads/gcx-v-2/depends/x86_64-apple-darwin11/share/../include/  conftest.cpp
conftest.cpp:22:10: fatal error: 'ac_nonexistent.h' file not found
#include <ac_nonexistent.h>
         ^
1 error generated.
configure:14204: $? = 1
configure: failed program was:
| /* confdefs.h */
| #define PACKAGE_NAME "GCX Core"
| #define PACKAGE_TARNAME "gcx"
| #define PACKAGE_VERSION "2.0.0"
| #define PACKAGE_STRING "GCX Core 2.0.0"
| #define PACKAGE_BUGREPORT "www.gcx.org"
| #define PACKAGE_URL ""
| #define HAVE_CXX11 1
| #define STDC_HEADERS 1
| #define HAVE_SYS_TYPES_H 1
| #define HAVE_SYS_STAT_H 1
| #define HAVE_STDLIB_H 1
| #define HAVE_STRING_H 1
| #define HAVE_MEMORY_H 1
| #define HAVE_STRINGS_H 1
| #define HAVE_INTTYPES_H 1
| #define HAVE_STDINT_H 1
| #define HAVE_UNISTD_H 1
| #define HAVE_DLFCN_H 1
| #define LT_OBJDIR ".libs/"
| /* end confdefs.h.  */
| #include <ac_nonexistent.h>
configure:14229: result: /root/Downloads/gcx-v-2/depends/x86_64-apple-darwin11/native/bin/clang++ -target x86_64-apple-darwin11 -mmacosx-version-min=10.8 --sysroot /root/Downloads/gcx-v-2/depends/SDKs/MacOSX10.11.sdk -mlinker-version=253.9 -stdlib=libc++ -std=c++11 -E
configure:14249: /root/Downloads/gcx-v-2/depends/x86_64-apple-darwin11/native/bin/clang++ -target x86_64-apple-darwin11 -mmacosx-version-min=10.8 --sysroot /root/Downloads/gcx-v-2/depends/SDKs/MacOSX10.11.sdk -mlinker-version=253.9 -stdlib=libc++ -std=c++11 -E -I/root/Downloads/gcx-v-2/depends/x86_64-apple-darwin11/share/../include/  conftest.cpp
configure:14249: $? = 0
configure:14263: /root/Downloads/gcx-v-2/depends/x86_64-apple-darwin11/native/bin/clang++ -target x86_64-apple-darwin11 -mmacosx-version-min=10.8 --sysroot /root/Downloads/gcx-v-2/depends/SDKs/MacOSX10.11.sdk -mlinker-version=253.9 -stdlib=libc++ -std=c++11 -E -I/root/Downloads/gcx-v-2/depends/x86_64-apple-darwin11/share/../include/  conftest.cpp
conftest.cpp:22:10: fatal error: 'ac_nonexistent.h' file not found
#include <ac_nonexistent.h>
         ^
1 error generated.
configure:14263: $? = 1
configure: failed program was:
| /* confdefs.h */
| #define PACKAGE_NAME "GCX Core"
| #define PACKAGE_TARNAME "gcx"
| #define PACKAGE_VERSION "2.0.0"
| #define PACKAGE_STRING "GCX Core 2.0.0"
| #define PACKAGE_BUGREPORT "www.gcx.org"
| #define PACKAGE_URL ""
| #define HAVE_CXX11 1
| #define STDC_HEADERS 1
| #define HAVE_SYS_TYPES_H 1
| #define HAVE_SYS_STAT_H 1
| #define HAVE_STDLIB_H 1
| #define HAVE_STRING_H 1
| #define HAVE_MEMORY_H 1
| #define HAVE_STRINGS_H 1
| #define HAVE_INTTYPES_H 1
| #define HAVE_STDINT_H 1
| #define HAVE_UNISTD_H 1
| #define HAVE_DLFCN_H 1
| #define LT_OBJDIR ".libs/"
| /* end confdefs.h.  */
| #include <ac_nonexistent.h>
configure:14425: checking for ld used by /root/Downloads/gcx-v-2/depends/x86_64-apple-darwin11/native/bin/clang++ -target x86_64-apple-darwin11 -mmacosx-version-min=10.8 --sysroot /root/Downloads/gcx-v-2/depends/SDKs/MacOSX10.11.sdk -mlinker-version=253.9 -stdlib=libc++ -std=c++11
configure:14492: result: /root/Downloads/gcx-v-2/depends/x86_64-apple-darwin11/native/bin/x86_64-apple-darwin11-ld
configure:14499: checking if the linker (/root/Downloads/gcx-v-2/depends/x86_64-apple-darwin11/native/bin/x86_64-apple-darwin11-ld) is GNU ld
configure:14514: result: no
configure:14569: checking whether the /root/Downloads/gcx-v-2/depends/x86_64-apple-darwin11/native/bin/clang++ -target x86_64-apple-darwin11 -mmacosx-version-min=10.8 --sysroot /root/Downloads/gcx-v-2/depends/SDKs/MacOSX10.11.sdk -mlinker-version=253.9 -stdlib=libc++ -std=c++11 linker (/root/Downloads/gcx-v-2/depends/x86_64-apple-darwin11/native/bin/x86_64-apple-darwin11-ld) supports shared libraries
configure:15642: result: yes
configure:15678: /root/Downloads/gcx-v-2/depends/x86_64-apple-darwin11/native/bin/clang++ -target x86_64-apple-darwin11 -mmacosx-version-min=10.8 --sysroot /root/Downloads/gcx-v-2/depends/SDKs/MacOSX10.11.sdk -mlinker-version=253.9 -stdlib=libc++ -std=c++11 -c -pipe -O2  -I/root/Downloads/gcx-v-2/depends/x86_64-apple-darwin11/share/../include/  conftest.cpp >&5
configure:15681: $? = 0
configure:16162: checking for /root/Downloads/gcx-v-2/depends/x86_64-apple-darwin11/native/bin/clang++ -target x86_64-apple-darwin11 -mmacosx-version-min=10.8 --sysroot /root/Downloads/gcx-v-2/depends/SDKs/MacOSX10.11.sdk -mlinker-version=253.9 -stdlib=libc++ -std=c++11 option to produce PIC
configure:16169: result: -fno-common -DPIC
configure:16177: checking if /root/Downloads/gcx-v-2/depends/x86_64-apple-darwin11/native/bin/clang++ -target x86_64-apple-darwin11 -mmacosx-version-min=10.8 --sysroot /root/Downloads/gcx-v-2/depends/SDKs/MacOSX10.11.sdk -mlinker-version=253.9 -stdlib=libc++ -std=c++11 PIC flag -fno-common -DPIC works
configure:16195: /root/Downloads/gcx-v-2/depends/x86_64-apple-darwin11/native/bin/clang++ -target x86_64-apple-darwin11 -mmacosx-version-min=10.8 --sysroot /root/Downloads/gcx-v-2/depends/SDKs/MacOSX10.11.sdk -mlinker-version=253.9 -stdlib=libc++ -std=c++11 -c -pipe -O2  -I/root/Downloads/gcx-v-2/depends/x86_64-apple-darwin11/share/../include/  -fno-common -DPIC -DPIC conftest.cpp >&5
configure:16199: $? = 0
configure:16212: result: yes
configure:16235: checking if /root/Downloads/gcx-v-2/depends/x86_64-apple-darwin11/native/bin/clang++ -target x86_64-apple-darwin11 -mmacosx-version-min=10.8 --sysroot /root/Downloads/gcx-v-2/depends/SDKs/MacOSX10.11.sdk -mlinker-version=253.9 -stdlib=libc++ -std=c++11 static flag -static works
configure:16263: result: no
configure:16275: checking if /root/Downloads/gcx-v-2/depends/x86_64-apple-darwin11/native/bin/clang++ -target x86_64-apple-darwin11 -mmacosx-version-min=10.8 --sysroot /root/Downloads/gcx-v-2/depends/SDKs/MacOSX10.11.sdk -mlinker-version=253.9 -stdlib=libc++ -std=c++11 supports -c -o file.o
configure:16296: /root/Downloads/gcx-v-2/depends/x86_64-apple-darwin11/native/bin/clang++ -target x86_64-apple-darwin11 -mmacosx-version-min=10.8 --sysroot /root/Downloads/gcx-v-2/depends/SDKs/MacOSX10.11.sdk -mlinker-version=253.9 -stdlib=libc++ -std=c++11 -c -pipe -O2  -I/root/Downloads/gcx-v-2/depends/x86_64-apple-darwin11/share/../include/  -o out/conftest2.o conftest.cpp >&5
configure:16300: $? = 0
configure:16322: result: yes
configure:16327: checking if /root/Downloads/gcx-v-2/depends/x86_64-apple-darwin11/native/bin/clang++ -target x86_64-apple-darwin11 -mmacosx-version-min=10.8 --sysroot /root/Downloads/gcx-v-2/depends/SDKs/MacOSX10.11.sdk -mlinker-version=253.9 -stdlib=libc++ -std=c++11 supports -c -o file.o
configure:16374: result: yes
configure:16404: checking whether the /root/Downloads/gcx-v-2/depends/x86_64-apple-darwin11/native/bin/clang++ -target x86_64-apple-darwin11 -mmacosx-version-min=10.8 --sysroot /root/Downloads/gcx-v-2/depends/SDKs/MacOSX10.11.sdk -mlinker-version=253.9 -stdlib=libc++ -std=c++11 linker (/root/Downloads/gcx-v-2/depends/x86_64-apple-darwin11/native/bin/x86_64-apple-darwin11-ld) supports shared libraries
configure:16447: result: yes
configure:16588: checking dynamic linker characteristics
configure:17345: result: darwin11 dyld
configure:17410: checking how to hardcode library paths into programs
configure:17435: result: immediate
configure:17500: checking for x86_64-apple-darwin11-ar
configure:17530: result: /root/Downloads/gcx-v-2/depends/x86_64-apple-darwin11/native/bin/x86_64-apple-darwin11-ar
configure:17598: checking for x86_64-apple-darwin11-ranlib
configure:17628: result: /root/Downloads/gcx-v-2/depends/x86_64-apple-darwin11/native/bin/x86_64-apple-darwin11-ranlib
configure:17696: checking for x86_64-apple-darwin11-strip
configure:17714: found /root/Downloads/gcx-v-2/depends/x86_64-apple-darwin11/share/../native/bin/x86_64-apple-darwin11-strip
configure:17726: result: /root/Downloads/gcx-v-2/depends/x86_64-apple-darwin11/share/../native/bin/x86_64-apple-darwin11-strip
configure:17794: checking for x86_64-apple-darwin11-gcxov
configure:17827: result: no
configure:17837: checking for gcxov
configure:17870: result: no
configure:17891: checking for lcov
configure:17924: result: no
configure:17931: checking for java
configure:17964: result: no
configure:17973: checking for python3
configure:17991: found /usr/bin/python3
configure:18003: result: /usr/bin/python3
configure:18016: checking for genhtml
configure:18049: result: no
configure:18056: checking for git
configure:18074: found /usr/bin/git
configure:18086: result: /usr/bin/git
configure:18096: checking for ccache
configure:18126: result: /root/Downloads/gcx-v-2/depends/x86_64-apple-darwin11/share/../native/bin/ccache
configure:18136: checking for xgettext
configure:18169: result: no
configure:18176: checking for hexdump
configure:18194: found /usr/bin/hexdump
configure:18206: result: /usr/bin/hexdump
configure:18217: checking for x86_64-apple-darwin11-readelf
configure:18250: result: no
configure:18260: checking for readelf
configure:18278: found /usr/bin/readelf
configure:18290: result: /usr/bin/readelf
configure:18315: checking for x86_64-apple-darwin11-c++filt
configure:18348: result: no
configure:18358: checking for c++filt
configure:18376: found /usr/bin/c++filt
configure:18388: result: /usr/bin/c++filt
configure:18413: checking for x86_64-apple-darwin11-objcopy
configure:18446: result: no
configure:18456: checking for objcopy
configure:18474: found /usr/bin/objcopy
configure:18486: result: /usr/bin/objcopy
configure:19839: checking for x86_64-apple-darwin11-install_name_tool
configure:19857: found /root/Downloads/gcx-v-2/depends/x86_64-apple-darwin11/share/../native/bin/x86_64-apple-darwin11-install_name_tool
configure:19869: result: /root/Downloads/gcx-v-2/depends/x86_64-apple-darwin11/share/../native/bin/x86_64-apple-darwin11-install_name_tool
configure:19937: checking for x86_64-apple-darwin11-otool
configure:19955: found /root/Downloads/gcx-v-2/depends/x86_64-apple-darwin11/share/../native/bin/x86_64-apple-darwin11-otool
configure:19967: result: /root/Downloads/gcx-v-2/depends/x86_64-apple-darwin11/share/../native/bin/x86_64-apple-darwin11-otool
configure:20036: checking for genisoimage
configure:20054: found /root/Downloads/gcx-v-2/depends/x86_64-apple-darwin11/share/../native/bin/genisoimage
configure:20066: result: /root/Downloads/gcx-v-2/depends/x86_64-apple-darwin11/share/../native/bin/genisoimage
configure:20082: checking for rsvg-convert
configure:20100: found /usr/bin/rsvg-convert
configure:20112: result: /usr/bin/rsvg-convert
configure:20128: checking for convert
configure:20146: found /usr/bin/convert
configure:20158: result: /usr/bin/convert
configure:20174: checking for tiffcp
configure:20192: found /usr/bin/tiffcp
configure:20204: result: /usr/bin/tiffcp
configure:20222: checking whether the linker accepts -Wl,-headerpad_max_install_names
configure:20241: /root/Downloads/gcx-v-2/depends/x86_64-apple-darwin11/native/bin/clang++ -target x86_64-apple-darwin11 -mmacosx-version-min=10.8 --sysroot /root/Downloads/gcx-v-2/depends/SDKs/MacOSX10.11.sdk -mlinker-version=253.9 -stdlib=libc++ -std=c++11 -o conftest -pipe -O2  -I/root/Downloads/gcx-v-2/depends/x86_64-apple-darwin11/share/../include/  -DBOOST_SPIRIT_THREADSAFE -DHAVE_BUILD_INFO -D__STDC_FORMAT_MACROS -L/root/Downloads/gcx-v-2/depends/x86_64-apple-darwin11/share/../lib   -Wl,-headerpad_max_install_names conftest.cpp  >&5
configure:20241: $? = 0
configure:20250: result: yes
configure:20281: checking for x86_64-apple-darwin11-pkg-config
configure:20311: result: /usr/bin/pkg-config --static
configure:20379: checking pkg-config is at least version 0.9.0
configure:20382: result: yes
configure:20466: checking whether byte ordering is bigendian
configure:20481: /root/Downloads/gcx-v-2/depends/x86_64-apple-darwin11/native/bin/clang++ -target x86_64-apple-darwin11 -mmacosx-version-min=10.8 --sysroot /root/Downloads/gcx-v-2/depends/SDKs/MacOSX10.11.sdk -mlinker-version=253.9 -stdlib=libc++ -std=c++11 -c -pipe -O2  -I/root/Downloads/gcx-v-2/depends/x86_64-apple-darwin11/share/../include/  -DBOOST_SPIRIT_THREADSAFE -DHAVE_BUILD_INFO -D__STDC_FORMAT_MACROS -DMAC_OSX conftest.cpp >&5
configure:20481: $? = 0
configure:20526: /root/Downloads/gcx-v-2/depends/x86_64-apple-darwin11/native/bin/clang++ -target x86_64-apple-darwin11 -mmacosx-version-min=10.8 --sysroot /root/Downloads/gcx-v-2/depends/SDKs/MacOSX10.11.sdk -mlinker-version=253.9 -stdlib=libc++ -std=c++11 -c -pipe -O2  -I/root/Downloads/gcx-v-2/depends/x86_64-apple-darwin11/share/../include/  -DBOOST_SPIRIT_THREADSAFE -DHAVE_BUILD_INFO -D__STDC_FORMAT_MACROS -DMAC_OSX conftest.cpp >&5
configure:20526: $? = 0
configure:20544: /root/Downloads/gcx-v-2/depends/x86_64-apple-darwin11/native/bin/clang++ -target x86_64-apple-darwin11 -mmacosx-version-min=10.8 --sysroot /root/Downloads/gcx-v-2/depends/SDKs/MacOSX10.11.sdk -mlinker-version=253.9 -stdlib=libc++ -std=c++11 -c -pipe -O2  -I/root/Downloads/gcx-v-2/depends/x86_64-apple-darwin11/share/../include/  -DBOOST_SPIRIT_THREADSAFE -DHAVE_BUILD_INFO -D__STDC_FORMAT_MACROS -DMAC_OSX conftest.cpp >&5
conftest.cpp:29:11: error: expected ';' after expression
                 not big endian
                        ^
                        ;
conftest.cpp:29:8: error: use of undeclared identifier 'big'
                 not big endian
                     ^
conftest.cpp:29:12: error: use of undeclared identifier 'endian'
                 not big endian
                         ^
3 errors generated.
configure:20544: $? = 1
configure: failed program was:
| /* confdefs.h */
| #define PACKAGE_NAME "GCX Core"
| #define PACKAGE_TARNAME "gcx"
| #define PACKAGE_VERSION "2.0.0"
| #define PACKAGE_STRING "GCX Core 2.0.0"
| #define PACKAGE_BUGREPORT "www.gcx.org"
| #define PACKAGE_URL ""
| #define HAVE_CXX11 1
| #define STDC_HEADERS 1
| #define HAVE_SYS_TYPES_H 1
| #define HAVE_SYS_STAT_H 1
| #define HAVE_STDLIB_H 1
| #define HAVE_STRING_H 1
| #define HAVE_MEMORY_H 1
| #define HAVE_STRINGS_H 1
| #define HAVE_INTTYPES_H 1
| #define HAVE_STDINT_H 1
| #define HAVE_UNISTD_H 1
| #define HAVE_DLFCN_H 1
| #define LT_OBJDIR ".libs/"
| /* end confdefs.h.  */
| #include <sys/types.h>
| 		#include <sys/param.h>
| 
| int
| main ()
| {
| #if BYTE_ORDER != BIG_ENDIAN
| 		 not big endian
| 		#endif
| 
|   ;
|   return 0;
| }
configure:20672: result: no
configure:20802: checking if compiler needs -Werror to reject unknown flags
configure:20818: /root/Downloads/gcx-v-2/depends/x86_64-apple-darwin11/native/bin/clang -target x86_64-apple-darwin11 -mmacosx-version-min=10.8 --sysroot /root/Downloads/gcx-v-2/depends/SDKs/MacOSX10.11.sdk -mlinker-version=253.9 -c -pipe -O2  -Werror -Wunknown-warning-option -Wsizeof-array-argument -I/root/Downloads/gcx-v-2/depends/x86_64-apple-darwin11/share/../include/  -DBOOST_SPIRIT_THREADSAFE -DHAVE_BUILD_INFO -D__STDC_FORMAT_MACROS -DMAC_OSX conftest.c >&5
configure:20818: $? = 0
configure:20819: result: yes
configure:20839: checking whether pthreads work with -pthread
configure:20927: /root/Downloads/gcx-v-2/depends/x86_64-apple-darwin11/native/bin/clang -target x86_64-apple-darwin11 -mmacosx-version-min=10.8 --sysroot /root/Downloads/gcx-v-2/depends/SDKs/MacOSX10.11.sdk -mlinker-version=253.9 -o conftest -pipe -O2  -pthread -Werror -I/root/Downloads/gcx-v-2/depends/x86_64-apple-darwin11/share/../include/  -DBOOST_SPIRIT_THREADSAFE -DHAVE_BUILD_INFO -D__STDC_FORMAT_MACROS -DMAC_OSX -L/root/Downloads/gcx-v-2/depends/x86_64-apple-darwin11/share/../lib  -Wl,-headerpad_max_install_names conftest.c   >&5
configure:20927: $? = 0
configure:20936: result: yes
configure:20955: checking for joinable pthread attribute
configure:20970: /root/Downloads/gcx-v-2/depends/x86_64-apple-darwin11/native/bin/clang -target x86_64-apple-darwin11 -mmacosx-version-min=10.8 --sysroot /root/Downloads/gcx-v-2/depends/SDKs/MacOSX10.11.sdk -mlinker-version=253.9 -o conftest -pipe -O2  -pthread -I/root/Downloads/gcx-v-2/depends/x86_64-apple-darwin11/share/../include/  -DBOOST_SPIRIT_THREADSAFE -DHAVE_BUILD_INFO -D__STDC_FORMAT_MACROS -DMAC_OSX -L/root/Downloads/gcx-v-2/depends/x86_64-apple-darwin11/share/../lib  -Wl,-headerpad_max_install_names conftest.c   >&5
configure:20970: $? = 0
configure:20976: result: PTHREAD_CREATE_JOINABLE
configure:20986: checking if more special flags are required for pthreads
configure:21001: result: -D_THREAD_SAFE
configure:21007: checking for PTHREAD_PRIO_INHERIT
configure:21024: /root/Downloads/gcx-v-2/depends/x86_64-apple-darwin11/native/bin/clang -target x86_64-apple-darwin11 -mmacosx-version-min=10.8 --sysroot /root/Downloads/gcx-v-2/depends/SDKs/MacOSX10.11.sdk -mlinker-version=253.9 -o conftest -pipe -O2  -pthread -I/root/Downloads/gcx-v-2/depends/x86_64-apple-darwin11/share/../include/  -DBOOST_SPIRIT_THREADSAFE -DHAVE_BUILD_INFO -D__STDC_FORMAT_MACROS -DMAC_OSX -L/root/Downloads/gcx-v-2/depends/x86_64-apple-darwin11/share/../lib  -Wl,-headerpad_max_install_names conftest.c   >&5
configure:21024: $? = 0
configure:21033: result: yes
configure:21143: checking for special C compiler options needed for large files
configure:21188: result: no
configure:21194: checking for _FILE_OFFSET_BITS value needed for large files
configure:21219: /root/Downloads/gcx-v-2/depends/x86_64-apple-darwin11/native/bin/clang++ -target x86_64-apple-darwin11 -mmacosx-version-min=10.8 --sysroot /root/Downloads/gcx-v-2/depends/SDKs/MacOSX10.11.sdk -mlinker-version=253.9 -stdlib=libc++ -std=c++11 -c -pipe -O2  -I/root/Downloads/gcx-v-2/depends/x86_64-apple-darwin11/share/../include/  -DBOOST_SPIRIT_THREADSAFE -DHAVE_BUILD_INFO -D__STDC_FORMAT_MACROS -DMAC_OSX conftest.cpp >&5
configure:21219: $? = 0
configure:21251: result: no
configure:21337: checking whether strerror_r is declared
configure:21337: /root/Downloads/gcx-v-2/depends/x86_64-apple-darwin11/native/bin/clang++ -target x86_64-apple-darwin11 -mmacosx-version-min=10.8 --sysroot /root/Downloads/gcx-v-2/depends/SDKs/MacOSX10.11.sdk -mlinker-version=253.9 -stdlib=libc++ -std=c++11 -c -pipe -O2  -I/root/Downloads/gcx-v-2/depends/x86_64-apple-darwin11/share/../include/  -DBOOST_SPIRIT_THREADSAFE -DHAVE_BUILD_INFO -D__STDC_FORMAT_MACROS -DMAC_OSX conftest.cpp >&5
configure:21337: $? = 0
configure:21337: result: yes
configure:21350: checking for strerror_r
configure:21350: /root/Downloads/gcx-v-2/depends/x86_64-apple-darwin11/native/bin/clang++ -target x86_64-apple-darwin11 -mmacosx-version-min=10.8 --sysroot /root/Downloads/gcx-v-2/depends/SDKs/MacOSX10.11.sdk -mlinker-version=253.9 -stdlib=libc++ -std=c++11 -o conftest -pipe -O2  -I/root/Downloads/gcx-v-2/depends/x86_64-apple-darwin11/share/../include/  -DBOOST_SPIRIT_THREADSAFE -DHAVE_BUILD_INFO -D__STDC_FORMAT_MACROS -DMAC_OSX -L/root/Downloads/gcx-v-2/depends/x86_64-apple-darwin11/share/../lib  -Wl,-headerpad_max_install_names conftest.cpp  >&5
configure:21350: $? = 0
configure:21350: result: yes
configure:21359: checking whether strerror_r returns char *
configure:21383: /root/Downloads/gcx-v-2/depends/x86_64-apple-darwin11/native/bin/clang++ -target x86_64-apple-darwin11 -mmacosx-version-min=10.8 --sysroot /root/Downloads/gcx-v-2/depends/SDKs/MacOSX10.11.sdk -mlinker-version=253.9 -stdlib=libc++ -std=c++11 -c -pipe -O2  -I/root/Downloads/gcx-v-2/depends/x86_64-apple-darwin11/share/../include/  -DBOOST_SPIRIT_THREADSAFE -DHAVE_BUILD_INFO -D__STDC_FORMAT_MACROS -DMAC_OSX conftest.cpp >&5
conftest.cpp:64:13: error: indirection requires pointer operand ('int' invalid)
          char x = *strerror_r (0, buf, sizeof buf);
                   ^~~~~~~~~~~~~~~~~~~~~~~~~~~~~~~~
conftest.cpp:65:10: error: cannot initialize a variable of type 'char *' with an rvalue of type 'int'
          char *p = strerror_r (0, buf, sizeof buf);
                ^   ~~~~~~~~~~~~~~~~~~~~~~~~~~~~~~~
2 errors generated.
configure:21383: $? = 1
configure: failed program was:
| /* confdefs.h */
| #define PACKAGE_NAME "GCX Core"
| #define PACKAGE_TARNAME "gcx"
| #define PACKAGE_VERSION "2.0.0"
| #define PACKAGE_STRING "GCX Core 2.0.0"
| #define PACKAGE_BUGREPORT "www.gcx.org"
| #define PACKAGE_URL ""
| #define HAVE_CXX11 1
| #define STDC_HEADERS 1
| #define HAVE_SYS_TYPES_H 1
| #define HAVE_SYS_STAT_H 1
| #define HAVE_STDLIB_H 1
| #define HAVE_STRING_H 1
| #define HAVE_MEMORY_H 1
| #define HAVE_STRINGS_H 1
| #define HAVE_INTTYPES_H 1
| #define HAVE_STDINT_H 1
| #define HAVE_UNISTD_H 1
| #define HAVE_DLFCN_H 1
| #define LT_OBJDIR ".libs/"
| #define HAVE_PTHREAD_PRIO_INHERIT 1
| #define HAVE_PTHREAD 1
| #define HAVE_DECL_STRERROR_R 1
| #define HAVE_STRERROR_R 1
| /* end confdefs.h.  */
| #include <stdio.h>
| #ifdef HAVE_SYS_TYPES_H
| # include <sys/types.h>
| #endif
| #ifdef HAVE_SYS_STAT_H
| # include <sys/stat.h>
| #endif
| #ifdef STDC_HEADERS
| # include <stdlib.h>
| # include <stddef.h>
| #else
| # ifdef HAVE_STDLIB_H
| #  include <stdlib.h>
| # endif
| #endif
| #ifdef HAVE_STRING_H
| # if !defined STDC_HEADERS && defined HAVE_MEMORY_H
| #  include <memory.h>
| # endif
| # include <string.h>
| #endif
| #ifdef HAVE_STRINGS_H
| # include <strings.h>
| #endif
| #ifdef HAVE_INTTYPES_H
| # include <inttypes.h>
| #endif
| #ifdef HAVE_STDINT_H
| # include <stdint.h>
| #endif
| #ifdef HAVE_UNISTD_H
| # include <unistd.h>
| #endif
| int
| main ()
| {
| 
| 	  char buf[100];
| 	  char x = *strerror_r (0, buf, sizeof buf);
| 	  char *p = strerror_r (0, buf, sizeof buf);
| 	  return !p || x;
| 
|   ;
|   return 0;
| }
configure:21421: result: no
configure:21442: checking whether the linker accepts -Wl,--large-address-aware
configure:21461: /root/Downloads/gcx-v-2/depends/x86_64-apple-darwin11/native/bin/clang++ -target x86_64-apple-darwin11 -mmacosx-version-min=10.8 --sysroot /root/Downloads/gcx-v-2/depends/SDKs/MacOSX10.11.sdk -mlinker-version=253.9 -stdlib=libc++ -std=c++11 -o conftest -pipe -O2  -I/root/Downloads/gcx-v-2/depends/x86_64-apple-darwin11/share/../include/  -DBOOST_SPIRIT_THREADSAFE -DHAVE_BUILD_INFO -D__STDC_FORMAT_MACROS -DMAC_OSX -L/root/Downloads/gcx-v-2/depends/x86_64-apple-darwin11/share/../lib  -Wl,-headerpad_max_install_names  -Wl,--large-address-aware conftest.cpp  >&5
ld: unknown option: --large-address-aware
clang: error: linker command failed with exit code 1 (use -v to see invocation)
configure:21461: $? = 1
configure: failed program was:
| /* confdefs.h */
| #define PACKAGE_NAME "GCX Core"
| #define PACKAGE_TARNAME "gcx"
| #define PACKAGE_VERSION "2.0.0"
| #define PACKAGE_STRING "GCX Core 2.0.0"
| #define PACKAGE_BUGREPORT "www.gcx.org"
| #define PACKAGE_URL ""
| #define HAVE_CXX11 1
| #define STDC_HEADERS 1
| #define HAVE_SYS_TYPES_H 1
| #define HAVE_SYS_STAT_H 1
| #define HAVE_STDLIB_H 1
| #define HAVE_STRING_H 1
| #define HAVE_MEMORY_H 1
| #define HAVE_STRINGS_H 1
| #define HAVE_INTTYPES_H 1
| #define HAVE_STDINT_H 1
| #define HAVE_UNISTD_H 1
| #define HAVE_DLFCN_H 1
| #define LT_OBJDIR ".libs/"
| #define HAVE_PTHREAD_PRIO_INHERIT 1
| #define HAVE_PTHREAD 1
| #define HAVE_DECL_STRERROR_R 1
| #define HAVE_STRERROR_R 1
| /* end confdefs.h.  */
| 
| int
| main ()
| {
| 
|   ;
|   return 0;
| }
configure:21470: result: no
configure:21482: checking for __attribute__((visibility))
configure:21504: /root/Downloads/gcx-v-2/depends/x86_64-apple-darwin11/native/bin/clang++ -target x86_64-apple-darwin11 -mmacosx-version-min=10.8 --sysroot /root/Downloads/gcx-v-2/depends/SDKs/MacOSX10.11.sdk -mlinker-version=253.9 -stdlib=libc++ -std=c++11 -o conftest -pipe -O2  -I/root/Downloads/gcx-v-2/depends/x86_64-apple-darwin11/share/../include/  -DBOOST_SPIRIT_THREADSAFE -DHAVE_BUILD_INFO -D__STDC_FORMAT_MACROS -DMAC_OSX -L/root/Downloads/gcx-v-2/depends/x86_64-apple-darwin11/share/../lib  -Wl,-headerpad_max_install_names conftest.cpp  >&5
configure:21504: $? = 0
configure:21517: result: yes
configure:21533: checking for __attribute__((dllexport))
configure:21554: /root/Downloads/gcx-v-2/depends/x86_64-apple-darwin11/native/bin/clang++ -target x86_64-apple-darwin11 -mmacosx-version-min=10.8 --sysroot /root/Downloads/gcx-v-2/depends/SDKs/MacOSX10.11.sdk -mlinker-version=253.9 -stdlib=libc++ -std=c++11 -o conftest -pipe -O2  -I/root/Downloads/gcx-v-2/depends/x86_64-apple-darwin11/share/../include/  -DBOOST_SPIRIT_THREADSAFE -DHAVE_BUILD_INFO -D__STDC_FORMAT_MACROS -DMAC_OSX -L/root/Downloads/gcx-v-2/depends/x86_64-apple-darwin11/share/../lib  -Wl,-headerpad_max_install_names conftest.cpp  >&5
conftest.cpp:29:36: warning: unknown attribute 'dllexport' ignored [-Wunknown-attributes]
                    __attribute__((dllexport)) int foo( void ) { return 0; }
                                   ^
1 warning generated.
configure:21554: $? = 0
configure:21567: result: no
configure:21583: checking for __attribute__((dllimport))
configure:21604: /root/Downloads/gcx-v-2/depends/x86_64-apple-darwin11/native/bin/clang++ -target x86_64-apple-darwin11 -mmacosx-version-min=10.8 --sysroot /root/Downloads/gcx-v-2/depends/SDKs/MacOSX10.11.sdk -mlinker-version=253.9 -stdlib=libc++ -std=c++11 -o conftest -pipe -O2  -I/root/Downloads/gcx-v-2/depends/x86_64-apple-darwin11/share/../include/  -DBOOST_SPIRIT_THREADSAFE -DHAVE_BUILD_INFO -D__STDC_FORMAT_MACROS -DMAC_OSX -L/root/Downloads/gcx-v-2/depends/x86_64-apple-darwin11/share/../lib  -Wl,-headerpad_max_install_names conftest.cpp  >&5
conftest.cpp:29:52: warning: unknown attribute 'dllimport' ignored [-Wunknown-attributes]
                    int foo( void ) __attribute__((dllimport));
                                                   ^
1 warning generated.
configure:21604: $? = 0
configure:21617: result: no
configure:21670: checking whether C++ compiler accepts -Wstack-protector
configure:21689: /root/Downloads/gcx-v-2/depends/x86_64-apple-darwin11/native/bin/clang++ -target x86_64-apple-darwin11 -mmacosx-version-min=10.8 --sysroot /root/Downloads/gcx-v-2/depends/SDKs/MacOSX10.11.sdk -mlinker-version=253.9 -stdlib=libc++ -std=c++11 -c -pipe -O2   -Wstack-protector -I/root/Downloads/gcx-v-2/depends/x86_64-apple-darwin11/share/../include/  -DBOOST_SPIRIT_THREADSAFE -DHAVE_BUILD_INFO -D__STDC_FORMAT_MACROS -DMAC_OSX conftest.cpp >&5
configure:21689: $? = 0
configure:21697: result: yes
configure:21705: checking whether C++ compiler accepts -fstack-protector-all
configure:21724: /root/Downloads/gcx-v-2/depends/x86_64-apple-darwin11/native/bin/clang++ -target x86_64-apple-darwin11 -mmacosx-version-min=10.8 --sysroot /root/Downloads/gcx-v-2/depends/SDKs/MacOSX10.11.sdk -mlinker-version=253.9 -stdlib=libc++ -std=c++11 -c -pipe -O2   -fstack-protector-all -I/root/Downloads/gcx-v-2/depends/x86_64-apple-darwin11/share/../include/  -DBOOST_SPIRIT_THREADSAFE -DHAVE_BUILD_INFO -D__STDC_FORMAT_MACROS -DMAC_OSX conftest.cpp >&5
configure:21724: $? = 0
configure:21732: result: yes
configure:21742: checking whether C++ preprocessor accepts -D_FORTIFY_SOURCE=2
configure:21761: /root/Downloads/gcx-v-2/depends/x86_64-apple-darwin11/native/bin/clang++ -target x86_64-apple-darwin11 -mmacosx-version-min=10.8 --sysroot /root/Downloads/gcx-v-2/depends/SDKs/MacOSX10.11.sdk -mlinker-version=253.9 -stdlib=libc++ -std=c++11 -E -I/root/Downloads/gcx-v-2/depends/x86_64-apple-darwin11/share/../include/  -DBOOST_SPIRIT_THREADSAFE -DHAVE_BUILD_INFO -D__STDC_FORMAT_MACROS -DMAC_OSX  -D_FORTIFY_SOURCE=2 conftest.cpp
configure:21761: $? = 0
configure:21769: result: yes
configure:21773: checking whether C++ preprocessor accepts -U_FORTIFY_SOURCE
configure:21792: /root/Downloads/gcx-v-2/depends/x86_64-apple-darwin11/native/bin/clang++ -target x86_64-apple-darwin11 -mmacosx-version-min=10.8 --sysroot /root/Downloads/gcx-v-2/depends/SDKs/MacOSX10.11.sdk -mlinker-version=253.9 -stdlib=libc++ -std=c++11 -E -I/root/Downloads/gcx-v-2/depends/x86_64-apple-darwin11/share/../include/  -DBOOST_SPIRIT_THREADSAFE -DHAVE_BUILD_INFO -D__STDC_FORMAT_MACROS -DMAC_OSX  -U_FORTIFY_SOURCE conftest.cpp
configure:21792: $? = 0
configure:21800: result: yes
configure:21817: checking whether the linker accepts -Wl,--dynamicbase
configure:21836: /root/Downloads/gcx-v-2/depends/x86_64-apple-darwin11/native/bin/clang++ -target x86_64-apple-darwin11 -mmacosx-version-min=10.8 --sysroot /root/Downloads/gcx-v-2/depends/SDKs/MacOSX10.11.sdk -mlinker-version=253.9 -stdlib=libc++ -std=c++11 -o conftest -pipe -O2  -I/root/Downloads/gcx-v-2/depends/x86_64-apple-darwin11/share/../include/  -DBOOST_SPIRIT_THREADSAFE -DHAVE_BUILD_INFO -D__STDC_FORMAT_MACROS -DMAC_OSX -L/root/Downloads/gcx-v-2/depends/x86_64-apple-darwin11/share/../lib  -Wl,-headerpad_max_install_names  -Wl,--dynamicbase conftest.cpp  >&5
ld: unknown option: --dynamicbase
clang: error: linker command failed with exit code 1 (use -v to see invocation)
configure:21836: $? = 1
configure: failed program was:
| /* confdefs.h */
| #define PACKAGE_NAME "GCX Core"
| #define PACKAGE_TARNAME "gcx"
| #define PACKAGE_VERSION "2.0.0"
| #define PACKAGE_STRING "GCX Core 2.0.0"
| #define PACKAGE_BUGREPORT "www.gcx.org"
| #define PACKAGE_URL ""
| #define HAVE_CXX11 1
| #define STDC_HEADERS 1
| #define HAVE_SYS_TYPES_H 1
| #define HAVE_SYS_STAT_H 1
| #define HAVE_STDLIB_H 1
| #define HAVE_STRING_H 1
| #define HAVE_MEMORY_H 1
| #define HAVE_STRINGS_H 1
| #define HAVE_INTTYPES_H 1
| #define HAVE_STDINT_H 1
| #define HAVE_UNISTD_H 1
| #define HAVE_DLFCN_H 1
| #define LT_OBJDIR ".libs/"
| #define HAVE_PTHREAD_PRIO_INHERIT 1
| #define HAVE_PTHREAD 1
| #define HAVE_DECL_STRERROR_R 1
| #define HAVE_STRERROR_R 1
| #define HAVE_FUNC_ATTRIBUTE_VISIBILITY 1
| /* end confdefs.h.  */
| 
| int
| main ()
| {
| 
|   ;
|   return 0;
| }
configure:21845: result: no
configure:21853: checking whether the linker accepts -Wl,--nxcompat
configure:21872: /root/Downloads/gcx-v-2/depends/x86_64-apple-darwin11/native/bin/clang++ -target x86_64-apple-darwin11 -mmacosx-version-min=10.8 --sysroot /root/Downloads/gcx-v-2/depends/SDKs/MacOSX10.11.sdk -mlinker-version=253.9 -stdlib=libc++ -std=c++11 -o conftest -pipe -O2  -I/root/Downloads/gcx-v-2/depends/x86_64-apple-darwin11/share/../include/  -DBOOST_SPIRIT_THREADSAFE -DHAVE_BUILD_INFO -D__STDC_FORMAT_MACROS -DMAC_OSX -L/root/Downloads/gcx-v-2/depends/x86_64-apple-darwin11/share/../lib  -Wl,-headerpad_max_install_names  -Wl,--nxcompat conftest.cpp  >&5
ld: unknown option: --nxcompat
clang: error: linker command failed with exit code 1 (use -v to see invocation)
configure:21872: $? = 1
configure: failed program was:
| /* confdefs.h */
| #define PACKAGE_NAME "GCX Core"
| #define PACKAGE_TARNAME "gcx"
| #define PACKAGE_VERSION "2.0.0"
| #define PACKAGE_STRING "GCX Core 2.0.0"
| #define PACKAGE_BUGREPORT "www.gcx.org"
| #define PACKAGE_URL ""
| #define HAVE_CXX11 1
| #define STDC_HEADERS 1
| #define HAVE_SYS_TYPES_H 1
| #define HAVE_SYS_STAT_H 1
| #define HAVE_STDLIB_H 1
| #define HAVE_STRING_H 1
| #define HAVE_MEMORY_H 1
| #define HAVE_STRINGS_H 1
| #define HAVE_INTTYPES_H 1
| #define HAVE_STDINT_H 1
| #define HAVE_UNISTD_H 1
| #define HAVE_DLFCN_H 1
| #define LT_OBJDIR ".libs/"
| #define HAVE_PTHREAD_PRIO_INHERIT 1
| #define HAVE_PTHREAD 1
| #define HAVE_DECL_STRERROR_R 1
| #define HAVE_STRERROR_R 1
| #define HAVE_FUNC_ATTRIBUTE_VISIBILITY 1
| /* end confdefs.h.  */
| 
| int
| main ()
| {
| 
|   ;
|   return 0;
| }
configure:21881: result: no
configure:21889: checking whether the linker accepts -Wl,-z,relro
configure:21908: /root/Downloads/gcx-v-2/depends/x86_64-apple-darwin11/native/bin/clang++ -target x86_64-apple-darwin11 -mmacosx-version-min=10.8 --sysroot /root/Downloads/gcx-v-2/depends/SDKs/MacOSX10.11.sdk -mlinker-version=253.9 -stdlib=libc++ -std=c++11 -o conftest -pipe -O2  -I/root/Downloads/gcx-v-2/depends/x86_64-apple-darwin11/share/../include/  -DBOOST_SPIRIT_THREADSAFE -DHAVE_BUILD_INFO -D__STDC_FORMAT_MACROS -DMAC_OSX -L/root/Downloads/gcx-v-2/depends/x86_64-apple-darwin11/share/../lib  -Wl,-headerpad_max_install_names  -Wl,-z,relro conftest.cpp  >&5
ld: unknown option: -z
clang: error: linker command failed with exit code 1 (use -v to see invocation)
configure:21908: $? = 1
configure: failed program was:
| /* confdefs.h */
| #define PACKAGE_NAME "GCX Core"
| #define PACKAGE_TARNAME "gcx"
| #define PACKAGE_VERSION "2.0.0"
| #define PACKAGE_STRING "GCX Core 2.0.0"
| #define PACKAGE_BUGREPORT "www.gcx.org"
| #define PACKAGE_URL ""
| #define HAVE_CXX11 1
| #define STDC_HEADERS 1
| #define HAVE_SYS_TYPES_H 1
| #define HAVE_SYS_STAT_H 1
| #define HAVE_STDLIB_H 1
| #define HAVE_STRING_H 1
| #define HAVE_MEMORY_H 1
| #define HAVE_STRINGS_H 1
| #define HAVE_INTTYPES_H 1
| #define HAVE_STDINT_H 1
| #define HAVE_UNISTD_H 1
| #define HAVE_DLFCN_H 1
| #define LT_OBJDIR ".libs/"
| #define HAVE_PTHREAD_PRIO_INHERIT 1
| #define HAVE_PTHREAD 1
| #define HAVE_DECL_STRERROR_R 1
| #define HAVE_STRERROR_R 1
| #define HAVE_FUNC_ATTRIBUTE_VISIBILITY 1
| /* end confdefs.h.  */
| 
| int
| main ()
| {
| 
|   ;
|   return 0;
| }
configure:21917: result: no
configure:21925: checking whether the linker accepts -Wl,-z,now
configure:21944: /root/Downloads/gcx-v-2/depends/x86_64-apple-darwin11/native/bin/clang++ -target x86_64-apple-darwin11 -mmacosx-version-min=10.8 --sysroot /root/Downloads/gcx-v-2/depends/SDKs/MacOSX10.11.sdk -mlinker-version=253.9 -stdlib=libc++ -std=c++11 -o conftest -pipe -O2  -I/root/Downloads/gcx-v-2/depends/x86_64-apple-darwin11/share/../include/  -DBOOST_SPIRIT_THREADSAFE -DHAVE_BUILD_INFO -D__STDC_FORMAT_MACROS -DMAC_OSX -L/root/Downloads/gcx-v-2/depends/x86_64-apple-darwin11/share/../lib  -Wl,-headerpad_max_install_names  -Wl,-z,now conftest.cpp  >&5
ld: unknown option: -z
clang: error: linker command failed with exit code 1 (use -v to see invocation)
configure:21944: $? = 1
configure: failed program was:
| /* confdefs.h */
| #define PACKAGE_NAME "GCX Core"
| #define PACKAGE_TARNAME "gcx"
| #define PACKAGE_VERSION "2.0.0"
| #define PACKAGE_STRING "GCX Core 2.0.0"
| #define PACKAGE_BUGREPORT "www.gcx.org"
| #define PACKAGE_URL ""
| #define HAVE_CXX11 1
| #define STDC_HEADERS 1
| #define HAVE_SYS_TYPES_H 1
| #define HAVE_SYS_STAT_H 1
| #define HAVE_STDLIB_H 1
| #define HAVE_STRING_H 1
| #define HAVE_MEMORY_H 1
| #define HAVE_STRINGS_H 1
| #define HAVE_INTTYPES_H 1
| #define HAVE_STDINT_H 1
| #define HAVE_UNISTD_H 1
| #define HAVE_DLFCN_H 1
| #define LT_OBJDIR ".libs/"
| #define HAVE_PTHREAD_PRIO_INHERIT 1
| #define HAVE_PTHREAD 1
| #define HAVE_DECL_STRERROR_R 1
| #define HAVE_STRERROR_R 1
| #define HAVE_FUNC_ATTRIBUTE_VISIBILITY 1
| /* end confdefs.h.  */
| 
| int
| main ()
| {
| 
|   ;
|   return 0;
| }
configure:21953: result: no
configure:21964: checking whether C++ compiler accepts -fPIC
configure:21983: /root/Downloads/gcx-v-2/depends/x86_64-apple-darwin11/native/bin/clang++ -target x86_64-apple-darwin11 -mmacosx-version-min=10.8 --sysroot /root/Downloads/gcx-v-2/depends/SDKs/MacOSX10.11.sdk -mlinker-version=253.9 -stdlib=libc++ -std=c++11 -c -pipe -O2   -fPIC -I/root/Downloads/gcx-v-2/depends/x86_64-apple-darwin11/share/../include/  -DBOOST_SPIRIT_THREADSAFE -DHAVE_BUILD_INFO -D__STDC_FORMAT_MACROS -DMAC_OSX conftest.cpp >&5
configure:21983: $? = 0
configure:21991: result: yes
configure:21999: checking whether the linker accepts -pic
configure:22018: /root/Downloads/gcx-v-2/depends/x86_64-apple-darwin11/native/bin/clang++ -target x86_64-apple-darwin11 -mmacosx-version-min=10.8 --sysroot /root/Downloads/gcx-v-2/depends/SDKs/MacOSX10.11.sdk -mlinker-version=253.9 -stdlib=libc++ -std=c++11 -o conftest -pipe -O2  -I/root/Downloads/gcx-v-2/depends/x86_64-apple-darwin11/share/../include/  -DBOOST_SPIRIT_THREADSAFE -DHAVE_BUILD_INFO -D__STDC_FORMAT_MACROS -DMAC_OSX -L/root/Downloads/gcx-v-2/depends/x86_64-apple-darwin11/share/../lib  -Wl,-headerpad_max_install_names  -pic conftest.cpp  >&5
clang: error: unknown argument: '-pic'
configure:22018: $? = 1
configure: failed program was:
| /* confdefs.h */
| #define PACKAGE_NAME "GCX Core"
| #define PACKAGE_TARNAME "gcx"
| #define PACKAGE_VERSION "2.0.0"
| #define PACKAGE_STRING "GCX Core 2.0.0"
| #define PACKAGE_BUGREPORT "www.gcx.org"
| #define PACKAGE_URL ""
| #define HAVE_CXX11 1
| #define STDC_HEADERS 1
| #define HAVE_SYS_TYPES_H 1
| #define HAVE_SYS_STAT_H 1
| #define HAVE_STDLIB_H 1
| #define HAVE_STRING_H 1
| #define HAVE_MEMORY_H 1
| #define HAVE_STRINGS_H 1
| #define HAVE_INTTYPES_H 1
| #define HAVE_STDINT_H 1
| #define HAVE_UNISTD_H 1
| #define HAVE_DLFCN_H 1
| #define LT_OBJDIR ".libs/"
| #define HAVE_PTHREAD_PRIO_INHERIT 1
| #define HAVE_PTHREAD 1
| #define HAVE_DECL_STRERROR_R 1
| #define HAVE_STRERROR_R 1
| #define HAVE_FUNC_ATTRIBUTE_VISIBILITY 1
| /* end confdefs.h.  */
| 
| int
| main ()
| {
| 
|   ;
|   return 0;
| }
configure:22027: result: no
configure:22090: checking whether the linker accepts -Wl,-dead_strip
configure:22109: /root/Downloads/gcx-v-2/depends/x86_64-apple-darwin11/native/bin/clang++ -target x86_64-apple-darwin11 -mmacosx-version-min=10.8 --sysroot /root/Downloads/gcx-v-2/depends/SDKs/MacOSX10.11.sdk -mlinker-version=253.9 -stdlib=libc++ -std=c++11 -o conftest -pipe -O2   -Wstack-protector -fstack-protector-all -fPIC -I/root/Downloads/gcx-v-2/depends/x86_64-apple-darwin11/share/../include/  -DBOOST_SPIRIT_THREADSAFE -DHAVE_BUILD_INFO -D__STDC_FORMAT_MACROS -DMAC_OSX  -U_FORTIFY_SOURCE -D_FORTIFY_SOURCE=2 -L/root/Downloads/gcx-v-2/depends/x86_64-apple-darwin11/share/../lib  -Wl,-headerpad_max_install_names   -Wl,-dead_strip conftest.cpp  >&5
configure:22109: $? = 0
configure:22118: result: yes
configure:22131: checking endian.h usability
configure:22131: /root/Downloads/gcx-v-2/depends/x86_64-apple-darwin11/native/bin/clang++ -target x86_64-apple-darwin11 -mmacosx-version-min=10.8 --sysroot /root/Downloads/gcx-v-2/depends/SDKs/MacOSX10.11.sdk -mlinker-version=253.9 -stdlib=libc++ -std=c++11 -c -pipe -O2   -Wstack-protector -fstack-protector-all -fPIC -I/root/Downloads/gcx-v-2/depends/x86_64-apple-darwin11/share/../include/  -DBOOST_SPIRIT_THREADSAFE -DHAVE_BUILD_INFO -D__STDC_FORMAT_MACROS -DMAC_OSX  -U_FORTIFY_SOURCE -D_FORTIFY_SOURCE=2 conftest.cpp >&5
conftest.cpp:60:10: fatal error: 'endian.h' file not found
#include <endian.h>
         ^
1 error generated.
configure:22131: $? = 1
configure: failed program was:
| /* confdefs.h */
| #define PACKAGE_NAME "GCX Core"
| #define PACKAGE_TARNAME "gcx"
| #define PACKAGE_VERSION "2.0.0"
| #define PACKAGE_STRING "GCX Core 2.0.0"
| #define PACKAGE_BUGREPORT "www.gcx.org"
| #define PACKAGE_URL ""
| #define HAVE_CXX11 1
| #define STDC_HEADERS 1
| #define HAVE_SYS_TYPES_H 1
| #define HAVE_SYS_STAT_H 1
| #define HAVE_STDLIB_H 1
| #define HAVE_STRING_H 1
| #define HAVE_MEMORY_H 1
| #define HAVE_STRINGS_H 1
| #define HAVE_INTTYPES_H 1
| #define HAVE_STDINT_H 1
| #define HAVE_UNISTD_H 1
| #define HAVE_DLFCN_H 1
| #define LT_OBJDIR ".libs/"
| #define HAVE_PTHREAD_PRIO_INHERIT 1
| #define HAVE_PTHREAD 1
| #define HAVE_DECL_STRERROR_R 1
| #define HAVE_STRERROR_R 1
| #define HAVE_FUNC_ATTRIBUTE_VISIBILITY 1
| /* end confdefs.h.  */
| #include <stdio.h>
| #ifdef HAVE_SYS_TYPES_H
| # include <sys/types.h>
| #endif
| #ifdef HAVE_SYS_STAT_H
| # include <sys/stat.h>
| #endif
| #ifdef STDC_HEADERS
| # include <stdlib.h>
| # include <stddef.h>
| #else
| # ifdef HAVE_STDLIB_H
| #  include <stdlib.h>
| # endif
| #endif
| #ifdef HAVE_STRING_H
| # if !defined STDC_HEADERS && defined HAVE_MEMORY_H
| #  include <memory.h>
| # endif
| # include <string.h>
| #endif
| #ifdef HAVE_STRINGS_H
| # include <strings.h>
| #endif
| #ifdef HAVE_INTTYPES_H
| # include <inttypes.h>
| #endif
| #ifdef HAVE_STDINT_H
| # include <stdint.h>
| #endif
| #ifdef HAVE_UNISTD_H
| # include <unistd.h>
| #endif
| #include <endian.h>
configure:22131: result: no
configure:22131: checking endian.h presence
configure:22131: /root/Downloads/gcx-v-2/depends/x86_64-apple-darwin11/native/bin/clang++ -target x86_64-apple-darwin11 -mmacosx-version-min=10.8 --sysroot /root/Downloads/gcx-v-2/depends/SDKs/MacOSX10.11.sdk -mlinker-version=253.9 -stdlib=libc++ -std=c++11 -E -I/root/Downloads/gcx-v-2/depends/x86_64-apple-darwin11/share/../include/  -DBOOST_SPIRIT_THREADSAFE -DHAVE_BUILD_INFO -D__STDC_FORMAT_MACROS -DMAC_OSX  -U_FORTIFY_SOURCE -D_FORTIFY_SOURCE=2 conftest.cpp
conftest.cpp:27:10: fatal error: 'endian.h' file not found
#include <endian.h>
         ^
1 error generated.
configure:22131: $? = 1
configure: failed program was:
| /* confdefs.h */
| #define PACKAGE_NAME "GCX Core"
| #define PACKAGE_TARNAME "gcx"
| #define PACKAGE_VERSION "2.0.0"
| #define PACKAGE_STRING "GCX Core 2.0.0"
| #define PACKAGE_BUGREPORT "www.gcx.org"
| #define PACKAGE_URL ""
| #define HAVE_CXX11 1
| #define STDC_HEADERS 1
| #define HAVE_SYS_TYPES_H 1
| #define HAVE_SYS_STAT_H 1
| #define HAVE_STDLIB_H 1
| #define HAVE_STRING_H 1
| #define HAVE_MEMORY_H 1
| #define HAVE_STRINGS_H 1
| #define HAVE_INTTYPES_H 1
| #define HAVE_STDINT_H 1
| #define HAVE_UNISTD_H 1
| #define HAVE_DLFCN_H 1
| #define LT_OBJDIR ".libs/"
| #define HAVE_PTHREAD_PRIO_INHERIT 1
| #define HAVE_PTHREAD 1
| #define HAVE_DECL_STRERROR_R 1
| #define HAVE_STRERROR_R 1
| #define HAVE_FUNC_ATTRIBUTE_VISIBILITY 1
| /* end confdefs.h.  */
| #include <endian.h>
configure:22131: result: no
configure:22131: checking for endian.h
configure:22131: result: no
configure:22131: checking stdio.h usability
configure:22131: /root/Downloads/gcx-v-2/depends/x86_64-apple-darwin11/native/bin/clang++ -target x86_64-apple-darwin11 -mmacosx-version-min=10.8 --sysroot /root/Downloads/gcx-v-2/depends/SDKs/MacOSX10.11.sdk -mlinker-version=253.9 -stdlib=libc++ -std=c++11 -c -pipe -O2   -Wstack-protector -fstack-protector-all -fPIC -I/root/Downloads/gcx-v-2/depends/x86_64-apple-darwin11/share/../include/  -DBOOST_SPIRIT_THREADSAFE -DHAVE_BUILD_INFO -D__STDC_FORMAT_MACROS -DMAC_OSX  -U_FORTIFY_SOURCE -D_FORTIFY_SOURCE=2 conftest.cpp >&5
configure:22131: $? = 0
configure:22131: result: yes
configure:22131: checking stdio.h presence
configure:22131: /root/Downloads/gcx-v-2/depends/x86_64-apple-darwin11/native/bin/clang++ -target x86_64-apple-darwin11 -mmacosx-version-min=10.8 --sysroot /root/Downloads/gcx-v-2/depends/SDKs/MacOSX10.11.sdk -mlinker-version=253.9 -stdlib=libc++ -std=c++11 -E -I/root/Downloads/gcx-v-2/depends/x86_64-apple-darwin11/share/../include/  -DBOOST_SPIRIT_THREADSAFE -DHAVE_BUILD_INFO -D__STDC_FORMAT_MACROS -DMAC_OSX  -U_FORTIFY_SOURCE -D_FORTIFY_SOURCE=2 conftest.cpp
configure:22131: $? = 0
configure:22131: result: yes
configure:22131: checking for stdio.h
configure:22131: result: yes
configure:22131: checking for stdlib.h
configure:22131: result: yes
configure:22131: checking for unistd.h
configure:22131: result: yes
configure:22131: checking for strings.h
configure:22131: result: yes
configure:22131: checking for sys/types.h
configure:22131: result: yes
configure:22131: checking for sys/stat.h
configure:22131: result: yes
configure:22131: checking sys/select.h usability
configure:22131: /root/Downloads/gcx-v-2/depends/x86_64-apple-darwin11/native/bin/clang++ -target x86_64-apple-darwin11 -mmacosx-version-min=10.8 --sysroot /root/Downloads/gcx-v-2/depends/SDKs/MacOSX10.11.sdk -mlinker-version=253.9 -stdlib=libc++ -std=c++11 -c -pipe -O2   -Wstack-protector -fstack-protector-all -fPIC -I/root/Downloads/gcx-v-2/depends/x86_64-apple-darwin11/share/../include/  -DBOOST_SPIRIT_THREADSAFE -DHAVE_BUILD_INFO -D__STDC_FORMAT_MACROS -DMAC_OSX  -U_FORTIFY_SOURCE -D_FORTIFY_SOURCE=2 conftest.cpp >&5
configure:22131: $? = 0
configure:22131: result: yes
configure:22131: checking sys/select.h presence
configure:22131: /root/Downloads/gcx-v-2/depends/x86_64-apple-darwin11/native/bin/clang++ -target x86_64-apple-darwin11 -mmacosx-version-min=10.8 --sysroot /root/Downloads/gcx-v-2/depends/SDKs/MacOSX10.11.sdk -mlinker-version=253.9 -stdlib=libc++ -std=c++11 -E -I/root/Downloads/gcx-v-2/depends/x86_64-apple-darwin11/share/../include/  -DBOOST_SPIRIT_THREADSAFE -DHAVE_BUILD_INFO -D__STDC_FORMAT_MACROS -DMAC_OSX  -U_FORTIFY_SOURCE -D_FORTIFY_SOURCE=2 conftest.cpp
configure:22131: $? = 0
configure:22131: result: yes
configure:22131: checking for sys/select.h
configure:22131: result: yes
configure:22131: checking sys/prctl.h usability
configure:22131: /root/Downloads/gcx-v-2/depends/x86_64-apple-darwin11/native/bin/clang++ -target x86_64-apple-darwin11 -mmacosx-version-min=10.8 --sysroot /root/Downloads/gcx-v-2/depends/SDKs/MacOSX10.11.sdk -mlinker-version=253.9 -stdlib=libc++ -std=c++11 -c -pipe -O2   -Wstack-protector -fstack-protector-all -fPIC -I/root/Downloads/gcx-v-2/depends/x86_64-apple-darwin11/share/../include/  -DBOOST_SPIRIT_THREADSAFE -DHAVE_BUILD_INFO -D__STDC_FORMAT_MACROS -DMAC_OSX  -U_FORTIFY_SOURCE -D_FORTIFY_SOURCE=2 conftest.cpp >&5
conftest.cpp:67:10: fatal error: 'sys/prctl.h' file not found
#include <sys/prctl.h>
         ^
1 error generated.
configure:22131: $? = 1
configure: failed program was:
| /* confdefs.h */
| #define PACKAGE_NAME "GCX Core"
| #define PACKAGE_TARNAME "gcx"
| #define PACKAGE_VERSION "2.0.0"
| #define PACKAGE_STRING "GCX Core 2.0.0"
| #define PACKAGE_BUGREPORT "www.gcx.org"
| #define PACKAGE_URL ""
| #define HAVE_CXX11 1
| #define STDC_HEADERS 1
| #define HAVE_SYS_TYPES_H 1
| #define HAVE_SYS_STAT_H 1
| #define HAVE_STDLIB_H 1
| #define HAVE_STRING_H 1
| #define HAVE_MEMORY_H 1
| #define HAVE_STRINGS_H 1
| #define HAVE_INTTYPES_H 1
| #define HAVE_STDINT_H 1
| #define HAVE_UNISTD_H 1
| #define HAVE_DLFCN_H 1
| #define LT_OBJDIR ".libs/"
| #define HAVE_PTHREAD_PRIO_INHERIT 1
| #define HAVE_PTHREAD 1
| #define HAVE_DECL_STRERROR_R 1
| #define HAVE_STRERROR_R 1
| #define HAVE_FUNC_ATTRIBUTE_VISIBILITY 1
| #define HAVE_STDIO_H 1
| #define HAVE_STDLIB_H 1
| #define HAVE_UNISTD_H 1
| #define HAVE_STRINGS_H 1
| #define HAVE_SYS_TYPES_H 1
| #define HAVE_SYS_STAT_H 1
| #define HAVE_SYS_SELECT_H 1
| /* end confdefs.h.  */
| #include <stdio.h>
| #ifdef HAVE_SYS_TYPES_H
| # include <sys/types.h>
| #endif
| #ifdef HAVE_SYS_STAT_H
| # include <sys/stat.h>
| #endif
| #ifdef STDC_HEADERS
| # include <stdlib.h>
| # include <stddef.h>
| #else
| # ifdef HAVE_STDLIB_H
| #  include <stdlib.h>
| # endif
| #endif
| #ifdef HAVE_STRING_H
| # if !defined STDC_HEADERS && defined HAVE_MEMORY_H
| #  include <memory.h>
| # endif
| # include <string.h>
| #endif
| #ifdef HAVE_STRINGS_H
| # include <strings.h>
| #endif
| #ifdef HAVE_INTTYPES_H
| # include <inttypes.h>
| #endif
| #ifdef HAVE_STDINT_H
| # include <stdint.h>
| #endif
| #ifdef HAVE_UNISTD_H
| # include <unistd.h>
| #endif
| #include <sys/prctl.h>
configure:22131: result: no
configure:22131: checking sys/prctl.h presence
configure:22131: /root/Downloads/gcx-v-2/depends/x86_64-apple-darwin11/native/bin/clang++ -target x86_64-apple-darwin11 -mmacosx-version-min=10.8 --sysroot /root/Downloads/gcx-v-2/depends/SDKs/MacOSX10.11.sdk -mlinker-version=253.9 -stdlib=libc++ -std=c++11 -E -I/root/Downloads/gcx-v-2/depends/x86_64-apple-darwin11/share/../include/  -DBOOST_SPIRIT_THREADSAFE -DHAVE_BUILD_INFO -D__STDC_FORMAT_MACROS -DMAC_OSX  -U_FORTIFY_SOURCE -D_FORTIFY_SOURCE=2 conftest.cpp
conftest.cpp:34:10: fatal error: 'sys/prctl.h' file not found
#include <sys/prctl.h>
         ^
1 error generated.
configure:22131: $? = 1
configure: failed program was:
| /* confdefs.h */
| #define PACKAGE_NAME "GCX Core"
| #define PACKAGE_TARNAME "gcx"
| #define PACKAGE_VERSION "2.0.0"
| #define PACKAGE_STRING "GCX Core 2.0.0"
| #define PACKAGE_BUGREPORT "www.gcx.org"
| #define PACKAGE_URL ""
| #define HAVE_CXX11 1
| #define STDC_HEADERS 1
| #define HAVE_SYS_TYPES_H 1
| #define HAVE_SYS_STAT_H 1
| #define HAVE_STDLIB_H 1
| #define HAVE_STRING_H 1
| #define HAVE_MEMORY_H 1
| #define HAVE_STRINGS_H 1
| #define HAVE_INTTYPES_H 1
| #define HAVE_STDINT_H 1
| #define HAVE_UNISTD_H 1
| #define HAVE_DLFCN_H 1
| #define LT_OBJDIR ".libs/"
| #define HAVE_PTHREAD_PRIO_INHERIT 1
| #define HAVE_PTHREAD 1
| #define HAVE_DECL_STRERROR_R 1
| #define HAVE_STRERROR_R 1
| #define HAVE_FUNC_ATTRIBUTE_VISIBILITY 1
| #define HAVE_STDIO_H 1
| #define HAVE_STDLIB_H 1
| #define HAVE_UNISTD_H 1
| #define HAVE_STRINGS_H 1
| #define HAVE_SYS_TYPES_H 1
| #define HAVE_SYS_STAT_H 1
| #define HAVE_SYS_SELECT_H 1
| /* end confdefs.h.  */
| #include <sys/prctl.h>
configure:22131: result: no
configure:22131: checking for sys/prctl.h
configure:22131: result: no
configure:22141: checking for library containing getaddrinfo_a
configure:22172: /root/Downloads/gcx-v-2/depends/x86_64-apple-darwin11/native/bin/clang++ -target x86_64-apple-darwin11 -mmacosx-version-min=10.8 --sysroot /root/Downloads/gcx-v-2/depends/SDKs/MacOSX10.11.sdk -mlinker-version=253.9 -stdlib=libc++ -std=c++11 -o conftest -pipe -O2   -Wstack-protector -fstack-protector-all -fPIC -I/root/Downloads/gcx-v-2/depends/x86_64-apple-darwin11/share/../include/  -DBOOST_SPIRIT_THREADSAFE -DHAVE_BUILD_INFO -D__STDC_FORMAT_MACROS -DMAC_OSX  -U_FORTIFY_SOURCE -D_FORTIFY_SOURCE=2 -L/root/Downloads/gcx-v-2/depends/x86_64-apple-darwin11/share/../lib  -Wl,-headerpad_max_install_names  -Wl,-dead_strip conftest.cpp  >&5
Undefined symbols for architecture x86_64:
  "_getaddrinfo_a", referenced from:
      _main in conftest-4a4083.o
ld: symbol(s) not found for architecture x86_64
clang: error: linker command failed with exit code 1 (use -v to see invocation)
configure:22172: $? = 1
configure: failed program was:
| /* confdefs.h */
| #define PACKAGE_NAME "GCX Core"
| #define PACKAGE_TARNAME "gcx"
| #define PACKAGE_VERSION "2.0.0"
| #define PACKAGE_STRING "GCX Core 2.0.0"
| #define PACKAGE_BUGREPORT "www.gcx.org"
| #define PACKAGE_URL ""
| #define HAVE_CXX11 1
| #define STDC_HEADERS 1
| #define HAVE_SYS_TYPES_H 1
| #define HAVE_SYS_STAT_H 1
| #define HAVE_STDLIB_H 1
| #define HAVE_STRING_H 1
| #define HAVE_MEMORY_H 1
| #define HAVE_STRINGS_H 1
| #define HAVE_INTTYPES_H 1
| #define HAVE_STDINT_H 1
| #define HAVE_UNISTD_H 1
| #define HAVE_DLFCN_H 1
| #define LT_OBJDIR ".libs/"
| #define HAVE_PTHREAD_PRIO_INHERIT 1
| #define HAVE_PTHREAD 1
| #define HAVE_DECL_STRERROR_R 1
| #define HAVE_STRERROR_R 1
| #define HAVE_FUNC_ATTRIBUTE_VISIBILITY 1
| #define HAVE_STDIO_H 1
| #define HAVE_STDLIB_H 1
| #define HAVE_UNISTD_H 1
| #define HAVE_STRINGS_H 1
| #define HAVE_SYS_TYPES_H 1
| #define HAVE_SYS_STAT_H 1
| #define HAVE_SYS_SELECT_H 1
| /* end confdefs.h.  */
| 
| /* Override any GCC internal prototype to avoid an error.
|    Use char because int might match the return type of a GCC
|    builtin and then its argument prototype would still apply.  */
| #ifdef __cplusplus
| extern "C"
| #endif
| char getaddrinfo_a ();
| int
| main ()
| {
| return getaddrinfo_a ();
|   ;
|   return 0;
| }
configure:22172: /root/Downloads/gcx-v-2/depends/x86_64-apple-darwin11/native/bin/clang++ -target x86_64-apple-darwin11 -mmacosx-version-min=10.8 --sysroot /root/Downloads/gcx-v-2/depends/SDKs/MacOSX10.11.sdk -mlinker-version=253.9 -stdlib=libc++ -std=c++11 -o conftest -pipe -O2   -Wstack-protector -fstack-protector-all -fPIC -I/root/Downloads/gcx-v-2/depends/x86_64-apple-darwin11/share/../include/  -DBOOST_SPIRIT_THREADSAFE -DHAVE_BUILD_INFO -D__STDC_FORMAT_MACROS -DMAC_OSX  -U_FORTIFY_SOURCE -D_FORTIFY_SOURCE=2 -L/root/Downloads/gcx-v-2/depends/x86_64-apple-darwin11/share/../lib  -Wl,-headerpad_max_install_names  -Wl,-dead_strip conftest.cpp -lanl   >&5
ld: library not found for -lanl
clang: error: linker command failed with exit code 1 (use -v to see invocation)
configure:22172: $? = 1
configure: failed program was:
| /* confdefs.h */
| #define PACKAGE_NAME "GCX Core"
| #define PACKAGE_TARNAME "gcx"
| #define PACKAGE_VERSION "2.0.0"
| #define PACKAGE_STRING "GCX Core 2.0.0"
| #define PACKAGE_BUGREPORT "www.gcx.org"
| #define PACKAGE_URL ""
| #define HAVE_CXX11 1
| #define STDC_HEADERS 1
| #define HAVE_SYS_TYPES_H 1
| #define HAVE_SYS_STAT_H 1
| #define HAVE_STDLIB_H 1
| #define HAVE_STRING_H 1
| #define HAVE_MEMORY_H 1
| #define HAVE_STRINGS_H 1
| #define HAVE_INTTYPES_H 1
| #define HAVE_STDINT_H 1
| #define HAVE_UNISTD_H 1
| #define HAVE_DLFCN_H 1
| #define LT_OBJDIR ".libs/"
| #define HAVE_PTHREAD_PRIO_INHERIT 1
| #define HAVE_PTHREAD 1
| #define HAVE_DECL_STRERROR_R 1
| #define HAVE_STRERROR_R 1
| #define HAVE_FUNC_ATTRIBUTE_VISIBILITY 1
| #define HAVE_STDIO_H 1
| #define HAVE_STDLIB_H 1
| #define HAVE_UNISTD_H 1
| #define HAVE_STRINGS_H 1
| #define HAVE_SYS_TYPES_H 1
| #define HAVE_SYS_STAT_H 1
| #define HAVE_SYS_SELECT_H 1
| /* end confdefs.h.  */
| 
| /* Override any GCC internal prototype to avoid an error.
|    Use char because int might match the return type of a GCC
|    builtin and then its argument prototype would still apply.  */
| #ifdef __cplusplus
| extern "C"
| #endif
| char getaddrinfo_a ();
| int
| main ()
| {
| return getaddrinfo_a ();
|   ;
|   return 0;
| }
configure:22189: result: no
configure:22199: checking for library containing inet_pton
configure:22230: /root/Downloads/gcx-v-2/depends/x86_64-apple-darwin11/native/bin/clang++ -target x86_64-apple-darwin11 -mmacosx-version-min=10.8 --sysroot /root/Downloads/gcx-v-2/depends/SDKs/MacOSX10.11.sdk -mlinker-version=253.9 -stdlib=libc++ -std=c++11 -o conftest -pipe -O2   -Wstack-protector -fstack-protector-all -fPIC -I/root/Downloads/gcx-v-2/depends/x86_64-apple-darwin11/share/../include/  -DBOOST_SPIRIT_THREADSAFE -DHAVE_BUILD_INFO -D__STDC_FORMAT_MACROS -DMAC_OSX  -U_FORTIFY_SOURCE -D_FORTIFY_SOURCE=2 -L/root/Downloads/gcx-v-2/depends/x86_64-apple-darwin11/share/../lib  -Wl,-headerpad_max_install_names  -Wl,-dead_strip conftest.cpp  >&5
configure:22230: $? = 0
configure:22247: result: none required
configure:22258: checking whether strnlen is declared
configure:22258: /root/Downloads/gcx-v-2/depends/x86_64-apple-darwin11/native/bin/clang++ -target x86_64-apple-darwin11 -mmacosx-version-min=10.8 --sysroot /root/Downloads/gcx-v-2/depends/SDKs/MacOSX10.11.sdk -mlinker-version=253.9 -stdlib=libc++ -std=c++11 -c -pipe -O2   -Wstack-protector -fstack-protector-all -fPIC -I/root/Downloads/gcx-v-2/depends/x86_64-apple-darwin11/share/../include/  -DBOOST_SPIRIT_THREADSAFE -DHAVE_BUILD_INFO -D__STDC_FORMAT_MACROS -DMAC_OSX  -U_FORTIFY_SOURCE -D_FORTIFY_SOURCE=2 conftest.cpp >&5
configure:22258: $? = 0
configure:22258: result: yes
configure:22270: checking whether le32toh is declared
configure:22270: /root/Downloads/gcx-v-2/depends/x86_64-apple-darwin11/native/bin/clang++ -target x86_64-apple-darwin11 -mmacosx-version-min=10.8 --sysroot /root/Downloads/gcx-v-2/depends/SDKs/MacOSX10.11.sdk -mlinker-version=253.9 -stdlib=libc++ -std=c++11 -c -pipe -O2   -Wstack-protector -fstack-protector-all -fPIC -I/root/Downloads/gcx-v-2/depends/x86_64-apple-darwin11/share/../include/  -DBOOST_SPIRIT_THREADSAFE -DHAVE_BUILD_INFO -D__STDC_FORMAT_MACROS -DMAC_OSX  -U_FORTIFY_SOURCE -D_FORTIFY_SOURCE=2 conftest.cpp >&5
conftest.cpp:45:10: error: use of undeclared identifier 'le32toh'
  (void) le32toh;
         ^
1 error generated.
configure:22270: $? = 1
configure: failed program was:
| /* confdefs.h */
| #define PACKAGE_NAME "GCX Core"
| #define PACKAGE_TARNAME "gcx"
| #define PACKAGE_VERSION "2.0.0"
| #define PACKAGE_STRING "GCX Core 2.0.0"
| #define PACKAGE_BUGREPORT "www.gcx.org"
| #define PACKAGE_URL ""
| #define HAVE_CXX11 1
| #define STDC_HEADERS 1
| #define HAVE_SYS_TYPES_H 1
| #define HAVE_SYS_STAT_H 1
| #define HAVE_STDLIB_H 1
| #define HAVE_STRING_H 1
| #define HAVE_MEMORY_H 1
| #define HAVE_STRINGS_H 1
| #define HAVE_INTTYPES_H 1
| #define HAVE_STDINT_H 1
| #define HAVE_UNISTD_H 1
| #define HAVE_DLFCN_H 1
| #define LT_OBJDIR ".libs/"
| #define HAVE_PTHREAD_PRIO_INHERIT 1
| #define HAVE_PTHREAD 1
| #define HAVE_DECL_STRERROR_R 1
| #define HAVE_STRERROR_R 1
| #define HAVE_FUNC_ATTRIBUTE_VISIBILITY 1
| #define HAVE_STDIO_H 1
| #define HAVE_STDLIB_H 1
| #define HAVE_UNISTD_H 1
| #define HAVE_STRINGS_H 1
| #define HAVE_SYS_TYPES_H 1
| #define HAVE_SYS_STAT_H 1
| #define HAVE_SYS_SELECT_H 1
| #define HAVE_INET_PTON 1
| #define HAVE_DECL_STRNLEN 1
| /* end confdefs.h.  */
| #if HAVE_ENDIAN_H
|                  #include <endian.h>
|                  #endif
| 
| int
| main ()
| {
| #ifndef le32toh
| #ifdef __cplusplus
|   (void) le32toh;
| #else
|   (void) le32toh;
| #endif
| #endif
| 
|   ;
|   return 0;
| }
configure:22270: result: no
configure:22283: checking whether le64toh is declared
configure:22283: /root/Downloads/gcx-v-2/depends/x86_64-apple-darwin11/native/bin/clang++ -target x86_64-apple-darwin11 -mmacosx-version-min=10.8 --sysroot /root/Downloads/gcx-v-2/depends/SDKs/MacOSX10.11.sdk -mlinker-version=253.9 -stdlib=libc++ -std=c++11 -c -pipe -O2   -Wstack-protector -fstack-protector-all -fPIC -I/root/Downloads/gcx-v-2/depends/x86_64-apple-darwin11/share/../include/  -DBOOST_SPIRIT_THREADSAFE -DHAVE_BUILD_INFO -D__STDC_FORMAT_MACROS -DMAC_OSX  -U_FORTIFY_SOURCE -D_FORTIFY_SOURCE=2 conftest.cpp >&5
conftest.cpp:46:10: error: use of undeclared identifier 'le64toh'
  (void) le64toh;
         ^
1 error generated.
configure:22283: $? = 1
configure: failed program was:
| /* confdefs.h */
| #define PACKAGE_NAME "GCX Core"
| #define PACKAGE_TARNAME "gcx"
| #define PACKAGE_VERSION "2.0.0"
| #define PACKAGE_STRING "GCX Core 2.0.0"
| #define PACKAGE_BUGREPORT "www.gcx.org"
| #define PACKAGE_URL ""
| #define HAVE_CXX11 1
| #define STDC_HEADERS 1
| #define HAVE_SYS_TYPES_H 1
| #define HAVE_SYS_STAT_H 1
| #define HAVE_STDLIB_H 1
| #define HAVE_STRING_H 1
| #define HAVE_MEMORY_H 1
| #define HAVE_STRINGS_H 1
| #define HAVE_INTTYPES_H 1
| #define HAVE_STDINT_H 1
| #define HAVE_UNISTD_H 1
| #define HAVE_DLFCN_H 1
| #define LT_OBJDIR ".libs/"
| #define HAVE_PTHREAD_PRIO_INHERIT 1
| #define HAVE_PTHREAD 1
| #define HAVE_DECL_STRERROR_R 1
| #define HAVE_STRERROR_R 1
| #define HAVE_FUNC_ATTRIBUTE_VISIBILITY 1
| #define HAVE_STDIO_H 1
| #define HAVE_STDLIB_H 1
| #define HAVE_UNISTD_H 1
| #define HAVE_STRINGS_H 1
| #define HAVE_SYS_TYPES_H 1
| #define HAVE_SYS_STAT_H 1
| #define HAVE_SYS_SELECT_H 1
| #define HAVE_INET_PTON 1
| #define HAVE_DECL_STRNLEN 1
| #define HAVE_DECL_LE32TOH 0
| /* end confdefs.h.  */
| #if HAVE_ENDIAN_H
|                  #include <endian.h>
|                  #endif
| 
| int
| main ()
| {
| #ifndef le64toh
| #ifdef __cplusplus
|   (void) le64toh;
| #else
|   (void) le64toh;
| #endif
| #endif
| 
|   ;
|   return 0;
| }
configure:22283: result: no
configure:22296: checking whether htole32 is declared
configure:22296: /root/Downloads/gcx-v-2/depends/x86_64-apple-darwin11/native/bin/clang++ -target x86_64-apple-darwin11 -mmacosx-version-min=10.8 --sysroot /root/Downloads/gcx-v-2/depends/SDKs/MacOSX10.11.sdk -mlinker-version=253.9 -stdlib=libc++ -std=c++11 -c -pipe -O2   -Wstack-protector -fstack-protector-all -fPIC -I/root/Downloads/gcx-v-2/depends/x86_64-apple-darwin11/share/../include/  -DBOOST_SPIRIT_THREADSAFE -DHAVE_BUILD_INFO -D__STDC_FORMAT_MACROS -DMAC_OSX  -U_FORTIFY_SOURCE -D_FORTIFY_SOURCE=2 conftest.cpp >&5
conftest.cpp:47:10: error: use of undeclared identifier 'htole32'
  (void) htole32;
         ^
1 error generated.
configure:22296: $? = 1
configure: failed program was:
| /* confdefs.h */
| #define PACKAGE_NAME "GCX Core"
| #define PACKAGE_TARNAME "gcx"
| #define PACKAGE_VERSION "2.0.0"
| #define PACKAGE_STRING "GCX Core 2.0.0"
| #define PACKAGE_BUGREPORT "www.gcx.org"
| #define PACKAGE_URL ""
| #define HAVE_CXX11 1
| #define STDC_HEADERS 1
| #define HAVE_SYS_TYPES_H 1
| #define HAVE_SYS_STAT_H 1
| #define HAVE_STDLIB_H 1
| #define HAVE_STRING_H 1
| #define HAVE_MEMORY_H 1
| #define HAVE_STRINGS_H 1
| #define HAVE_INTTYPES_H 1
| #define HAVE_STDINT_H 1
| #define HAVE_UNISTD_H 1
| #define HAVE_DLFCN_H 1
| #define LT_OBJDIR ".libs/"
| #define HAVE_PTHREAD_PRIO_INHERIT 1
| #define HAVE_PTHREAD 1
| #define HAVE_DECL_STRERROR_R 1
| #define HAVE_STRERROR_R 1
| #define HAVE_FUNC_ATTRIBUTE_VISIBILITY 1
| #define HAVE_STDIO_H 1
| #define HAVE_STDLIB_H 1
| #define HAVE_UNISTD_H 1
| #define HAVE_STRINGS_H 1
| #define HAVE_SYS_TYPES_H 1
| #define HAVE_SYS_STAT_H 1
| #define HAVE_SYS_SELECT_H 1
| #define HAVE_INET_PTON 1
| #define HAVE_DECL_STRNLEN 1
| #define HAVE_DECL_LE32TOH 0
| #define HAVE_DECL_LE64TOH 0
| /* end confdefs.h.  */
| #if HAVE_ENDIAN_H
|                  #include <endian.h>
|                  #endif
| 
| int
| main ()
| {
| #ifndef htole32
| #ifdef __cplusplus
|   (void) htole32;
| #else
|   (void) htole32;
| #endif
| #endif
| 
|   ;
|   return 0;
| }
configure:22296: result: no
configure:22309: checking whether htole64 is declared
configure:22309: /root/Downloads/gcx-v-2/depends/x86_64-apple-darwin11/native/bin/clang++ -target x86_64-apple-darwin11 -mmacosx-version-min=10.8 --sysroot /root/Downloads/gcx-v-2/depends/SDKs/MacOSX10.11.sdk -mlinker-version=253.9 -stdlib=libc++ -std=c++11 -c -pipe -O2   -Wstack-protector -fstack-protector-all -fPIC -I/root/Downloads/gcx-v-2/depends/x86_64-apple-darwin11/share/../include/  -DBOOST_SPIRIT_THREADSAFE -DHAVE_BUILD_INFO -D__STDC_FORMAT_MACROS -DMAC_OSX  -U_FORTIFY_SOURCE -D_FORTIFY_SOURCE=2 conftest.cpp >&5
conftest.cpp:48:10: error: use of undeclared identifier 'htole64'
  (void) htole64;
         ^
1 error generated.
configure:22309: $? = 1
configure: failed program was:
| /* confdefs.h */
| #define PACKAGE_NAME "GCX Core"
| #define PACKAGE_TARNAME "gcx"
| #define PACKAGE_VERSION "2.0.0"
| #define PACKAGE_STRING "GCX Core 2.0.0"
| #define PACKAGE_BUGREPORT "www.gcx.org"
| #define PACKAGE_URL ""
| #define HAVE_CXX11 1
| #define STDC_HEADERS 1
| #define HAVE_SYS_TYPES_H 1
| #define HAVE_SYS_STAT_H 1
| #define HAVE_STDLIB_H 1
| #define HAVE_STRING_H 1
| #define HAVE_MEMORY_H 1
| #define HAVE_STRINGS_H 1
| #define HAVE_INTTYPES_H 1
| #define HAVE_STDINT_H 1
| #define HAVE_UNISTD_H 1
| #define HAVE_DLFCN_H 1
| #define LT_OBJDIR ".libs/"
| #define HAVE_PTHREAD_PRIO_INHERIT 1
| #define HAVE_PTHREAD 1
| #define HAVE_DECL_STRERROR_R 1
| #define HAVE_STRERROR_R 1
| #define HAVE_FUNC_ATTRIBUTE_VISIBILITY 1
| #define HAVE_STDIO_H 1
| #define HAVE_STDLIB_H 1
| #define HAVE_UNISTD_H 1
| #define HAVE_STRINGS_H 1
| #define HAVE_SYS_TYPES_H 1
| #define HAVE_SYS_STAT_H 1
| #define HAVE_SYS_SELECT_H 1
| #define HAVE_INET_PTON 1
| #define HAVE_DECL_STRNLEN 1
| #define HAVE_DECL_LE32TOH 0
| #define HAVE_DECL_LE64TOH 0
| #define HAVE_DECL_HTOLE32 0
| /* end confdefs.h.  */
| #if HAVE_ENDIAN_H
|                  #include <endian.h>
|                  #endif
| 
| int
| main ()
| {
| #ifndef htole64
| #ifdef __cplusplus
|   (void) htole64;
| #else
|   (void) htole64;
| #endif
| #endif
| 
|   ;
|   return 0;
| }
configure:22309: result: no
configure:22322: checking whether be32toh is declared
configure:22322: /root/Downloads/gcx-v-2/depends/x86_64-apple-darwin11/native/bin/clang++ -target x86_64-apple-darwin11 -mmacosx-version-min=10.8 --sysroot /root/Downloads/gcx-v-2/depends/SDKs/MacOSX10.11.sdk -mlinker-version=253.9 -stdlib=libc++ -std=c++11 -c -pipe -O2   -Wstack-protector -fstack-protector-all -fPIC -I/root/Downloads/gcx-v-2/depends/x86_64-apple-darwin11/share/../include/  -DBOOST_SPIRIT_THREADSAFE -DHAVE_BUILD_INFO -D__STDC_FORMAT_MACROS -DMAC_OSX  -U_FORTIFY_SOURCE -D_FORTIFY_SOURCE=2 conftest.cpp >&5
conftest.cpp:49:10: error: use of undeclared identifier 'be32toh'
  (void) be32toh;
         ^
1 error generated.
configure:22322: $? = 1
configure: failed program was:
| /* confdefs.h */
| #define PACKAGE_NAME "GCX Core"
| #define PACKAGE_TARNAME "gcx"
| #define PACKAGE_VERSION "2.0.0"
| #define PACKAGE_STRING "GCX Core 2.0.0"
| #define PACKAGE_BUGREPORT "www.gcx.org"
| #define PACKAGE_URL ""
| #define HAVE_CXX11 1
| #define STDC_HEADERS 1
| #define HAVE_SYS_TYPES_H 1
| #define HAVE_SYS_STAT_H 1
| #define HAVE_STDLIB_H 1
| #define HAVE_STRING_H 1
| #define HAVE_MEMORY_H 1
| #define HAVE_STRINGS_H 1
| #define HAVE_INTTYPES_H 1
| #define HAVE_STDINT_H 1
| #define HAVE_UNISTD_H 1
| #define HAVE_DLFCN_H 1
| #define LT_OBJDIR ".libs/"
| #define HAVE_PTHREAD_PRIO_INHERIT 1
| #define HAVE_PTHREAD 1
| #define HAVE_DECL_STRERROR_R 1
| #define HAVE_STRERROR_R 1
| #define HAVE_FUNC_ATTRIBUTE_VISIBILITY 1
| #define HAVE_STDIO_H 1
| #define HAVE_STDLIB_H 1
| #define HAVE_UNISTD_H 1
| #define HAVE_STRINGS_H 1
| #define HAVE_SYS_TYPES_H 1
| #define HAVE_SYS_STAT_H 1
| #define HAVE_SYS_SELECT_H 1
| #define HAVE_INET_PTON 1
| #define HAVE_DECL_STRNLEN 1
| #define HAVE_DECL_LE32TOH 0
| #define HAVE_DECL_LE64TOH 0
| #define HAVE_DECL_HTOLE32 0
| #define HAVE_DECL_HTOLE64 0
| /* end confdefs.h.  */
| #if HAVE_ENDIAN_H
|                  #include <endian.h>
|                  #endif
| 
| int
| main ()
| {
| #ifndef be32toh
| #ifdef __cplusplus
|   (void) be32toh;
| #else
|   (void) be32toh;
| #endif
| #endif
| 
|   ;
|   return 0;
| }
configure:22322: result: no
configure:22335: checking whether be64toh is declared
configure:22335: /root/Downloads/gcx-v-2/depends/x86_64-apple-darwin11/native/bin/clang++ -target x86_64-apple-darwin11 -mmacosx-version-min=10.8 --sysroot /root/Downloads/gcx-v-2/depends/SDKs/MacOSX10.11.sdk -mlinker-version=253.9 -stdlib=libc++ -std=c++11 -c -pipe -O2   -Wstack-protector -fstack-protector-all -fPIC -I/root/Downloads/gcx-v-2/depends/x86_64-apple-darwin11/share/../include/  -DBOOST_SPIRIT_THREADSAFE -DHAVE_BUILD_INFO -D__STDC_FORMAT_MACROS -DMAC_OSX  -U_FORTIFY_SOURCE -D_FORTIFY_SOURCE=2 conftest.cpp >&5
conftest.cpp:50:10: error: use of undeclared identifier 'be64toh'
  (void) be64toh;
         ^
1 error generated.
configure:22335: $? = 1
configure: failed program was:
| /* confdefs.h */
| #define PACKAGE_NAME "GCX Core"
| #define PACKAGE_TARNAME "gcx"
| #define PACKAGE_VERSION "2.0.0"
| #define PACKAGE_STRING "GCX Core 2.0.0"
| #define PACKAGE_BUGREPORT "www.gcx.org"
| #define PACKAGE_URL ""
| #define HAVE_CXX11 1
| #define STDC_HEADERS 1
| #define HAVE_SYS_TYPES_H 1
| #define HAVE_SYS_STAT_H 1
| #define HAVE_STDLIB_H 1
| #define HAVE_STRING_H 1
| #define HAVE_MEMORY_H 1
| #define HAVE_STRINGS_H 1
| #define HAVE_INTTYPES_H 1
| #define HAVE_STDINT_H 1
| #define HAVE_UNISTD_H 1
| #define HAVE_DLFCN_H 1
| #define LT_OBJDIR ".libs/"
| #define HAVE_PTHREAD_PRIO_INHERIT 1
| #define HAVE_PTHREAD 1
| #define HAVE_DECL_STRERROR_R 1
| #define HAVE_STRERROR_R 1
| #define HAVE_FUNC_ATTRIBUTE_VISIBILITY 1
| #define HAVE_STDIO_H 1
| #define HAVE_STDLIB_H 1
| #define HAVE_UNISTD_H 1
| #define HAVE_STRINGS_H 1
| #define HAVE_SYS_TYPES_H 1
| #define HAVE_SYS_STAT_H 1
| #define HAVE_SYS_SELECT_H 1
| #define HAVE_INET_PTON 1
| #define HAVE_DECL_STRNLEN 1
| #define HAVE_DECL_LE32TOH 0
| #define HAVE_DECL_LE64TOH 0
| #define HAVE_DECL_HTOLE32 0
| #define HAVE_DECL_HTOLE64 0
| #define HAVE_DECL_BE32TOH 0
| /* end confdefs.h.  */
| #if HAVE_ENDIAN_H
|                  #include <endian.h>
|                  #endif
| 
| int
| main ()
| {
| #ifndef be64toh
| #ifdef __cplusplus
|   (void) be64toh;
| #else
|   (void) be64toh;
| #endif
| #endif
| 
|   ;
|   return 0;
| }
configure:22335: result: no
configure:22348: checking whether htobe32 is declared
configure:22348: /root/Downloads/gcx-v-2/depends/x86_64-apple-darwin11/native/bin/clang++ -target x86_64-apple-darwin11 -mmacosx-version-min=10.8 --sysroot /root/Downloads/gcx-v-2/depends/SDKs/MacOSX10.11.sdk -mlinker-version=253.9 -stdlib=libc++ -std=c++11 -c -pipe -O2   -Wstack-protector -fstack-protector-all -fPIC -I/root/Downloads/gcx-v-2/depends/x86_64-apple-darwin11/share/../include/  -DBOOST_SPIRIT_THREADSAFE -DHAVE_BUILD_INFO -D__STDC_FORMAT_MACROS -DMAC_OSX  -U_FORTIFY_SOURCE -D_FORTIFY_SOURCE=2 conftest.cpp >&5
conftest.cpp:51:10: error: use of undeclared identifier 'htobe32'
  (void) htobe32;
         ^
1 error generated.
configure:22348: $? = 1
configure: failed program was:
| /* confdefs.h */
| #define PACKAGE_NAME "GCX Core"
| #define PACKAGE_TARNAME "gcx"
| #define PACKAGE_VERSION "2.0.0"
| #define PACKAGE_STRING "GCX Core 2.0.0"
| #define PACKAGE_BUGREPORT "www.gcx.org"
| #define PACKAGE_URL ""
| #define HAVE_CXX11 1
| #define STDC_HEADERS 1
| #define HAVE_SYS_TYPES_H 1
| #define HAVE_SYS_STAT_H 1
| #define HAVE_STDLIB_H 1
| #define HAVE_STRING_H 1
| #define HAVE_MEMORY_H 1
| #define HAVE_STRINGS_H 1
| #define HAVE_INTTYPES_H 1
| #define HAVE_STDINT_H 1
| #define HAVE_UNISTD_H 1
| #define HAVE_DLFCN_H 1
| #define LT_OBJDIR ".libs/"
| #define HAVE_PTHREAD_PRIO_INHERIT 1
| #define HAVE_PTHREAD 1
| #define HAVE_DECL_STRERROR_R 1
| #define HAVE_STRERROR_R 1
| #define HAVE_FUNC_ATTRIBUTE_VISIBILITY 1
| #define HAVE_STDIO_H 1
| #define HAVE_STDLIB_H 1
| #define HAVE_UNISTD_H 1
| #define HAVE_STRINGS_H 1
| #define HAVE_SYS_TYPES_H 1
| #define HAVE_SYS_STAT_H 1
| #define HAVE_SYS_SELECT_H 1
| #define HAVE_INET_PTON 1
| #define HAVE_DECL_STRNLEN 1
| #define HAVE_DECL_LE32TOH 0
| #define HAVE_DECL_LE64TOH 0
| #define HAVE_DECL_HTOLE32 0
| #define HAVE_DECL_HTOLE64 0
| #define HAVE_DECL_BE32TOH 0
| #define HAVE_DECL_BE64TOH 0
| /* end confdefs.h.  */
| #if HAVE_ENDIAN_H
|                  #include <endian.h>
|                  #endif
| 
| int
| main ()
| {
| #ifndef htobe32
| #ifdef __cplusplus
|   (void) htobe32;
| #else
|   (void) htobe32;
| #endif
| #endif
| 
|   ;
|   return 0;
| }
configure:22348: result: no
configure:22361: checking whether htobe64 is declared
configure:22361: /root/Downloads/gcx-v-2/depends/x86_64-apple-darwin11/native/bin/clang++ -target x86_64-apple-darwin11 -mmacosx-version-min=10.8 --sysroot /root/Downloads/gcx-v-2/depends/SDKs/MacOSX10.11.sdk -mlinker-version=253.9 -stdlib=libc++ -std=c++11 -c -pipe -O2   -Wstack-protector -fstack-protector-all -fPIC -I/root/Downloads/gcx-v-2/depends/x86_64-apple-darwin11/share/../include/  -DBOOST_SPIRIT_THREADSAFE -DHAVE_BUILD_INFO -D__STDC_FORMAT_MACROS -DMAC_OSX  -U_FORTIFY_SOURCE -D_FORTIFY_SOURCE=2 conftest.cpp >&5
conftest.cpp:52:10: error: use of undeclared identifier 'htobe64'
  (void) htobe64;
         ^
1 error generated.
configure:22361: $? = 1
configure: failed program was:
| /* confdefs.h */
| #define PACKAGE_NAME "GCX Core"
| #define PACKAGE_TARNAME "gcx"
| #define PACKAGE_VERSION "2.0.0"
| #define PACKAGE_STRING "GCX Core 2.0.0"
| #define PACKAGE_BUGREPORT "www.gcx.org"
| #define PACKAGE_URL ""
| #define HAVE_CXX11 1
| #define STDC_HEADERS 1
| #define HAVE_SYS_TYPES_H 1
| #define HAVE_SYS_STAT_H 1
| #define HAVE_STDLIB_H 1
| #define HAVE_STRING_H 1
| #define HAVE_MEMORY_H 1
| #define HAVE_STRINGS_H 1
| #define HAVE_INTTYPES_H 1
| #define HAVE_STDINT_H 1
| #define HAVE_UNISTD_H 1
| #define HAVE_DLFCN_H 1
| #define LT_OBJDIR ".libs/"
| #define HAVE_PTHREAD_PRIO_INHERIT 1
| #define HAVE_PTHREAD 1
| #define HAVE_DECL_STRERROR_R 1
| #define HAVE_STRERROR_R 1
| #define HAVE_FUNC_ATTRIBUTE_VISIBILITY 1
| #define HAVE_STDIO_H 1
| #define HAVE_STDLIB_H 1
| #define HAVE_UNISTD_H 1
| #define HAVE_STRINGS_H 1
| #define HAVE_SYS_TYPES_H 1
| #define HAVE_SYS_STAT_H 1
| #define HAVE_SYS_SELECT_H 1
| #define HAVE_INET_PTON 1
| #define HAVE_DECL_STRNLEN 1
| #define HAVE_DECL_LE32TOH 0
| #define HAVE_DECL_LE64TOH 0
| #define HAVE_DECL_HTOLE32 0
| #define HAVE_DECL_HTOLE64 0
| #define HAVE_DECL_BE32TOH 0
| #define HAVE_DECL_BE64TOH 0
| #define HAVE_DECL_HTOBE32 0
| /* end confdefs.h.  */
| #if HAVE_ENDIAN_H
|                  #include <endian.h>
|                  #endif
| 
| int
| main ()
| {
| #ifndef htobe64
| #ifdef __cplusplus
|   (void) htobe64;
| #else
|   (void) htobe64;
| #endif
| #endif
| 
|   ;
|   return 0;
| }
configure:22361: result: no
configure:22376: checking for MSG_NOSIGNAL
configure:22389: /root/Downloads/gcx-v-2/depends/x86_64-apple-darwin11/native/bin/clang++ -target x86_64-apple-darwin11 -mmacosx-version-min=10.8 --sysroot /root/Downloads/gcx-v-2/depends/SDKs/MacOSX10.11.sdk -mlinker-version=253.9 -stdlib=libc++ -std=c++11 -c -pipe -O2   -Wstack-protector -fstack-protector-all -fPIC -I/root/Downloads/gcx-v-2/depends/x86_64-apple-darwin11/share/../include/  -DBOOST_SPIRIT_THREADSAFE -DHAVE_BUILD_INFO -D__STDC_FORMAT_MACROS -DMAC_OSX  -U_FORTIFY_SOURCE -D_FORTIFY_SOURCE=2 conftest.cpp >&5
conftest.cpp:48:10: error: use of undeclared identifier 'MSG_NOSIGNAL'
 int f = MSG_NOSIGNAL;
         ^
1 error generated.
configure:22389: $? = 1
configure: failed program was:
| /* confdefs.h */
| #define PACKAGE_NAME "GCX Core"
| #define PACKAGE_TARNAME "gcx"
| #define PACKAGE_VERSION "2.0.0"
| #define PACKAGE_STRING "GCX Core 2.0.0"
| #define PACKAGE_BUGREPORT "www.gcx.org"
| #define PACKAGE_URL ""
| #define HAVE_CXX11 1
| #define STDC_HEADERS 1
| #define HAVE_SYS_TYPES_H 1
| #define HAVE_SYS_STAT_H 1
| #define HAVE_STDLIB_H 1
| #define HAVE_STRING_H 1
| #define HAVE_MEMORY_H 1
| #define HAVE_STRINGS_H 1
| #define HAVE_INTTYPES_H 1
| #define HAVE_STDINT_H 1
| #define HAVE_UNISTD_H 1
| #define HAVE_DLFCN_H 1
| #define LT_OBJDIR ".libs/"
| #define HAVE_PTHREAD_PRIO_INHERIT 1
| #define HAVE_PTHREAD 1
| #define HAVE_DECL_STRERROR_R 1
| #define HAVE_STRERROR_R 1
| #define HAVE_FUNC_ATTRIBUTE_VISIBILITY 1
| #define HAVE_STDIO_H 1
| #define HAVE_STDLIB_H 1
| #define HAVE_UNISTD_H 1
| #define HAVE_STRINGS_H 1
| #define HAVE_SYS_TYPES_H 1
| #define HAVE_SYS_STAT_H 1
| #define HAVE_SYS_SELECT_H 1
| #define HAVE_INET_PTON 1
| #define HAVE_DECL_STRNLEN 1
| #define HAVE_DECL_LE32TOH 0
| #define HAVE_DECL_LE64TOH 0
| #define HAVE_DECL_HTOLE32 0
| #define HAVE_DECL_HTOLE64 0
| #define HAVE_DECL_BE32TOH 0
| #define HAVE_DECL_BE64TOH 0
| #define HAVE_DECL_HTOBE32 0
| #define HAVE_DECL_HTOBE64 0
| /* end confdefs.h.  */
| #include <sys/socket.h>
| int
| main ()
| {
|  int f = MSG_NOSIGNAL;
|   ;
|   return 0;
| }
configure:22395: result: no
configure:22401: checking for library containing clock_gettime
configure:22432: /root/Downloads/gcx-v-2/depends/x86_64-apple-darwin11/native/bin/clang++ -target x86_64-apple-darwin11 -mmacosx-version-min=10.8 --sysroot /root/Downloads/gcx-v-2/depends/SDKs/MacOSX10.11.sdk -mlinker-version=253.9 -stdlib=libc++ -std=c++11 -o conftest -pipe -O2   -Wstack-protector -fstack-protector-all -fPIC -I/root/Downloads/gcx-v-2/depends/x86_64-apple-darwin11/share/../include/  -DBOOST_SPIRIT_THREADSAFE -DHAVE_BUILD_INFO -D__STDC_FORMAT_MACROS -DMAC_OSX  -U_FORTIFY_SOURCE -D_FORTIFY_SOURCE=2 -L/root/Downloads/gcx-v-2/depends/x86_64-apple-darwin11/share/../lib  -Wl,-headerpad_max_install_names  -Wl,-dead_strip conftest.cpp  >&5
Undefined symbols for architecture x86_64:
  "_clock_gettime", referenced from:
      _main in conftest-89e33c.o
ld: symbol(s) not found for architecture x86_64
clang: error: linker command failed with exit code 1 (use -v to see invocation)
configure:22432: $? = 1
configure: failed program was:
| /* confdefs.h */
| #define PACKAGE_NAME "GCX Core"
| #define PACKAGE_TARNAME "gcx"
| #define PACKAGE_VERSION "2.0.0"
| #define PACKAGE_STRING "GCX Core 2.0.0"
| #define PACKAGE_BUGREPORT "www.gcx.org"
| #define PACKAGE_URL ""
| #define HAVE_CXX11 1
| #define STDC_HEADERS 1
| #define HAVE_SYS_TYPES_H 1
| #define HAVE_SYS_STAT_H 1
| #define HAVE_STDLIB_H 1
| #define HAVE_STRING_H 1
| #define HAVE_MEMORY_H 1
| #define HAVE_STRINGS_H 1
| #define HAVE_INTTYPES_H 1
| #define HAVE_STDINT_H 1
| #define HAVE_UNISTD_H 1
| #define HAVE_DLFCN_H 1
| #define LT_OBJDIR ".libs/"
| #define HAVE_PTHREAD_PRIO_INHERIT 1
| #define HAVE_PTHREAD 1
| #define HAVE_DECL_STRERROR_R 1
| #define HAVE_STRERROR_R 1
| #define HAVE_FUNC_ATTRIBUTE_VISIBILITY 1
| #define HAVE_STDIO_H 1
| #define HAVE_STDLIB_H 1
| #define HAVE_UNISTD_H 1
| #define HAVE_STRINGS_H 1
| #define HAVE_SYS_TYPES_H 1
| #define HAVE_SYS_STAT_H 1
| #define HAVE_SYS_SELECT_H 1
| #define HAVE_INET_PTON 1
| #define HAVE_DECL_STRNLEN 1
| #define HAVE_DECL_LE32TOH 0
| #define HAVE_DECL_LE64TOH 0
| #define HAVE_DECL_HTOLE32 0
| #define HAVE_DECL_HTOLE64 0
| #define HAVE_DECL_BE32TOH 0
| #define HAVE_DECL_BE64TOH 0
| #define HAVE_DECL_HTOBE32 0
| #define HAVE_DECL_HTOBE64 0
| /* end confdefs.h.  */
| 
| /* Override any GCC internal prototype to avoid an error.
|    Use char because int might match the return type of a GCC
|    builtin and then its argument prototype would still apply.  */
| #ifdef __cplusplus
| extern "C"
| #endif
| char clock_gettime ();
| int
| main ()
| {
| return clock_gettime ();
|   ;
|   return 0;
| }
configure:22432: /root/Downloads/gcx-v-2/depends/x86_64-apple-darwin11/native/bin/clang++ -target x86_64-apple-darwin11 -mmacosx-version-min=10.8 --sysroot /root/Downloads/gcx-v-2/depends/SDKs/MacOSX10.11.sdk -mlinker-version=253.9 -stdlib=libc++ -std=c++11 -o conftest -pipe -O2   -Wstack-protector -fstack-protector-all -fPIC -I/root/Downloads/gcx-v-2/depends/x86_64-apple-darwin11/share/../include/  -DBOOST_SPIRIT_THREADSAFE -DHAVE_BUILD_INFO -D__STDC_FORMAT_MACROS -DMAC_OSX  -U_FORTIFY_SOURCE -D_FORTIFY_SOURCE=2 -L/root/Downloads/gcx-v-2/depends/x86_64-apple-darwin11/share/../lib  -Wl,-headerpad_max_install_names  -Wl,-dead_strip conftest.cpp -lrt   >&5
ld: library not found for -lrt
clang: error: linker command failed with exit code 1 (use -v to see invocation)
configure:22432: $? = 1
configure: failed program was:
| /* confdefs.h */
| #define PACKAGE_NAME "GCX Core"
| #define PACKAGE_TARNAME "gcx"
| #define PACKAGE_VERSION "2.0.0"
| #define PACKAGE_STRING "GCX Core 2.0.0"
| #define PACKAGE_BUGREPORT "www.gcx.org"
| #define PACKAGE_URL ""
| #define HAVE_CXX11 1
| #define STDC_HEADERS 1
| #define HAVE_SYS_TYPES_H 1
| #define HAVE_SYS_STAT_H 1
| #define HAVE_STDLIB_H 1
| #define HAVE_STRING_H 1
| #define HAVE_MEMORY_H 1
| #define HAVE_STRINGS_H 1
| #define HAVE_INTTYPES_H 1
| #define HAVE_STDINT_H 1
| #define HAVE_UNISTD_H 1
| #define HAVE_DLFCN_H 1
| #define LT_OBJDIR ".libs/"
| #define HAVE_PTHREAD_PRIO_INHERIT 1
| #define HAVE_PTHREAD 1
| #define HAVE_DECL_STRERROR_R 1
| #define HAVE_STRERROR_R 1
| #define HAVE_FUNC_ATTRIBUTE_VISIBILITY 1
| #define HAVE_STDIO_H 1
| #define HAVE_STDLIB_H 1
| #define HAVE_UNISTD_H 1
| #define HAVE_STRINGS_H 1
| #define HAVE_SYS_TYPES_H 1
| #define HAVE_SYS_STAT_H 1
| #define HAVE_SYS_SELECT_H 1
| #define HAVE_INET_PTON 1
| #define HAVE_DECL_STRNLEN 1
| #define HAVE_DECL_LE32TOH 0
| #define HAVE_DECL_LE64TOH 0
| #define HAVE_DECL_HTOLE32 0
| #define HAVE_DECL_HTOLE64 0
| #define HAVE_DECL_BE32TOH 0
| #define HAVE_DECL_BE64TOH 0
| #define HAVE_DECL_HTOBE32 0
| #define HAVE_DECL_HTOBE64 0
| /* end confdefs.h.  */
| 
| /* Override any GCC internal prototype to avoid an error.
|    Use char because int might match the return type of a GCC
|    builtin and then its argument prototype would still apply.  */
| #ifdef __cplusplus
| extern "C"
| #endif
| char clock_gettime ();
| int
| main ()
| {
| return clock_gettime ();
|   ;
|   return 0;
| }
configure:22449: result: no
configure:22458: checking for visibility attribute
configure:22467: /root/Downloads/gcx-v-2/depends/x86_64-apple-darwin11/native/bin/clang++ -target x86_64-apple-darwin11 -mmacosx-version-min=10.8 --sysroot /root/Downloads/gcx-v-2/depends/SDKs/MacOSX10.11.sdk -mlinker-version=253.9 -stdlib=libc++ -std=c++11 -o conftest -pipe -O2   -Wstack-protector -fstack-protector-all -fPIC -I/root/Downloads/gcx-v-2/depends/x86_64-apple-darwin11/share/../include/  -DBOOST_SPIRIT_THREADSAFE -DHAVE_BUILD_INFO -D__STDC_FORMAT_MACROS -DMAC_OSX  -U_FORTIFY_SOURCE -D_FORTIFY_SOURCE=2 -L/root/Downloads/gcx-v-2/depends/x86_64-apple-darwin11/share/../lib  -Wl,-headerpad_max_install_names  -Wl,-dead_strip conftest.cpp  >&5
configure:22467: $? = 0
configure:22472: result: yes
configure:22492: checking whether C++ compiler accepts -fvisibility=hidden
configure:22511: /root/Downloads/gcx-v-2/depends/x86_64-apple-darwin11/native/bin/clang++ -target x86_64-apple-darwin11 -mmacosx-version-min=10.8 --sysroot /root/Downloads/gcx-v-2/depends/SDKs/MacOSX10.11.sdk -mlinker-version=253.9 -stdlib=libc++ -std=c++11 -c -pipe -O2   -Wstack-protector -fstack-protector-all -fPIC  -fvisibility=hidden -I/root/Downloads/gcx-v-2/depends/x86_64-apple-darwin11/share/../include/  -DBOOST_SPIRIT_THREADSAFE -DHAVE_BUILD_INFO -D__STDC_FORMAT_MACROS -DMAC_OSX  -U_FORTIFY_SOURCE -D_FORTIFY_SOURCE=2 conftest.cpp >&5
configure:22511: $? = 0
configure:22519: result: yes
configure:22553: checking for Berkeley DB C++ headers
configure:22584: /root/Downloads/gcx-v-2/depends/x86_64-apple-darwin11/native/bin/clang++ -target x86_64-apple-darwin11 -mmacosx-version-min=10.8 --sysroot /root/Downloads/gcx-v-2/depends/SDKs/MacOSX10.11.sdk -mlinker-version=253.9 -stdlib=libc++ -std=c++11 -c -pipe -O2   -Wstack-protector -fstack-protector-all -fPIC -I/root/Downloads/gcx-v-2/depends/x86_64-apple-darwin11/share/../include/  -DBOOST_SPIRIT_THREADSAFE -DHAVE_BUILD_INFO -D__STDC_FORMAT_MACROS -DMAC_OSX  -U_FORTIFY_SOURCE -D_FORTIFY_SOURCE=2 conftest.cpp >&5
conftest.cpp:46:16: fatal error: 'bdb4.8/db_cxx.h' file not found
      #include <bdb4.8/db_cxx.h>
               ^
1 error generated.
configure:22584: $? = 1
configure: failed program was:
| /* confdefs.h */
| #define PACKAGE_NAME "GCX Core"
| #define PACKAGE_TARNAME "gcx"
| #define PACKAGE_VERSION "2.0.0"
| #define PACKAGE_STRING "GCX Core 2.0.0"
| #define PACKAGE_BUGREPORT "www.gcx.org"
| #define PACKAGE_URL ""
| #define HAVE_CXX11 1
| #define STDC_HEADERS 1
| #define HAVE_SYS_TYPES_H 1
| #define HAVE_SYS_STAT_H 1
| #define HAVE_STDLIB_H 1
| #define HAVE_STRING_H 1
| #define HAVE_MEMORY_H 1
| #define HAVE_STRINGS_H 1
| #define HAVE_INTTYPES_H 1
| #define HAVE_STDINT_H 1
| #define HAVE_UNISTD_H 1
| #define HAVE_DLFCN_H 1
| #define LT_OBJDIR ".libs/"
| #define HAVE_PTHREAD_PRIO_INHERIT 1
| #define HAVE_PTHREAD 1
| #define HAVE_DECL_STRERROR_R 1
| #define HAVE_STRERROR_R 1
| #define HAVE_FUNC_ATTRIBUTE_VISIBILITY 1
| #define HAVE_STDIO_H 1
| #define HAVE_STDLIB_H 1
| #define HAVE_UNISTD_H 1
| #define HAVE_STRINGS_H 1
| #define HAVE_SYS_TYPES_H 1
| #define HAVE_SYS_STAT_H 1
| #define HAVE_SYS_SELECT_H 1
| #define HAVE_INET_PTON 1
| #define HAVE_DECL_STRNLEN 1
| #define HAVE_DECL_LE32TOH 0
| #define HAVE_DECL_LE64TOH 0
| #define HAVE_DECL_HTOLE32 0
| #define HAVE_DECL_HTOLE64 0
| #define HAVE_DECL_BE32TOH 0
| #define HAVE_DECL_BE64TOH 0
| #define HAVE_DECL_HTOBE32 0
| #define HAVE_DECL_HTOBE64 0
| #define HAVE_VISIBILITY_ATTRIBUTE 1
| /* end confdefs.h.  */
| 
|       #include <bdb4.8/db_cxx.h>
| 
| int
| main ()
| {
| 
|       #if !((DB_VERSION_MAJOR == 4 && DB_VERSION_MINOR >= 8) || DB_VERSION_MAJOR > 4)
|         #error "failed to find bdb 4.8+"
|       #endif
| 
|   ;
|   return 0;
| }
configure:22584: /root/Downloads/gcx-v-2/depends/x86_64-apple-darwin11/native/bin/clang++ -target x86_64-apple-darwin11 -mmacosx-version-min=10.8 --sysroot /root/Downloads/gcx-v-2/depends/SDKs/MacOSX10.11.sdk -mlinker-version=253.9 -stdlib=libc++ -std=c++11 -c -pipe -O2   -Wstack-protector -fstack-protector-all -fPIC -I/root/Downloads/gcx-v-2/depends/x86_64-apple-darwin11/share/../include/  -DBOOST_SPIRIT_THREADSAFE -DHAVE_BUILD_INFO -D__STDC_FORMAT_MACROS -DMAC_OSX  -U_FORTIFY_SOURCE -D_FORTIFY_SOURCE=2 conftest.cpp >&5
conftest.cpp:46:16: fatal error: 'libdb4.8/db_cxx.h' file not found
      #include <libdb4.8/db_cxx.h>
               ^
1 error generated.
configure:22584: $? = 1
configure: failed program was:
| /* confdefs.h */
| #define PACKAGE_NAME "GCX Core"
| #define PACKAGE_TARNAME "gcx"
| #define PACKAGE_VERSION "2.0.0"
| #define PACKAGE_STRING "GCX Core 2.0.0"
| #define PACKAGE_BUGREPORT "www.gcx.org"
| #define PACKAGE_URL ""
| #define HAVE_CXX11 1
| #define STDC_HEADERS 1
| #define HAVE_SYS_TYPES_H 1
| #define HAVE_SYS_STAT_H 1
| #define HAVE_STDLIB_H 1
| #define HAVE_STRING_H 1
| #define HAVE_MEMORY_H 1
| #define HAVE_STRINGS_H 1
| #define HAVE_INTTYPES_H 1
| #define HAVE_STDINT_H 1
| #define HAVE_UNISTD_H 1
| #define HAVE_DLFCN_H 1
| #define LT_OBJDIR ".libs/"
| #define HAVE_PTHREAD_PRIO_INHERIT 1
| #define HAVE_PTHREAD 1
| #define HAVE_DECL_STRERROR_R 1
| #define HAVE_STRERROR_R 1
| #define HAVE_FUNC_ATTRIBUTE_VISIBILITY 1
| #define HAVE_STDIO_H 1
| #define HAVE_STDLIB_H 1
| #define HAVE_UNISTD_H 1
| #define HAVE_STRINGS_H 1
| #define HAVE_SYS_TYPES_H 1
| #define HAVE_SYS_STAT_H 1
| #define HAVE_SYS_SELECT_H 1
| #define HAVE_INET_PTON 1
| #define HAVE_DECL_STRNLEN 1
| #define HAVE_DECL_LE32TOH 0
| #define HAVE_DECL_LE64TOH 0
| #define HAVE_DECL_HTOLE32 0
| #define HAVE_DECL_HTOLE64 0
| #define HAVE_DECL_BE32TOH 0
| #define HAVE_DECL_BE64TOH 0
| #define HAVE_DECL_HTOBE32 0
| #define HAVE_DECL_HTOBE64 0
| #define HAVE_VISIBILITY_ATTRIBUTE 1
| /* end confdefs.h.  */
| 
|       #include <libdb4.8/db_cxx.h>
| 
| int
| main ()
| {
| 
|       #if !((DB_VERSION_MAJOR == 4 && DB_VERSION_MINOR >= 8) || DB_VERSION_MAJOR > 4)
|         #error "failed to find bdb 4.8+"
|       #endif
| 
|   ;
|   return 0;
| }
configure:22584: /root/Downloads/gcx-v-2/depends/x86_64-apple-darwin11/native/bin/clang++ -target x86_64-apple-darwin11 -mmacosx-version-min=10.8 --sysroot /root/Downloads/gcx-v-2/depends/SDKs/MacOSX10.11.sdk -mlinker-version=253.9 -stdlib=libc++ -std=c++11 -c -pipe -O2   -Wstack-protector -fstack-protector-all -fPIC -I/root/Downloads/gcx-v-2/depends/x86_64-apple-darwin11/share/../include/  -DBOOST_SPIRIT_THREADSAFE -DHAVE_BUILD_INFO -D__STDC_FORMAT_MACROS -DMAC_OSX  -U_FORTIFY_SOURCE -D_FORTIFY_SOURCE=2 conftest.cpp >&5
conftest.cpp:46:16: fatal error: 'db4.8/db_cxx.h' file not found
      #include <db4.8/db_cxx.h>
               ^
1 error generated.
configure:22584: $? = 1
configure: failed program was:
| /* confdefs.h */
| #define PACKAGE_NAME "GCX Core"
| #define PACKAGE_TARNAME "gcx"
| #define PACKAGE_VERSION "2.0.0"
| #define PACKAGE_STRING "GCX Core 2.0.0"
| #define PACKAGE_BUGREPORT "www.gcx.org"
| #define PACKAGE_URL ""
| #define HAVE_CXX11 1
| #define STDC_HEADERS 1
| #define HAVE_SYS_TYPES_H 1
| #define HAVE_SYS_STAT_H 1
| #define HAVE_STDLIB_H 1
| #define HAVE_STRING_H 1
| #define HAVE_MEMORY_H 1
| #define HAVE_STRINGS_H 1
| #define HAVE_INTTYPES_H 1
| #define HAVE_STDINT_H 1
| #define HAVE_UNISTD_H 1
| #define HAVE_DLFCN_H 1
| #define LT_OBJDIR ".libs/"
| #define HAVE_PTHREAD_PRIO_INHERIT 1
| #define HAVE_PTHREAD 1
| #define HAVE_DECL_STRERROR_R 1
| #define HAVE_STRERROR_R 1
| #define HAVE_FUNC_ATTRIBUTE_VISIBILITY 1
| #define HAVE_STDIO_H 1
| #define HAVE_STDLIB_H 1
| #define HAVE_UNISTD_H 1
| #define HAVE_STRINGS_H 1
| #define HAVE_SYS_TYPES_H 1
| #define HAVE_SYS_STAT_H 1
| #define HAVE_SYS_SELECT_H 1
| #define HAVE_INET_PTON 1
| #define HAVE_DECL_STRNLEN 1
| #define HAVE_DECL_LE32TOH 0
| #define HAVE_DECL_LE64TOH 0
| #define HAVE_DECL_HTOLE32 0
| #define HAVE_DECL_HTOLE64 0
| #define HAVE_DECL_BE32TOH 0
| #define HAVE_DECL_BE64TOH 0
| #define HAVE_DECL_HTOBE32 0
| #define HAVE_DECL_HTOBE64 0
| #define HAVE_VISIBILITY_ATTRIBUTE 1
| /* end confdefs.h.  */
| 
|       #include <db4.8/db_cxx.h>
| 
| int
| main ()
| {
| 
|       #if !((DB_VERSION_MAJOR == 4 && DB_VERSION_MINOR >= 8) || DB_VERSION_MAJOR > 4)
|         #error "failed to find bdb 4.8+"
|       #endif
| 
|   ;
|   return 0;
| }
configure:22584: /root/Downloads/gcx-v-2/depends/x86_64-apple-darwin11/native/bin/clang++ -target x86_64-apple-darwin11 -mmacosx-version-min=10.8 --sysroot /root/Downloads/gcx-v-2/depends/SDKs/MacOSX10.11.sdk -mlinker-version=253.9 -stdlib=libc++ -std=c++11 -c -pipe -O2   -Wstack-protector -fstack-protector-all -fPIC -I/root/Downloads/gcx-v-2/depends/x86_64-apple-darwin11/share/../include/  -DBOOST_SPIRIT_THREADSAFE -DHAVE_BUILD_INFO -D__STDC_FORMAT_MACROS -DMAC_OSX  -U_FORTIFY_SOURCE -D_FORTIFY_SOURCE=2 conftest.cpp >&5
conftest.cpp:46:16: fatal error: 'bdb48/db_cxx.h' file not found
      #include <bdb48/db_cxx.h>
               ^
1 error generated.
configure:22584: $? = 1
configure: failed program was:
| /* confdefs.h */
| #define PACKAGE_NAME "GCX Core"
| #define PACKAGE_TARNAME "gcx"
| #define PACKAGE_VERSION "2.0.0"
| #define PACKAGE_STRING "GCX Core 2.0.0"
| #define PACKAGE_BUGREPORT "www.gcx.org"
| #define PACKAGE_URL ""
| #define HAVE_CXX11 1
| #define STDC_HEADERS 1
| #define HAVE_SYS_TYPES_H 1
| #define HAVE_SYS_STAT_H 1
| #define HAVE_STDLIB_H 1
| #define HAVE_STRING_H 1
| #define HAVE_MEMORY_H 1
| #define HAVE_STRINGS_H 1
| #define HAVE_INTTYPES_H 1
| #define HAVE_STDINT_H 1
| #define HAVE_UNISTD_H 1
| #define HAVE_DLFCN_H 1
| #define LT_OBJDIR ".libs/"
| #define HAVE_PTHREAD_PRIO_INHERIT 1
| #define HAVE_PTHREAD 1
| #define HAVE_DECL_STRERROR_R 1
| #define HAVE_STRERROR_R 1
| #define HAVE_FUNC_ATTRIBUTE_VISIBILITY 1
| #define HAVE_STDIO_H 1
| #define HAVE_STDLIB_H 1
| #define HAVE_UNISTD_H 1
| #define HAVE_STRINGS_H 1
| #define HAVE_SYS_TYPES_H 1
| #define HAVE_SYS_STAT_H 1
| #define HAVE_SYS_SELECT_H 1
| #define HAVE_INET_PTON 1
| #define HAVE_DECL_STRNLEN 1
| #define HAVE_DECL_LE32TOH 0
| #define HAVE_DECL_LE64TOH 0
| #define HAVE_DECL_HTOLE32 0
| #define HAVE_DECL_HTOLE64 0
| #define HAVE_DECL_BE32TOH 0
| #define HAVE_DECL_BE64TOH 0
| #define HAVE_DECL_HTOBE32 0
| #define HAVE_DECL_HTOBE64 0
| #define HAVE_VISIBILITY_ATTRIBUTE 1
| /* end confdefs.h.  */
| 
|       #include <bdb48/db_cxx.h>
| 
| int
| main ()
| {
| 
|       #if !((DB_VERSION_MAJOR == 4 && DB_VERSION_MINOR >= 8) || DB_VERSION_MAJOR > 4)
|         #error "failed to find bdb 4.8+"
|       #endif
| 
|   ;
|   return 0;
| }
configure:22584: /root/Downloads/gcx-v-2/depends/x86_64-apple-darwin11/native/bin/clang++ -target x86_64-apple-darwin11 -mmacosx-version-min=10.8 --sysroot /root/Downloads/gcx-v-2/depends/SDKs/MacOSX10.11.sdk -mlinker-version=253.9 -stdlib=libc++ -std=c++11 -c -pipe -O2   -Wstack-protector -fstack-protector-all -fPIC -I/root/Downloads/gcx-v-2/depends/x86_64-apple-darwin11/share/../include/  -DBOOST_SPIRIT_THREADSAFE -DHAVE_BUILD_INFO -D__STDC_FORMAT_MACROS -DMAC_OSX  -U_FORTIFY_SOURCE -D_FORTIFY_SOURCE=2 conftest.cpp >&5
conftest.cpp:46:16: fatal error: 'libdb48/db_cxx.h' file not found
      #include <libdb48/db_cxx.h>
               ^
1 error generated.
configure:22584: $? = 1
configure: failed program was:
| /* confdefs.h */
| #define PACKAGE_NAME "GCX Core"
| #define PACKAGE_TARNAME "gcx"
| #define PACKAGE_VERSION "2.0.0"
| #define PACKAGE_STRING "GCX Core 2.0.0"
| #define PACKAGE_BUGREPORT "www.gcx.org"
| #define PACKAGE_URL ""
| #define HAVE_CXX11 1
| #define STDC_HEADERS 1
| #define HAVE_SYS_TYPES_H 1
| #define HAVE_SYS_STAT_H 1
| #define HAVE_STDLIB_H 1
| #define HAVE_STRING_H 1
| #define HAVE_MEMORY_H 1
| #define HAVE_STRINGS_H 1
| #define HAVE_INTTYPES_H 1
| #define HAVE_STDINT_H 1
| #define HAVE_UNISTD_H 1
| #define HAVE_DLFCN_H 1
| #define LT_OBJDIR ".libs/"
| #define HAVE_PTHREAD_PRIO_INHERIT 1
| #define HAVE_PTHREAD 1
| #define HAVE_DECL_STRERROR_R 1
| #define HAVE_STRERROR_R 1
| #define HAVE_FUNC_ATTRIBUTE_VISIBILITY 1
| #define HAVE_STDIO_H 1
| #define HAVE_STDLIB_H 1
| #define HAVE_UNISTD_H 1
| #define HAVE_STRINGS_H 1
| #define HAVE_SYS_TYPES_H 1
| #define HAVE_SYS_STAT_H 1
| #define HAVE_SYS_SELECT_H 1
| #define HAVE_INET_PTON 1
| #define HAVE_DECL_STRNLEN 1
| #define HAVE_DECL_LE32TOH 0
| #define HAVE_DECL_LE64TOH 0
| #define HAVE_DECL_HTOLE32 0
| #define HAVE_DECL_HTOLE64 0
| #define HAVE_DECL_BE32TOH 0
| #define HAVE_DECL_BE64TOH 0
| #define HAVE_DECL_HTOBE32 0
| #define HAVE_DECL_HTOBE64 0
| #define HAVE_VISIBILITY_ATTRIBUTE 1
| /* end confdefs.h.  */
| 
|       #include <libdb48/db_cxx.h>
| 
| int
| main ()
| {
| 
|       #if !((DB_VERSION_MAJOR == 4 && DB_VERSION_MINOR >= 8) || DB_VERSION_MAJOR > 4)
|         #error "failed to find bdb 4.8+"
|       #endif
| 
|   ;
|   return 0;
| }
configure:22584: /root/Downloads/gcx-v-2/depends/x86_64-apple-darwin11/native/bin/clang++ -target x86_64-apple-darwin11 -mmacosx-version-min=10.8 --sysroot /root/Downloads/gcx-v-2/depends/SDKs/MacOSX10.11.sdk -mlinker-version=253.9 -stdlib=libc++ -std=c++11 -c -pipe -O2   -Wstack-protector -fstack-protector-all -fPIC -I/root/Downloads/gcx-v-2/depends/x86_64-apple-darwin11/share/../include/  -DBOOST_SPIRIT_THREADSAFE -DHAVE_BUILD_INFO -D__STDC_FORMAT_MACROS -DMAC_OSX  -U_FORTIFY_SOURCE -D_FORTIFY_SOURCE=2 conftest.cpp >&5
conftest.cpp:46:16: fatal error: 'db48/db_cxx.h' file not found
      #include <db48/db_cxx.h>
               ^
1 error generated.
configure:22584: $? = 1
configure: failed program was:
| /* confdefs.h */
| #define PACKAGE_NAME "GCX Core"
| #define PACKAGE_TARNAME "gcx"
| #define PACKAGE_VERSION "2.0.0"
| #define PACKAGE_STRING "GCX Core 2.0.0"
| #define PACKAGE_BUGREPORT "www.gcx.org"
| #define PACKAGE_URL ""
| #define HAVE_CXX11 1
| #define STDC_HEADERS 1
| #define HAVE_SYS_TYPES_H 1
| #define HAVE_SYS_STAT_H 1
| #define HAVE_STDLIB_H 1
| #define HAVE_STRING_H 1
| #define HAVE_MEMORY_H 1
| #define HAVE_STRINGS_H 1
| #define HAVE_INTTYPES_H 1
| #define HAVE_STDINT_H 1
| #define HAVE_UNISTD_H 1
| #define HAVE_DLFCN_H 1
| #define LT_OBJDIR ".libs/"
| #define HAVE_PTHREAD_PRIO_INHERIT 1
| #define HAVE_PTHREAD 1
| #define HAVE_DECL_STRERROR_R 1
| #define HAVE_STRERROR_R 1
| #define HAVE_FUNC_ATTRIBUTE_VISIBILITY 1
| #define HAVE_STDIO_H 1
| #define HAVE_STDLIB_H 1
| #define HAVE_UNISTD_H 1
| #define HAVE_STRINGS_H 1
| #define HAVE_SYS_TYPES_H 1
| #define HAVE_SYS_STAT_H 1
| #define HAVE_SYS_SELECT_H 1
| #define HAVE_INET_PTON 1
| #define HAVE_DECL_STRNLEN 1
| #define HAVE_DECL_LE32TOH 0
| #define HAVE_DECL_LE64TOH 0
| #define HAVE_DECL_HTOLE32 0
| #define HAVE_DECL_HTOLE64 0
| #define HAVE_DECL_BE32TOH 0
| #define HAVE_DECL_BE64TOH 0
| #define HAVE_DECL_HTOBE32 0
| #define HAVE_DECL_HTOBE64 0
| #define HAVE_VISIBILITY_ATTRIBUTE 1
| /* end confdefs.h.  */
| 
|       #include <db48/db_cxx.h>
| 
| int
| main ()
| {
| 
|       #if !((DB_VERSION_MAJOR == 4 && DB_VERSION_MINOR >= 8) || DB_VERSION_MAJOR > 4)
|         #error "failed to find bdb 4.8+"
|       #endif
| 
|   ;
|   return 0;
| }
configure:22584: /root/Downloads/gcx-v-2/depends/x86_64-apple-darwin11/native/bin/clang++ -target x86_64-apple-darwin11 -mmacosx-version-min=10.8 --sysroot /root/Downloads/gcx-v-2/depends/SDKs/MacOSX10.11.sdk -mlinker-version=253.9 -stdlib=libc++ -std=c++11 -c -pipe -O2   -Wstack-protector -fstack-protector-all -fPIC -I/root/Downloads/gcx-v-2/depends/x86_64-apple-darwin11/share/../include/  -DBOOST_SPIRIT_THREADSAFE -DHAVE_BUILD_INFO -D__STDC_FORMAT_MACROS -DMAC_OSX  -U_FORTIFY_SOURCE -D_FORTIFY_SOURCE=2 conftest.cpp >&5
conftest.cpp:46:16: fatal error: 'bdb4/db_cxx.h' file not found
      #include <bdb4/db_cxx.h>
               ^
1 error generated.
configure:22584: $? = 1
configure: failed program was:
| /* confdefs.h */
| #define PACKAGE_NAME "GCX Core"
| #define PACKAGE_TARNAME "gcx"
| #define PACKAGE_VERSION "2.0.0"
| #define PACKAGE_STRING "GCX Core 2.0.0"
| #define PACKAGE_BUGREPORT "www.gcx.org"
| #define PACKAGE_URL ""
| #define HAVE_CXX11 1
| #define STDC_HEADERS 1
| #define HAVE_SYS_TYPES_H 1
| #define HAVE_SYS_STAT_H 1
| #define HAVE_STDLIB_H 1
| #define HAVE_STRING_H 1
| #define HAVE_MEMORY_H 1
| #define HAVE_STRINGS_H 1
| #define HAVE_INTTYPES_H 1
| #define HAVE_STDINT_H 1
| #define HAVE_UNISTD_H 1
| #define HAVE_DLFCN_H 1
| #define LT_OBJDIR ".libs/"
| #define HAVE_PTHREAD_PRIO_INHERIT 1
| #define HAVE_PTHREAD 1
| #define HAVE_DECL_STRERROR_R 1
| #define HAVE_STRERROR_R 1
| #define HAVE_FUNC_ATTRIBUTE_VISIBILITY 1
| #define HAVE_STDIO_H 1
| #define HAVE_STDLIB_H 1
| #define HAVE_UNISTD_H 1
| #define HAVE_STRINGS_H 1
| #define HAVE_SYS_TYPES_H 1
| #define HAVE_SYS_STAT_H 1
| #define HAVE_SYS_SELECT_H 1
| #define HAVE_INET_PTON 1
| #define HAVE_DECL_STRNLEN 1
| #define HAVE_DECL_LE32TOH 0
| #define HAVE_DECL_LE64TOH 0
| #define HAVE_DECL_HTOLE32 0
| #define HAVE_DECL_HTOLE64 0
| #define HAVE_DECL_BE32TOH 0
| #define HAVE_DECL_BE64TOH 0
| #define HAVE_DECL_HTOBE32 0
| #define HAVE_DECL_HTOBE64 0
| #define HAVE_VISIBILITY_ATTRIBUTE 1
| /* end confdefs.h.  */
| 
|       #include <bdb4/db_cxx.h>
| 
| int
| main ()
| {
| 
|       #if !((DB_VERSION_MAJOR == 4 && DB_VERSION_MINOR >= 8) || DB_VERSION_MAJOR > 4)
|         #error "failed to find bdb 4.8+"
|       #endif
| 
|   ;
|   return 0;
| }
configure:22584: /root/Downloads/gcx-v-2/depends/x86_64-apple-darwin11/native/bin/clang++ -target x86_64-apple-darwin11 -mmacosx-version-min=10.8 --sysroot /root/Downloads/gcx-v-2/depends/SDKs/MacOSX10.11.sdk -mlinker-version=253.9 -stdlib=libc++ -std=c++11 -c -pipe -O2   -Wstack-protector -fstack-protector-all -fPIC -I/root/Downloads/gcx-v-2/depends/x86_64-apple-darwin11/share/../include/  -DBOOST_SPIRIT_THREADSAFE -DHAVE_BUILD_INFO -D__STDC_FORMAT_MACROS -DMAC_OSX  -U_FORTIFY_SOURCE -D_FORTIFY_SOURCE=2 conftest.cpp >&5
conftest.cpp:46:16: fatal error: 'libdb4/db_cxx.h' file not found
      #include <libdb4/db_cxx.h>
               ^
1 error generated.
configure:22584: $? = 1
configure: failed program was:
| /* confdefs.h */
| #define PACKAGE_NAME "GCX Core"
| #define PACKAGE_TARNAME "gcx"
| #define PACKAGE_VERSION "2.0.0"
| #define PACKAGE_STRING "GCX Core 2.0.0"
| #define PACKAGE_BUGREPORT "www.gcx.org"
| #define PACKAGE_URL ""
| #define HAVE_CXX11 1
| #define STDC_HEADERS 1
| #define HAVE_SYS_TYPES_H 1
| #define HAVE_SYS_STAT_H 1
| #define HAVE_STDLIB_H 1
| #define HAVE_STRING_H 1
| #define HAVE_MEMORY_H 1
| #define HAVE_STRINGS_H 1
| #define HAVE_INTTYPES_H 1
| #define HAVE_STDINT_H 1
| #define HAVE_UNISTD_H 1
| #define HAVE_DLFCN_H 1
| #define LT_OBJDIR ".libs/"
| #define HAVE_PTHREAD_PRIO_INHERIT 1
| #define HAVE_PTHREAD 1
| #define HAVE_DECL_STRERROR_R 1
| #define HAVE_STRERROR_R 1
| #define HAVE_FUNC_ATTRIBUTE_VISIBILITY 1
| #define HAVE_STDIO_H 1
| #define HAVE_STDLIB_H 1
| #define HAVE_UNISTD_H 1
| #define HAVE_STRINGS_H 1
| #define HAVE_SYS_TYPES_H 1
| #define HAVE_SYS_STAT_H 1
| #define HAVE_SYS_SELECT_H 1
| #define HAVE_INET_PTON 1
| #define HAVE_DECL_STRNLEN 1
| #define HAVE_DECL_LE32TOH 0
| #define HAVE_DECL_LE64TOH 0
| #define HAVE_DECL_HTOLE32 0
| #define HAVE_DECL_HTOLE64 0
| #define HAVE_DECL_BE32TOH 0
| #define HAVE_DECL_BE64TOH 0
| #define HAVE_DECL_HTOBE32 0
| #define HAVE_DECL_HTOBE64 0
| #define HAVE_VISIBILITY_ATTRIBUTE 1
| /* end confdefs.h.  */
| 
|       #include <libdb4/db_cxx.h>
| 
| int
| main ()
| {
| 
|       #if !((DB_VERSION_MAJOR == 4 && DB_VERSION_MINOR >= 8) || DB_VERSION_MAJOR > 4)
|         #error "failed to find bdb 4.8+"
|       #endif
| 
|   ;
|   return 0;
| }
configure:22584: /root/Downloads/gcx-v-2/depends/x86_64-apple-darwin11/native/bin/clang++ -target x86_64-apple-darwin11 -mmacosx-version-min=10.8 --sysroot /root/Downloads/gcx-v-2/depends/SDKs/MacOSX10.11.sdk -mlinker-version=253.9 -stdlib=libc++ -std=c++11 -c -pipe -O2   -Wstack-protector -fstack-protector-all -fPIC -I/root/Downloads/gcx-v-2/depends/x86_64-apple-darwin11/share/../include/  -DBOOST_SPIRIT_THREADSAFE -DHAVE_BUILD_INFO -D__STDC_FORMAT_MACROS -DMAC_OSX  -U_FORTIFY_SOURCE -D_FORTIFY_SOURCE=2 conftest.cpp >&5
conftest.cpp:46:16: fatal error: 'db4/db_cxx.h' file not found
      #include <db4/db_cxx.h>
               ^
1 error generated.
configure:22584: $? = 1
configure: failed program was:
| /* confdefs.h */
| #define PACKAGE_NAME "GCX Core"
| #define PACKAGE_TARNAME "gcx"
| #define PACKAGE_VERSION "2.0.0"
| #define PACKAGE_STRING "GCX Core 2.0.0"
| #define PACKAGE_BUGREPORT "www.gcx.org"
| #define PACKAGE_URL ""
| #define HAVE_CXX11 1
| #define STDC_HEADERS 1
| #define HAVE_SYS_TYPES_H 1
| #define HAVE_SYS_STAT_H 1
| #define HAVE_STDLIB_H 1
| #define HAVE_STRING_H 1
| #define HAVE_MEMORY_H 1
| #define HAVE_STRINGS_H 1
| #define HAVE_INTTYPES_H 1
| #define HAVE_STDINT_H 1
| #define HAVE_UNISTD_H 1
| #define HAVE_DLFCN_H 1
| #define LT_OBJDIR ".libs/"
| #define HAVE_PTHREAD_PRIO_INHERIT 1
| #define HAVE_PTHREAD 1
| #define HAVE_DECL_STRERROR_R 1
| #define HAVE_STRERROR_R 1
| #define HAVE_FUNC_ATTRIBUTE_VISIBILITY 1
| #define HAVE_STDIO_H 1
| #define HAVE_STDLIB_H 1
| #define HAVE_UNISTD_H 1
| #define HAVE_STRINGS_H 1
| #define HAVE_SYS_TYPES_H 1
| #define HAVE_SYS_STAT_H 1
| #define HAVE_SYS_SELECT_H 1
| #define HAVE_INET_PTON 1
| #define HAVE_DECL_STRNLEN 1
| #define HAVE_DECL_LE32TOH 0
| #define HAVE_DECL_LE64TOH 0
| #define HAVE_DECL_HTOLE32 0
| #define HAVE_DECL_HTOLE64 0
| #define HAVE_DECL_BE32TOH 0
| #define HAVE_DECL_BE64TOH 0
| #define HAVE_DECL_HTOBE32 0
| #define HAVE_DECL_HTOBE64 0
| #define HAVE_VISIBILITY_ATTRIBUTE 1
| /* end confdefs.h.  */
| 
|       #include <db4/db_cxx.h>
| 
| int
| main ()
| {
| 
|       #if !((DB_VERSION_MAJOR == 4 && DB_VERSION_MINOR >= 8) || DB_VERSION_MAJOR > 4)
|         #error "failed to find bdb 4.8+"
|       #endif
| 
|   ;
|   return 0;
| }
configure:22584: /root/Downloads/gcx-v-2/depends/x86_64-apple-darwin11/native/bin/clang++ -target x86_64-apple-darwin11 -mmacosx-version-min=10.8 --sysroot /root/Downloads/gcx-v-2/depends/SDKs/MacOSX10.11.sdk -mlinker-version=253.9 -stdlib=libc++ -std=c++11 -c -pipe -O2   -Wstack-protector -fstack-protector-all -fPIC -I/root/Downloads/gcx-v-2/depends/x86_64-apple-darwin11/share/../include/  -DBOOST_SPIRIT_THREADSAFE -DHAVE_BUILD_INFO -D__STDC_FORMAT_MACROS -DMAC_OSX  -U_FORTIFY_SOURCE -D_FORTIFY_SOURCE=2 conftest.cpp >&5
conftest.cpp:46:16: fatal error: 'bdb5/db_cxx.h' file not found
      #include <bdb5/db_cxx.h>
               ^
1 error generated.
configure:22584: $? = 1
configure: failed program was:
| /* confdefs.h */
| #define PACKAGE_NAME "GCX Core"
| #define PACKAGE_TARNAME "gcx"
| #define PACKAGE_VERSION "2.0.0"
| #define PACKAGE_STRING "GCX Core 2.0.0"
| #define PACKAGE_BUGREPORT "www.gcx.org"
| #define PACKAGE_URL ""
| #define HAVE_CXX11 1
| #define STDC_HEADERS 1
| #define HAVE_SYS_TYPES_H 1
| #define HAVE_SYS_STAT_H 1
| #define HAVE_STDLIB_H 1
| #define HAVE_STRING_H 1
| #define HAVE_MEMORY_H 1
| #define HAVE_STRINGS_H 1
| #define HAVE_INTTYPES_H 1
| #define HAVE_STDINT_H 1
| #define HAVE_UNISTD_H 1
| #define HAVE_DLFCN_H 1
| #define LT_OBJDIR ".libs/"
| #define HAVE_PTHREAD_PRIO_INHERIT 1
| #define HAVE_PTHREAD 1
| #define HAVE_DECL_STRERROR_R 1
| #define HAVE_STRERROR_R 1
| #define HAVE_FUNC_ATTRIBUTE_VISIBILITY 1
| #define HAVE_STDIO_H 1
| #define HAVE_STDLIB_H 1
| #define HAVE_UNISTD_H 1
| #define HAVE_STRINGS_H 1
| #define HAVE_SYS_TYPES_H 1
| #define HAVE_SYS_STAT_H 1
| #define HAVE_SYS_SELECT_H 1
| #define HAVE_INET_PTON 1
| #define HAVE_DECL_STRNLEN 1
| #define HAVE_DECL_LE32TOH 0
| #define HAVE_DECL_LE64TOH 0
| #define HAVE_DECL_HTOLE32 0
| #define HAVE_DECL_HTOLE64 0
| #define HAVE_DECL_BE32TOH 0
| #define HAVE_DECL_BE64TOH 0
| #define HAVE_DECL_HTOBE32 0
| #define HAVE_DECL_HTOBE64 0
| #define HAVE_VISIBILITY_ATTRIBUTE 1
| /* end confdefs.h.  */
| 
|       #include <bdb5/db_cxx.h>
| 
| int
| main ()
| {
| 
|       #if !((DB_VERSION_MAJOR == 4 && DB_VERSION_MINOR >= 8) || DB_VERSION_MAJOR > 4)
|         #error "failed to find bdb 4.8+"
|       #endif
| 
|   ;
|   return 0;
| }
configure:22584: /root/Downloads/gcx-v-2/depends/x86_64-apple-darwin11/native/bin/clang++ -target x86_64-apple-darwin11 -mmacosx-version-min=10.8 --sysroot /root/Downloads/gcx-v-2/depends/SDKs/MacOSX10.11.sdk -mlinker-version=253.9 -stdlib=libc++ -std=c++11 -c -pipe -O2   -Wstack-protector -fstack-protector-all -fPIC -I/root/Downloads/gcx-v-2/depends/x86_64-apple-darwin11/share/../include/  -DBOOST_SPIRIT_THREADSAFE -DHAVE_BUILD_INFO -D__STDC_FORMAT_MACROS -DMAC_OSX  -U_FORTIFY_SOURCE -D_FORTIFY_SOURCE=2 conftest.cpp >&5
conftest.cpp:46:16: fatal error: 'libdb5/db_cxx.h' file not found
      #include <libdb5/db_cxx.h>
               ^
1 error generated.
configure:22584: $? = 1
configure: failed program was:
| /* confdefs.h */
| #define PACKAGE_NAME "GCX Core"
| #define PACKAGE_TARNAME "gcx"
| #define PACKAGE_VERSION "2.0.0"
| #define PACKAGE_STRING "GCX Core 2.0.0"
| #define PACKAGE_BUGREPORT "www.gcx.org"
| #define PACKAGE_URL ""
| #define HAVE_CXX11 1
| #define STDC_HEADERS 1
| #define HAVE_SYS_TYPES_H 1
| #define HAVE_SYS_STAT_H 1
| #define HAVE_STDLIB_H 1
| #define HAVE_STRING_H 1
| #define HAVE_MEMORY_H 1
| #define HAVE_STRINGS_H 1
| #define HAVE_INTTYPES_H 1
| #define HAVE_STDINT_H 1
| #define HAVE_UNISTD_H 1
| #define HAVE_DLFCN_H 1
| #define LT_OBJDIR ".libs/"
| #define HAVE_PTHREAD_PRIO_INHERIT 1
| #define HAVE_PTHREAD 1
| #define HAVE_DECL_STRERROR_R 1
| #define HAVE_STRERROR_R 1
| #define HAVE_FUNC_ATTRIBUTE_VISIBILITY 1
| #define HAVE_STDIO_H 1
| #define HAVE_STDLIB_H 1
| #define HAVE_UNISTD_H 1
| #define HAVE_STRINGS_H 1
| #define HAVE_SYS_TYPES_H 1
| #define HAVE_SYS_STAT_H 1
| #define HAVE_SYS_SELECT_H 1
| #define HAVE_INET_PTON 1
| #define HAVE_DECL_STRNLEN 1
| #define HAVE_DECL_LE32TOH 0
| #define HAVE_DECL_LE64TOH 0
| #define HAVE_DECL_HTOLE32 0
| #define HAVE_DECL_HTOLE64 0
| #define HAVE_DECL_BE32TOH 0
| #define HAVE_DECL_BE64TOH 0
| #define HAVE_DECL_HTOBE32 0
| #define HAVE_DECL_HTOBE64 0
| #define HAVE_VISIBILITY_ATTRIBUTE 1
| /* end confdefs.h.  */
| 
|       #include <libdb5/db_cxx.h>
| 
| int
| main ()
| {
| 
|       #if !((DB_VERSION_MAJOR == 4 && DB_VERSION_MINOR >= 8) || DB_VERSION_MAJOR > 4)
|         #error "failed to find bdb 4.8+"
|       #endif
| 
|   ;
|   return 0;
| }
configure:22584: /root/Downloads/gcx-v-2/depends/x86_64-apple-darwin11/native/bin/clang++ -target x86_64-apple-darwin11 -mmacosx-version-min=10.8 --sysroot /root/Downloads/gcx-v-2/depends/SDKs/MacOSX10.11.sdk -mlinker-version=253.9 -stdlib=libc++ -std=c++11 -c -pipe -O2   -Wstack-protector -fstack-protector-all -fPIC -I/root/Downloads/gcx-v-2/depends/x86_64-apple-darwin11/share/../include/  -DBOOST_SPIRIT_THREADSAFE -DHAVE_BUILD_INFO -D__STDC_FORMAT_MACROS -DMAC_OSX  -U_FORTIFY_SOURCE -D_FORTIFY_SOURCE=2 conftest.cpp >&5
conftest.cpp:46:16: fatal error: 'db5/db_cxx.h' file not found
      #include <db5/db_cxx.h>
               ^
1 error generated.
configure:22584: $? = 1
configure: failed program was:
| /* confdefs.h */
| #define PACKAGE_NAME "GCX Core"
| #define PACKAGE_TARNAME "gcx"
| #define PACKAGE_VERSION "2.0.0"
| #define PACKAGE_STRING "GCX Core 2.0.0"
| #define PACKAGE_BUGREPORT "www.gcx.org"
| #define PACKAGE_URL ""
| #define HAVE_CXX11 1
| #define STDC_HEADERS 1
| #define HAVE_SYS_TYPES_H 1
| #define HAVE_SYS_STAT_H 1
| #define HAVE_STDLIB_H 1
| #define HAVE_STRING_H 1
| #define HAVE_MEMORY_H 1
| #define HAVE_STRINGS_H 1
| #define HAVE_INTTYPES_H 1
| #define HAVE_STDINT_H 1
| #define HAVE_UNISTD_H 1
| #define HAVE_DLFCN_H 1
| #define LT_OBJDIR ".libs/"
| #define HAVE_PTHREAD_PRIO_INHERIT 1
| #define HAVE_PTHREAD 1
| #define HAVE_DECL_STRERROR_R 1
| #define HAVE_STRERROR_R 1
| #define HAVE_FUNC_ATTRIBUTE_VISIBILITY 1
| #define HAVE_STDIO_H 1
| #define HAVE_STDLIB_H 1
| #define HAVE_UNISTD_H 1
| #define HAVE_STRINGS_H 1
| #define HAVE_SYS_TYPES_H 1
| #define HAVE_SYS_STAT_H 1
| #define HAVE_SYS_SELECT_H 1
| #define HAVE_INET_PTON 1
| #define HAVE_DECL_STRNLEN 1
| #define HAVE_DECL_LE32TOH 0
| #define HAVE_DECL_LE64TOH 0
| #define HAVE_DECL_HTOLE32 0
| #define HAVE_DECL_HTOLE64 0
| #define HAVE_DECL_BE32TOH 0
| #define HAVE_DECL_BE64TOH 0
| #define HAVE_DECL_HTOBE32 0
| #define HAVE_DECL_HTOBE64 0
| #define HAVE_VISIBILITY_ATTRIBUTE 1
| /* end confdefs.h.  */
| 
|       #include <db5/db_cxx.h>
| 
| int
| main ()
| {
| 
|       #if !((DB_VERSION_MAJOR == 4 && DB_VERSION_MINOR >= 8) || DB_VERSION_MAJOR > 4)
|         #error "failed to find bdb 4.8+"
|       #endif
| 
|   ;
|   return 0;
| }
configure:22584: /root/Downloads/gcx-v-2/depends/x86_64-apple-darwin11/native/bin/clang++ -target x86_64-apple-darwin11 -mmacosx-version-min=10.8 --sysroot /root/Downloads/gcx-v-2/depends/SDKs/MacOSX10.11.sdk -mlinker-version=253.9 -stdlib=libc++ -std=c++11 -c -pipe -O2   -Wstack-protector -fstack-protector-all -fPIC -I/root/Downloads/gcx-v-2/depends/x86_64-apple-darwin11/share/../include/  -DBOOST_SPIRIT_THREADSAFE -DHAVE_BUILD_INFO -D__STDC_FORMAT_MACROS -DMAC_OSX  -U_FORTIFY_SOURCE -D_FORTIFY_SOURCE=2 conftest.cpp >&5
conftest.cpp:46:16: fatal error: 'bdb/db_cxx.h' file not found
      #include <bdb/db_cxx.h>
               ^
1 error generated.
configure:22584: $? = 1
configure: failed program was:
| /* confdefs.h */
| #define PACKAGE_NAME "GCX Core"
| #define PACKAGE_TARNAME "gcx"
| #define PACKAGE_VERSION "2.0.0"
| #define PACKAGE_STRING "GCX Core 2.0.0"
| #define PACKAGE_BUGREPORT "www.gcx.org"
| #define PACKAGE_URL ""
| #define HAVE_CXX11 1
| #define STDC_HEADERS 1
| #define HAVE_SYS_TYPES_H 1
| #define HAVE_SYS_STAT_H 1
| #define HAVE_STDLIB_H 1
| #define HAVE_STRING_H 1
| #define HAVE_MEMORY_H 1
| #define HAVE_STRINGS_H 1
| #define HAVE_INTTYPES_H 1
| #define HAVE_STDINT_H 1
| #define HAVE_UNISTD_H 1
| #define HAVE_DLFCN_H 1
| #define LT_OBJDIR ".libs/"
| #define HAVE_PTHREAD_PRIO_INHERIT 1
| #define HAVE_PTHREAD 1
| #define HAVE_DECL_STRERROR_R 1
| #define HAVE_STRERROR_R 1
| #define HAVE_FUNC_ATTRIBUTE_VISIBILITY 1
| #define HAVE_STDIO_H 1
| #define HAVE_STDLIB_H 1
| #define HAVE_UNISTD_H 1
| #define HAVE_STRINGS_H 1
| #define HAVE_SYS_TYPES_H 1
| #define HAVE_SYS_STAT_H 1
| #define HAVE_SYS_SELECT_H 1
| #define HAVE_INET_PTON 1
| #define HAVE_DECL_STRNLEN 1
| #define HAVE_DECL_LE32TOH 0
| #define HAVE_DECL_LE64TOH 0
| #define HAVE_DECL_HTOLE32 0
| #define HAVE_DECL_HTOLE64 0
| #define HAVE_DECL_BE32TOH 0
| #define HAVE_DECL_BE64TOH 0
| #define HAVE_DECL_HTOBE32 0
| #define HAVE_DECL_HTOBE64 0
| #define HAVE_VISIBILITY_ATTRIBUTE 1
| /* end confdefs.h.  */
| 
|       #include <bdb/db_cxx.h>
| 
| int
| main ()
| {
| 
|       #if !((DB_VERSION_MAJOR == 4 && DB_VERSION_MINOR >= 8) || DB_VERSION_MAJOR > 4)
|         #error "failed to find bdb 4.8+"
|       #endif
| 
|   ;
|   return 0;
| }
configure:22584: /root/Downloads/gcx-v-2/depends/x86_64-apple-darwin11/native/bin/clang++ -target x86_64-apple-darwin11 -mmacosx-version-min=10.8 --sysroot /root/Downloads/gcx-v-2/depends/SDKs/MacOSX10.11.sdk -mlinker-version=253.9 -stdlib=libc++ -std=c++11 -c -pipe -O2   -Wstack-protector -fstack-protector-all -fPIC -I/root/Downloads/gcx-v-2/depends/x86_64-apple-darwin11/share/../include/  -DBOOST_SPIRIT_THREADSAFE -DHAVE_BUILD_INFO -D__STDC_FORMAT_MACROS -DMAC_OSX  -U_FORTIFY_SOURCE -D_FORTIFY_SOURCE=2 conftest.cpp >&5
conftest.cpp:46:16: fatal error: 'libdb/db_cxx.h' file not found
      #include <libdb/db_cxx.h>
               ^
1 error generated.
configure:22584: $? = 1
configure: failed program was:
| /* confdefs.h */
| #define PACKAGE_NAME "GCX Core"
| #define PACKAGE_TARNAME "gcx"
| #define PACKAGE_VERSION "2.0.0"
| #define PACKAGE_STRING "GCX Core 2.0.0"
| #define PACKAGE_BUGREPORT "www.gcx.org"
| #define PACKAGE_URL ""
| #define HAVE_CXX11 1
| #define STDC_HEADERS 1
| #define HAVE_SYS_TYPES_H 1
| #define HAVE_SYS_STAT_H 1
| #define HAVE_STDLIB_H 1
| #define HAVE_STRING_H 1
| #define HAVE_MEMORY_H 1
| #define HAVE_STRINGS_H 1
| #define HAVE_INTTYPES_H 1
| #define HAVE_STDINT_H 1
| #define HAVE_UNISTD_H 1
| #define HAVE_DLFCN_H 1
| #define LT_OBJDIR ".libs/"
| #define HAVE_PTHREAD_PRIO_INHERIT 1
| #define HAVE_PTHREAD 1
| #define HAVE_DECL_STRERROR_R 1
| #define HAVE_STRERROR_R 1
| #define HAVE_FUNC_ATTRIBUTE_VISIBILITY 1
| #define HAVE_STDIO_H 1
| #define HAVE_STDLIB_H 1
| #define HAVE_UNISTD_H 1
| #define HAVE_STRINGS_H 1
| #define HAVE_SYS_TYPES_H 1
| #define HAVE_SYS_STAT_H 1
| #define HAVE_SYS_SELECT_H 1
| #define HAVE_INET_PTON 1
| #define HAVE_DECL_STRNLEN 1
| #define HAVE_DECL_LE32TOH 0
| #define HAVE_DECL_LE64TOH 0
| #define HAVE_DECL_HTOLE32 0
| #define HAVE_DECL_HTOLE64 0
| #define HAVE_DECL_BE32TOH 0
| #define HAVE_DECL_BE64TOH 0
| #define HAVE_DECL_HTOBE32 0
| #define HAVE_DECL_HTOBE64 0
| #define HAVE_VISIBILITY_ATTRIBUTE 1
| /* end confdefs.h.  */
| 
|       #include <libdb/db_cxx.h>
| 
| int
| main ()
| {
| 
|       #if !((DB_VERSION_MAJOR == 4 && DB_VERSION_MINOR >= 8) || DB_VERSION_MAJOR > 4)
|         #error "failed to find bdb 4.8+"
|       #endif
| 
|   ;
|   return 0;
| }
configure:22584: /root/Downloads/gcx-v-2/depends/x86_64-apple-darwin11/native/bin/clang++ -target x86_64-apple-darwin11 -mmacosx-version-min=10.8 --sysroot /root/Downloads/gcx-v-2/depends/SDKs/MacOSX10.11.sdk -mlinker-version=253.9 -stdlib=libc++ -std=c++11 -c -pipe -O2   -Wstack-protector -fstack-protector-all -fPIC -I/root/Downloads/gcx-v-2/depends/x86_64-apple-darwin11/share/../include/  -DBOOST_SPIRIT_THREADSAFE -DHAVE_BUILD_INFO -D__STDC_FORMAT_MACROS -DMAC_OSX  -U_FORTIFY_SOURCE -D_FORTIFY_SOURCE=2 conftest.cpp >&5
conftest.cpp:46:16: fatal error: 'db/db_cxx.h' file not found
      #include <db/db_cxx.h>
               ^
1 error generated.
configure:22584: $? = 1
configure: failed program was:
| /* confdefs.h */
| #define PACKAGE_NAME "GCX Core"
| #define PACKAGE_TARNAME "gcx"
| #define PACKAGE_VERSION "2.0.0"
| #define PACKAGE_STRING "GCX Core 2.0.0"
| #define PACKAGE_BUGREPORT "www.gcx.org"
| #define PACKAGE_URL ""
| #define HAVE_CXX11 1
| #define STDC_HEADERS 1
| #define HAVE_SYS_TYPES_H 1
| #define HAVE_SYS_STAT_H 1
| #define HAVE_STDLIB_H 1
| #define HAVE_STRING_H 1
| #define HAVE_MEMORY_H 1
| #define HAVE_STRINGS_H 1
| #define HAVE_INTTYPES_H 1
| #define HAVE_STDINT_H 1
| #define HAVE_UNISTD_H 1
| #define HAVE_DLFCN_H 1
| #define LT_OBJDIR ".libs/"
| #define HAVE_PTHREAD_PRIO_INHERIT 1
| #define HAVE_PTHREAD 1
| #define HAVE_DECL_STRERROR_R 1
| #define HAVE_STRERROR_R 1
| #define HAVE_FUNC_ATTRIBUTE_VISIBILITY 1
| #define HAVE_STDIO_H 1
| #define HAVE_STDLIB_H 1
| #define HAVE_UNISTD_H 1
| #define HAVE_STRINGS_H 1
| #define HAVE_SYS_TYPES_H 1
| #define HAVE_SYS_STAT_H 1
| #define HAVE_SYS_SELECT_H 1
| #define HAVE_INET_PTON 1
| #define HAVE_DECL_STRNLEN 1
| #define HAVE_DECL_LE32TOH 0
| #define HAVE_DECL_LE64TOH 0
| #define HAVE_DECL_HTOLE32 0
| #define HAVE_DECL_HTOLE64 0
| #define HAVE_DECL_BE32TOH 0
| #define HAVE_DECL_BE64TOH 0
| #define HAVE_DECL_HTOBE32 0
| #define HAVE_DECL_HTOBE64 0
| #define HAVE_VISIBILITY_ATTRIBUTE 1
| /* end confdefs.h.  */
| 
|       #include <db/db_cxx.h>
| 
| int
| main ()
| {
| 
|       #if !((DB_VERSION_MAJOR == 4 && DB_VERSION_MINOR >= 8) || DB_VERSION_MAJOR > 4)
|         #error "failed to find bdb 4.8+"
|       #endif
| 
|   ;
|   return 0;
| }
configure:22584: /root/Downloads/gcx-v-2/depends/x86_64-apple-darwin11/native/bin/clang++ -target x86_64-apple-darwin11 -mmacosx-version-min=10.8 --sysroot /root/Downloads/gcx-v-2/depends/SDKs/MacOSX10.11.sdk -mlinker-version=253.9 -stdlib=libc++ -std=c++11 -c -pipe -O2   -Wstack-protector -fstack-protector-all -fPIC -I/root/Downloads/gcx-v-2/depends/x86_64-apple-darwin11/share/../include/  -DBOOST_SPIRIT_THREADSAFE -DHAVE_BUILD_INFO -D__STDC_FORMAT_MACROS -DMAC_OSX  -U_FORTIFY_SOURCE -D_FORTIFY_SOURCE=2 conftest.cpp >&5
configure:22584: $? = 0
configure:22613: /root/Downloads/gcx-v-2/depends/x86_64-apple-darwin11/native/bin/clang++ -target x86_64-apple-darwin11 -mmacosx-version-min=10.8 --sysroot /root/Downloads/gcx-v-2/depends/SDKs/MacOSX10.11.sdk -mlinker-version=253.9 -stdlib=libc++ -std=c++11 -c -pipe -O2   -Wstack-protector -fstack-protector-all -fPIC -I/root/Downloads/gcx-v-2/depends/x86_64-apple-darwin11/share/../include/  -DBOOST_SPIRIT_THREADSAFE -DHAVE_BUILD_INFO -D__STDC_FORMAT_MACROS -DMAC_OSX  -U_FORTIFY_SOURCE -D_FORTIFY_SOURCE=2 conftest.cpp >&5
configure:22613: $? = 0
configure:22656: result: default
configure:22675: checking for main in -ldb_cxx-4.8
configure:22694: /root/Downloads/gcx-v-2/depends/x86_64-apple-darwin11/native/bin/clang++ -target x86_64-apple-darwin11 -mmacosx-version-min=10.8 --sysroot /root/Downloads/gcx-v-2/depends/SDKs/MacOSX10.11.sdk -mlinker-version=253.9 -stdlib=libc++ -std=c++11 -o conftest -pipe -O2   -Wstack-protector -fstack-protector-all -fPIC -I/root/Downloads/gcx-v-2/depends/x86_64-apple-darwin11/share/../include/  -DBOOST_SPIRIT_THREADSAFE -DHAVE_BUILD_INFO -D__STDC_FORMAT_MACROS -DMAC_OSX  -U_FORTIFY_SOURCE -D_FORTIFY_SOURCE=2 -L/root/Downloads/gcx-v-2/depends/x86_64-apple-darwin11/share/../lib  -Wl,-headerpad_max_install_names  -Wl,-dead_strip conftest.cpp -ldb_cxx-4.8   >&5
configure:22694: $? = 0
configure:22704: result: yes
configure:22725: checking miniupnpc/miniwget.h usability
configure:22725: /root/Downloads/gcx-v-2/depends/x86_64-apple-darwin11/native/bin/clang++ -target x86_64-apple-darwin11 -mmacosx-version-min=10.8 --sysroot /root/Downloads/gcx-v-2/depends/SDKs/MacOSX10.11.sdk -mlinker-version=253.9 -stdlib=libc++ -std=c++11 -c -pipe -O2   -Wstack-protector -fstack-protector-all -fPIC -I/root/Downloads/gcx-v-2/depends/x86_64-apple-darwin11/share/../include/  -DBOOST_SPIRIT_THREADSAFE -DHAVE_BUILD_INFO -D__STDC_FORMAT_MACROS -DMAC_OSX  -U_FORTIFY_SOURCE -D_FORTIFY_SOURCE=2 conftest.cpp >&5
configure:22725: $? = 0
configure:22725: result: yes
configure:22725: checking miniupnpc/miniwget.h presence
configure:22725: /root/Downloads/gcx-v-2/depends/x86_64-apple-darwin11/native/bin/clang++ -target x86_64-apple-darwin11 -mmacosx-version-min=10.8 --sysroot /root/Downloads/gcx-v-2/depends/SDKs/MacOSX10.11.sdk -mlinker-version=253.9 -stdlib=libc++ -std=c++11 -E -I/root/Downloads/gcx-v-2/depends/x86_64-apple-darwin11/share/../include/  -DBOOST_SPIRIT_THREADSAFE -DHAVE_BUILD_INFO -D__STDC_FORMAT_MACROS -DMAC_OSX  -U_FORTIFY_SOURCE -D_FORTIFY_SOURCE=2 conftest.cpp
configure:22725: $? = 0
configure:22725: result: yes
configure:22725: checking for miniupnpc/miniwget.h
configure:22725: result: yes
configure:22730: checking for main in -lminiupnpc
configure:22749: /root/Downloads/gcx-v-2/depends/x86_64-apple-darwin11/native/bin/clang++ -target x86_64-apple-darwin11 -mmacosx-version-min=10.8 --sysroot /root/Downloads/gcx-v-2/depends/SDKs/MacOSX10.11.sdk -mlinker-version=253.9 -stdlib=libc++ -std=c++11 -o conftest -pipe -O2   -Wstack-protector -fstack-protector-all -fPIC -I/root/Downloads/gcx-v-2/depends/x86_64-apple-darwin11/share/../include/  -DBOOST_SPIRIT_THREADSAFE -DHAVE_BUILD_INFO -D__STDC_FORMAT_MACROS -DMAC_OSX  -U_FORTIFY_SOURCE -D_FORTIFY_SOURCE=2 -L/root/Downloads/gcx-v-2/depends/x86_64-apple-darwin11/share/../lib  -Wl,-headerpad_max_install_names  -Wl,-dead_strip conftest.cpp -lminiupnpc   >&5
configure:22749: $? = 0
configure:22758: result: yes
configure:22725: checking miniupnpc/miniupnpc.h usability
configure:22725: /root/Downloads/gcx-v-2/depends/x86_64-apple-darwin11/native/bin/clang++ -target x86_64-apple-darwin11 -mmacosx-version-min=10.8 --sysroot /root/Downloads/gcx-v-2/depends/SDKs/MacOSX10.11.sdk -mlinker-version=253.9 -stdlib=libc++ -std=c++11 -c -pipe -O2   -Wstack-protector -fstack-protector-all -fPIC -I/root/Downloads/gcx-v-2/depends/x86_64-apple-darwin11/share/../include/  -DBOOST_SPIRIT_THREADSAFE -DHAVE_BUILD_INFO -D__STDC_FORMAT_MACROS -DMAC_OSX  -U_FORTIFY_SOURCE -D_FORTIFY_SOURCE=2 conftest.cpp >&5
configure:22725: $? = 0
configure:22725: result: yes
configure:22725: checking miniupnpc/miniupnpc.h presence
configure:22725: /root/Downloads/gcx-v-2/depends/x86_64-apple-darwin11/native/bin/clang++ -target x86_64-apple-darwin11 -mmacosx-version-min=10.8 --sysroot /root/Downloads/gcx-v-2/depends/SDKs/MacOSX10.11.sdk -mlinker-version=253.9 -stdlib=libc++ -std=c++11 -E -I/root/Downloads/gcx-v-2/depends/x86_64-apple-darwin11/share/../include/  -DBOOST_SPIRIT_THREADSAFE -DHAVE_BUILD_INFO -D__STDC_FORMAT_MACROS -DMAC_OSX  -U_FORTIFY_SOURCE -D_FORTIFY_SOURCE=2 conftest.cpp
configure:22725: $? = 0
configure:22725: result: yes
configure:22725: checking for miniupnpc/miniupnpc.h
configure:22725: result: yes
configure:22730: checking for main in -lminiupnpc
configure:22758: result: yes
configure:22725: checking miniupnpc/upnpcommands.h usability
configure:22725: /root/Downloads/gcx-v-2/depends/x86_64-apple-darwin11/native/bin/clang++ -target x86_64-apple-darwin11 -mmacosx-version-min=10.8 --sysroot /root/Downloads/gcx-v-2/depends/SDKs/MacOSX10.11.sdk -mlinker-version=253.9 -stdlib=libc++ -std=c++11 -c -pipe -O2   -Wstack-protector -fstack-protector-all -fPIC -I/root/Downloads/gcx-v-2/depends/x86_64-apple-darwin11/share/../include/  -DBOOST_SPIRIT_THREADSAFE -DHAVE_BUILD_INFO -D__STDC_FORMAT_MACROS -DMAC_OSX  -U_FORTIFY_SOURCE -D_FORTIFY_SOURCE=2 conftest.cpp >&5
configure:22725: $? = 0
configure:22725: result: yes
configure:22725: checking miniupnpc/upnpcommands.h presence
configure:22725: /root/Downloads/gcx-v-2/depends/x86_64-apple-darwin11/native/bin/clang++ -target x86_64-apple-darwin11 -mmacosx-version-min=10.8 --sysroot /root/Downloads/gcx-v-2/depends/SDKs/MacOSX10.11.sdk -mlinker-version=253.9 -stdlib=libc++ -std=c++11 -E -I/root/Downloads/gcx-v-2/depends/x86_64-apple-darwin11/share/../include/  -DBOOST_SPIRIT_THREADSAFE -DHAVE_BUILD_INFO -D__STDC_FORMAT_MACROS -DMAC_OSX  -U_FORTIFY_SOURCE -D_FORTIFY_SOURCE=2 conftest.cpp
configure:22725: $? = 0
configure:22725: result: yes
configure:22725: checking for miniupnpc/upnpcommands.h
configure:22725: result: yes
configure:22730: checking for main in -lminiupnpc
configure:22758: result: yes
configure:22725: checking miniupnpc/upnperrors.h usability
configure:22725: /root/Downloads/gcx-v-2/depends/x86_64-apple-darwin11/native/bin/clang++ -target x86_64-apple-darwin11 -mmacosx-version-min=10.8 --sysroot /root/Downloads/gcx-v-2/depends/SDKs/MacOSX10.11.sdk -mlinker-version=253.9 -stdlib=libc++ -std=c++11 -c -pipe -O2   -Wstack-protector -fstack-protector-all -fPIC -I/root/Downloads/gcx-v-2/depends/x86_64-apple-darwin11/share/../include/  -DBOOST_SPIRIT_THREADSAFE -DHAVE_BUILD_INFO -D__STDC_FORMAT_MACROS -DMAC_OSX  -U_FORTIFY_SOURCE -D_FORTIFY_SOURCE=2 conftest.cpp >&5
configure:22725: $? = 0
configure:22725: result: yes
configure:22725: checking miniupnpc/upnperrors.h presence
configure:22725: /root/Downloads/gcx-v-2/depends/x86_64-apple-darwin11/native/bin/clang++ -target x86_64-apple-darwin11 -mmacosx-version-min=10.8 --sysroot /root/Downloads/gcx-v-2/depends/SDKs/MacOSX10.11.sdk -mlinker-version=253.9 -stdlib=libc++ -std=c++11 -E -I/root/Downloads/gcx-v-2/depends/x86_64-apple-darwin11/share/../include/  -DBOOST_SPIRIT_THREADSAFE -DHAVE_BUILD_INFO -D__STDC_FORMAT_MACROS -DMAC_OSX  -U_FORTIFY_SOURCE -D_FORTIFY_SOURCE=2 conftest.cpp
configure:22725: $? = 0
configure:22725: result: yes
configure:22725: checking for miniupnpc/upnperrors.h
configure:22725: result: yes
configure:22730: checking for main in -lminiupnpc
configure:22758: result: yes
configure:22868: checking for QT
configure:22875: $PKG_CONFIG --exists --print-errors "$qt5_modules"
configure:22878: $? = 0
configure:22892: $PKG_CONFIG --exists --print-errors "$qt5_modules"
configure:22895: $? = 0
configure:22933: result: yes
configure:23185: checking for QT_TEST
configure:23192: $PKG_CONFIG --exists --print-errors "${QT_LIB_PREFIX}Test"
configure:23195: $? = 0
configure:23209: $PKG_CONFIG --exists --print-errors "${QT_LIB_PREFIX}Test"
configure:23212: $? = 0
configure:23250: result: yes
configure:23257: checking for QT_DBUS
configure:23264: $PKG_CONFIG --exists --print-errors "${QT_LIB_PREFIX}DBus"
configure:23267: $? = 0
configure:23281: $PKG_CONFIG --exists --print-errors "${QT_LIB_PREFIX}DBus"
configure:23284: $? = 0
configure:23322: result: yes
configure:24289: checking for static Qt
configure:24312: /root/Downloads/gcx-v-2/depends/x86_64-apple-darwin11/native/bin/clang++ -target x86_64-apple-darwin11 -mmacosx-version-min=10.8 --sysroot /root/Downloads/gcx-v-2/depends/SDKs/MacOSX10.11.sdk -mlinker-version=253.9 -stdlib=libc++ -std=c++11 -c  -pipe -O2   -Wstack-protector -fstack-protector-all -fPIC -I/root/Downloads/gcx-v-2/depends/x86_64-apple-darwin11/include/QtNetwork -I/root/Downloads/gcx-v-2/depends/x86_64-apple-darwin11/include/QtWidgets -I/root/Downloads/gcx-v-2/depends/x86_64-apple-darwin11/include/QtGui -I/root/Downloads/gcx-v-2/depends/x86_64-apple-darwin11/include/QtCore -I/root/Downloads/gcx-v-2/depends/x86_64-apple-darwin11/share/../include/  -DBOOST_SPIRIT_THREADSAFE -DHAVE_BUILD_INFO -D__STDC_FORMAT_MACROS -DMAC_OSX  -U_FORTIFY_SOURCE -D_FORTIFY_SOURCE=2 conftest.cpp >&5
configure:24312: $? = 0
configure:24320: result: yes
configure:24341: checking for QTPLATFORM
configure:24348: $PKG_CONFIG --exists --print-errors "Qt5PlatformSupport"
configure:24351: $? = 0
configure:24365: $PKG_CONFIG --exists --print-errors "Qt5PlatformSupport"
configure:24368: $? = 0
configure:24426: result: yes
configure:24618: checking for QTPRINT
configure:24625: $PKG_CONFIG --exists --print-errors "Qt5PrintSupport"
configure:24628: $? = 0
configure:24642: $PKG_CONFIG --exists --print-errors "Qt5PrintSupport"
configure:24645: $? = 0
configure:24703: result: yes
configure:24817: checking for Qt < 5.4
configure:24837: /root/Downloads/gcx-v-2/depends/x86_64-apple-darwin11/native/bin/clang++ -target x86_64-apple-darwin11 -mmacosx-version-min=10.8 --sysroot /root/Downloads/gcx-v-2/depends/SDKs/MacOSX10.11.sdk -mlinker-version=253.9 -stdlib=libc++ -std=c++11 -c  -pipe -O2   -Wstack-protector -fstack-protector-all -fPIC -I/root/Downloads/gcx-v-2/depends/x86_64-apple-darwin11/include/QtNetwork -I/root/Downloads/gcx-v-2/depends/x86_64-apple-darwin11/include/QtWidgets -I/root/Downloads/gcx-v-2/depends/x86_64-apple-darwin11/include/QtGui -I/root/Downloads/gcx-v-2/depends/x86_64-apple-darwin11/include/QtCore -I/root/Downloads/gcx-v-2/depends/x86_64-apple-darwin11/share/../include/  -DBOOST_SPIRIT_THREADSAFE -DHAVE_BUILD_INFO -D__STDC_FORMAT_MACROS -DMAC_OSX  -U_FORTIFY_SOURCE -D_FORTIFY_SOURCE=2 conftest.cpp >&5
conftest.cpp:56:11: error: use of undeclared identifier 'choke'
          choke;
          ^
1 error generated.
configure:24837: $? = 1
configure: failed program was:
| /* confdefs.h */
| #define PACKAGE_NAME "GCX Core"
| #define PACKAGE_TARNAME "gcx"
| #define PACKAGE_VERSION "2.0.0"
| #define PACKAGE_STRING "GCX Core 2.0.0"
| #define PACKAGE_BUGREPORT "www.gcx.org"
| #define PACKAGE_URL ""
| #define HAVE_CXX11 1
| #define STDC_HEADERS 1
| #define HAVE_SYS_TYPES_H 1
| #define HAVE_SYS_STAT_H 1
| #define HAVE_STDLIB_H 1
| #define HAVE_STRING_H 1
| #define HAVE_MEMORY_H 1
| #define HAVE_STRINGS_H 1
| #define HAVE_INTTYPES_H 1
| #define HAVE_STDINT_H 1
| #define HAVE_UNISTD_H 1
| #define HAVE_DLFCN_H 1
| #define LT_OBJDIR ".libs/"
| #define HAVE_PTHREAD_PRIO_INHERIT 1
| #define HAVE_PTHREAD 1
| #define HAVE_DECL_STRERROR_R 1
| #define HAVE_STRERROR_R 1
| #define HAVE_FUNC_ATTRIBUTE_VISIBILITY 1
| #define HAVE_STDIO_H 1
| #define HAVE_STDLIB_H 1
| #define HAVE_UNISTD_H 1
| #define HAVE_STRINGS_H 1
| #define HAVE_SYS_TYPES_H 1
| #define HAVE_SYS_STAT_H 1
| #define HAVE_SYS_SELECT_H 1
| #define HAVE_INET_PTON 1
| #define HAVE_DECL_STRNLEN 1
| #define HAVE_DECL_LE32TOH 0
| #define HAVE_DECL_LE64TOH 0
| #define HAVE_DECL_HTOLE32 0
| #define HAVE_DECL_HTOLE64 0
| #define HAVE_DECL_BE32TOH 0
| #define HAVE_DECL_BE64TOH 0
| #define HAVE_DECL_HTOBE32 0
| #define HAVE_DECL_HTOBE64 0
| #define HAVE_VISIBILITY_ATTRIBUTE 1
| #define HAVE_MINIUPNPC_MINIWGET_H 1
| #define HAVE_MINIUPNPC_MINIUPNPC_H 1
| #define HAVE_MINIUPNPC_UPNPCOMMANDS_H 1
| #define HAVE_MINIUPNPC_UPNPERRORS_H 1
| #define QT_STATICPLUGIN 1
| /* end confdefs.h.  */
| #include <QtCore>
| int
| main ()
| {
| 
|           #if QT_VERSION >= 0x050400
|           choke;
|           #endif
| 
|   ;
|   return 0;
| }
configure:24845: result: no
configure:24981: checking whether the linker accepts -framework IOKit
configure:25000: /root/Downloads/gcx-v-2/depends/x86_64-apple-darwin11/native/bin/clang++ -target x86_64-apple-darwin11 -mmacosx-version-min=10.8 --sysroot /root/Downloads/gcx-v-2/depends/SDKs/MacOSX10.11.sdk -mlinker-version=253.9 -stdlib=libc++ -std=c++11 -o conftest  -pipe -O2   -Wstack-protector -fstack-protector-all -fPIC -I/root/Downloads/gcx-v-2/depends/x86_64-apple-darwin11/include/QtNetwork -I/root/Downloads/gcx-v-2/depends/x86_64-apple-darwin11/include/QtWidgets -I/root/Downloads/gcx-v-2/depends/x86_64-apple-darwin11/include/QtGui -I/root/Downloads/gcx-v-2/depends/x86_64-apple-darwin11/include/QtCore -I/root/Downloads/gcx-v-2/depends/x86_64-apple-darwin11/share/../include/  -DBOOST_SPIRIT_THREADSAFE -DHAVE_BUILD_INFO -D__STDC_FORMAT_MACROS -DMAC_OSX  -U_FORTIFY_SOURCE -D_FORTIFY_SOURCE=2 -L/root/Downloads/gcx-v-2/depends/x86_64-apple-darwin11/share/../lib  -Wl,-headerpad_max_install_names  -Wl,-dead_strip  -framework IOKit conftest.cpp  >&5
configure:25000: $? = 0
configure:25009: result: yes
configure:25018: checking for static Qt plugins: -lqcocoa
configure:25036: /root/Downloads/gcx-v-2/depends/x86_64-apple-darwin11/native/bin/clang++ -target x86_64-apple-darwin11 -mmacosx-version-min=10.8 --sysroot /root/Downloads/gcx-v-2/depends/SDKs/MacOSX10.11.sdk -mlinker-version=253.9 -stdlib=libc++ -std=c++11 -o conftest  -pipe -O2   -Wstack-protector -fstack-protector-all -fPIC -I/root/Downloads/gcx-v-2/depends/x86_64-apple-darwin11/include/QtNetwork -I/root/Downloads/gcx-v-2/depends/x86_64-apple-darwin11/include/QtWidgets -I/root/Downloads/gcx-v-2/depends/x86_64-apple-darwin11/include/QtGui -I/root/Downloads/gcx-v-2/depends/x86_64-apple-darwin11/include/QtCore -I/root/Downloads/gcx-v-2/depends/x86_64-apple-darwin11/share/../include/  -DBOOST_SPIRIT_THREADSAFE -DHAVE_BUILD_INFO -D__STDC_FORMAT_MACROS -DMAC_OSX  -U_FORTIFY_SOURCE -D_FORTIFY_SOURCE=2 -L/root/Downloads/gcx-v-2/depends/x86_64-apple-darwin11/share/../lib  -Wl,-headerpad_max_install_names  -Wl,-dead_strip conftest.cpp -lqcocoa -L/root/Downloads/gcx-v-2/depends/x86_64-apple-darwin11/lib -lQt5PrintSupport -lQt5Widgets -framework DiskArbitration -framework IOKit -framework Foundation -framework CoreServices -framework AppKit -framework ApplicationServices -framework CoreFoundation -framework OpenGL -framework AGL -framework Carbon -lQt5Gui -lqtpng -lqtharfbuzzng -lQt5Core -lz -lqtpcre -lm -framework AppKit -framework OpenGL -framework AGL -lQt5Widgets -lQt5Gui -framework DiskArbitration -framework IOKit -framework Foundation -framework CoreServices -framework AppKit -framework ApplicationServices -framework CoreFoundation -lqtpng -lqtharfbuzzng -framework OpenGL -framework AGL -lQt5Core -lz -lqtpcre -lm -framework AppKit -lz -framework Carbon -framework OpenGL -framework AGL -lQt5Gui -lQt5Core -framework DiskArbitration -framework IOKit -lz -lqtpcre -lm -framework Foundation -framework CoreServices -framework AppKit -framework ApplicationServices -framework CoreFoundation -framework AppKit -framework Foundation -lqtpng -lqtharfbuzzng -framework ApplicationServices -lz -framework OpenGL -framework AGL -lQt5Core -framework DiskArbitration -framework IOKit -lz -lqtpcre -lm -framework Foundation -framework CoreServices -framework AppKit -framework ApplicationServices -framework CoreFoundation -L/root/Downloads/gcx-v-2/depends/x86_64-apple-darwin11/lib -lQt5PlatformSupport -lQt5Gui -framework DiskArbitration -framework IOKit -framework Foundation -framework CoreServices -framework AppKit -framework ApplicationServices -framework CoreFoundation -lqtpng -lqtharfbuzzng -framework OpenGL -framework AGL -lQt5Core -lz -lqtpcre -lm -lz -framework AppKit -framework OpenGL -framework ApplicationServices -framework AGL -lQt5Gui -lQt5Core -framework DiskArbitration -framework IOKit -lz -lqtpcre -lm -framework Foundation -framework CoreServices -framework AppKit -framework ApplicationServices -framework CoreFoundation -framework AppKit -framework Foundation -lqtpng -lqtharfbuzzng -framework ApplicationServices -lz -framework OpenGL -framework AGL -lQt5Core -framework DiskArbitration -framework IOKit -lz -lqtpcre -lm -framework Foundation -framework CoreServices -framework AppKit -framework ApplicationServices -framework CoreFoundation -L/root/Downloads/gcx-v-2/depends/x86_64-apple-darwin11/lib -lQt5Network -lQt5Core -framework DiskArbitration -framework IOKit -lz -lqtpcre -lm -framework Foundation -framework CoreServices -framework AppKit -framework ApplicationServices -framework CoreFoundation -framework Security -lz -framework SystemConfiguration -framework CoreFoundation -framework CoreServices -lssl -lcrypto -lQt5Widgets -lQt5Gui -framework DiskArbitration -framework IOKit -framework Foundation -framework CoreServices -framework AppKit -framework ApplicationServices -framework CoreFoundation -lqtpng -lqtharfbuzzng -framework OpenGL -framework AGL -lQt5Core -lz -lqtpcre -lm -framework AppKit -lz -framework Carbon -framework OpenGL -framework AGL -lQt5Gui -lQt5Core -framework DiskArbitration -framework IOKit -lz -lqtpcre -lm -framework Foundation -framework CoreServices -framework AppKit -framework ApplicationServices -framework CoreFoundation -framework AppKit -framework Foundation -lqtpng -lqtharfbuzzng -framework ApplicationServices -lz -framework OpenGL -framework AGL -lQt5Core -framework DiskArbitration -framework IOKit -lz -lqtpcre -lm -framework Foundation -framework CoreServices -framework AppKit -framework ApplicationServices -framework CoreFoundation -L/root/Downloads/gcx-v-2/depends/x86_64-apple-darwin11/share/../plugins/platforms -framework IOKit  >&5
conftest.cpp:51:13: warning: 'QT_STATICPLUGIN' macro redefined [-Wmacro-redefined]
    #define QT_STATICPLUGIN
            ^
conftest.cpp:48:9: note: previous definition is here
#define QT_STATICPLUGIN 1
        ^
1 warning generated.
configure:25036: $? = 0
configure:25037: result: yes
configure:25136: checking whether -fPIE can be used with this Qt config
configure:25157: /root/Downloads/gcx-v-2/depends/x86_64-apple-darwin11/native/bin/clang++ -target x86_64-apple-darwin11 -mmacosx-version-min=10.8 --sysroot /root/Downloads/gcx-v-2/depends/SDKs/MacOSX10.11.sdk -mlinker-version=253.9 -stdlib=libc++ -std=c++11 -c  -pipe -O2   -Wstack-protector -fstack-protector-all -fPIC -I/root/Downloads/gcx-v-2/depends/x86_64-apple-darwin11/include/QtNetwork -I/root/Downloads/gcx-v-2/depends/x86_64-apple-darwin11/include/QtWidgets -I/root/Downloads/gcx-v-2/depends/x86_64-apple-darwin11/include/QtGui -I/root/Downloads/gcx-v-2/depends/x86_64-apple-darwin11/include/QtCore -I/root/Downloads/gcx-v-2/depends/x86_64-apple-darwin11/share/../include/  -DBOOST_SPIRIT_THREADSAFE -DHAVE_BUILD_INFO -D__STDC_FORMAT_MACROS -DMAC_OSX  -U_FORTIFY_SOURCE -D_FORTIFY_SOURCE=2 -DHAVE_QT5 conftest.cpp >&5
configure:25157: $? = 0
configure:25158: result: yes
configure:25226: checking for moc-qt5
configure:25259: result: no
configure:25226: checking for moc5
configure:25259: result: no
configure:25226: checking for moc
configure:25244: found /root/Downloads/gcx-v-2/depends/x86_64-apple-darwin11/share/../native/bin/moc
configure:25256: result: /root/Downloads/gcx-v-2/depends/x86_64-apple-darwin11/share/../native/bin/moc
configure:25345: checking for uic-qt5
configure:25378: result: no
configure:25345: checking for uic5
configure:25378: result: no
configure:25345: checking for uic
configure:25363: found /root/Downloads/gcx-v-2/depends/x86_64-apple-darwin11/share/../native/bin/uic
configure:25375: result: /root/Downloads/gcx-v-2/depends/x86_64-apple-darwin11/share/../native/bin/uic
configure:25464: checking for rcc-qt5
configure:25497: result: no
configure:25464: checking for rcc5
configure:25497: result: no
configure:25464: checking for rcc
configure:25482: found /root/Downloads/gcx-v-2/depends/x86_64-apple-darwin11/share/../native/bin/rcc
configure:25494: result: /root/Downloads/gcx-v-2/depends/x86_64-apple-darwin11/share/../native/bin/rcc
configure:25583: checking for lrelease-qt5
configure:25616: result: no
configure:25583: checking for lrelease5
configure:25616: result: no
configure:25583: checking for lrelease
configure:25601: found /root/Downloads/gcx-v-2/depends/x86_64-apple-darwin11/share/../native/bin/lrelease
configure:25613: result: /root/Downloads/gcx-v-2/depends/x86_64-apple-darwin11/share/../native/bin/lrelease
configure:25702: checking for lupdate-qt5
configure:25735: result: no
configure:25702: checking for lupdate5
configure:25735: result: no
configure:25702: checking for lupdate
configure:25735: result: no
configure:25822: checking whether the linker accepts -framework Foundation -framework ApplicationServices -framework AppKit
configure:25841: /root/Downloads/gcx-v-2/depends/x86_64-apple-darwin11/native/bin/clang++ -target x86_64-apple-darwin11 -mmacosx-version-min=10.8 --sysroot /root/Downloads/gcx-v-2/depends/SDKs/MacOSX10.11.sdk -mlinker-version=253.9 -stdlib=libc++ -std=c++11 -o conftest -pipe -O2   -Wstack-protector -fstack-protector-all -fPIC -I/root/Downloads/gcx-v-2/depends/x86_64-apple-darwin11/share/../include/  -DBOOST_SPIRIT_THREADSAFE -DHAVE_BUILD_INFO -D__STDC_FORMAT_MACROS -DMAC_OSX  -U_FORTIFY_SOURCE -D_FORTIFY_SOURCE=2 -DHAVE_QT5 -L/root/Downloads/gcx-v-2/depends/x86_64-apple-darwin11/share/../lib  -Wl,-headerpad_max_install_names  -Wl,-dead_strip  -framework Foundation -framework ApplicationServices -framework AppKit conftest.cpp  >&5
configure:25841: $? = 0
configure:25851: result: yes
configure:25917: checking whether to build GCX Core GUI
configure:25936: WARNING: "lupdate is required to update qt translations"
configure:25947: result: yes (Qt5)
configure:25970: checking if the trading dialog should be enabled
configure:25973: result: yes
configure:26037: checking for boostlib >= 1.20.0
configure:26122: /root/Downloads/gcx-v-2/depends/x86_64-apple-darwin11/native/bin/clang++ -target x86_64-apple-darwin11 -mmacosx-version-min=10.8 --sysroot /root/Downloads/gcx-v-2/depends/SDKs/MacOSX10.11.sdk -mlinker-version=253.9 -stdlib=libc++ -std=c++11 -c -pipe -O2   -Wstack-protector -fstack-protector-all -fPIC -I/root/Downloads/gcx-v-2/depends/x86_64-apple-darwin11/share/../include/  -DBOOST_SPIRIT_THREADSAFE -DHAVE_BUILD_INFO -D__STDC_FORMAT_MACROS -DMAC_OSX  -U_FORTIFY_SOURCE -D_FORTIFY_SOURCE=2 -DHAVE_QT5 -I/root/Downloads/gcx-v-2/depends/x86_64-apple-darwin11/share/../include conftest.cpp >&5
configure:26122: $? = 0
configure:26124: result: yes
configure:26308: checking whether the Boost::System library is available
configure:26332: /root/Downloads/gcx-v-2/depends/x86_64-apple-darwin11/native/bin/clang++ -target x86_64-apple-darwin11 -mmacosx-version-min=10.8 --sysroot /root/Downloads/gcx-v-2/depends/SDKs/MacOSX10.11.sdk -mlinker-version=253.9 -stdlib=libc++ -std=c++11 -c -pipe -O2   -Wstack-protector -fstack-protector-all -fPIC -I/root/Downloads/gcx-v-2/depends/x86_64-apple-darwin11/share/../include/  -DBOOST_SPIRIT_THREADSAFE -DHAVE_BUILD_INFO -D__STDC_FORMAT_MACROS -DMAC_OSX  -U_FORTIFY_SOURCE -D_FORTIFY_SOURCE=2 -DHAVE_QT5 -I/root/Downloads/gcx-v-2/depends/x86_64-apple-darwin11/share/../include conftest.cpp >&5
conftest.cpp:57:1: warning: expression result unused [-Wunused-value]
boost::system::system_category
^~~~~~~~~~~~~~~~~~~~~~~~~~~~~~
1 warning generated.
configure:26332: $? = 0
configure:26347: result: yes
configure:26363: checking for exit in -lboost_system-mt
configure:26388: /root/Downloads/gcx-v-2/depends/x86_64-apple-darwin11/native/bin/clang++ -target x86_64-apple-darwin11 -mmacosx-version-min=10.8 --sysroot /root/Downloads/gcx-v-2/depends/SDKs/MacOSX10.11.sdk -mlinker-version=253.9 -stdlib=libc++ -std=c++11 -o conftest -pipe -O2   -Wstack-protector -fstack-protector-all -fPIC -I/root/Downloads/gcx-v-2/depends/x86_64-apple-darwin11/share/../include/  -DBOOST_SPIRIT_THREADSAFE -DHAVE_BUILD_INFO -D__STDC_FORMAT_MACROS -DMAC_OSX  -U_FORTIFY_SOURCE -D_FORTIFY_SOURCE=2 -DHAVE_QT5 -I/root/Downloads/gcx-v-2/depends/x86_64-apple-darwin11/share/../include -L/root/Downloads/gcx-v-2/depends/x86_64-apple-darwin11/share/../lib  -Wl,-headerpad_max_install_names  -Wl,-dead_strip -L/root/Downloads/gcx-v-2/depends/x86_64-apple-darwin11/share/../lib conftest.cpp -lboost_system-mt   >&5
configure:26388: $? = 0
configure:26398: result: yes
configure:26553: checking whether the Boost::Filesystem library is available
configure:26577: /root/Downloads/gcx-v-2/depends/x86_64-apple-darwin11/native/bin/clang++ -target x86_64-apple-darwin11 -mmacosx-version-min=10.8 --sysroot /root/Downloads/gcx-v-2/depends/SDKs/MacOSX10.11.sdk -mlinker-version=253.9 -stdlib=libc++ -std=c++11 -c -pipe -O2   -Wstack-protector -fstack-protector-all -fPIC -I/root/Downloads/gcx-v-2/depends/x86_64-apple-darwin11/share/../include/  -DBOOST_SPIRIT_THREADSAFE -DHAVE_BUILD_INFO -D__STDC_FORMAT_MACROS -DMAC_OSX  -U_FORTIFY_SOURCE -D_FORTIFY_SOURCE=2 -DHAVE_QT5 -I/root/Downloads/gcx-v-2/depends/x86_64-apple-darwin11/share/../include conftest.cpp >&5
configure:26577: $? = 0
configure:26591: result: yes
configure:26603: checking for exit in -lboost_filesystem-mt
configure:26628: /root/Downloads/gcx-v-2/depends/x86_64-apple-darwin11/native/bin/clang++ -target x86_64-apple-darwin11 -mmacosx-version-min=10.8 --sysroot /root/Downloads/gcx-v-2/depends/SDKs/MacOSX10.11.sdk -mlinker-version=253.9 -stdlib=libc++ -std=c++11 -o conftest -pipe -O2   -Wstack-protector -fstack-protector-all -fPIC -I/root/Downloads/gcx-v-2/depends/x86_64-apple-darwin11/share/../include/  -DBOOST_SPIRIT_THREADSAFE -DHAVE_BUILD_INFO -D__STDC_FORMAT_MACROS -DMAC_OSX  -U_FORTIFY_SOURCE -D_FORTIFY_SOURCE=2 -DHAVE_QT5 -I/root/Downloads/gcx-v-2/depends/x86_64-apple-darwin11/share/../include -L/root/Downloads/gcx-v-2/depends/x86_64-apple-darwin11/share/../lib  -Wl,-headerpad_max_install_names  -Wl,-dead_strip -L/root/Downloads/gcx-v-2/depends/x86_64-apple-darwin11/share/../lib conftest.cpp -lboost_filesystem-mt   -lboost_system-mt >&5
configure:26628: $? = 0
configure:26638: result: yes
configure:26788: checking whether the Boost::Program_Options library is available
configure:26812: /root/Downloads/gcx-v-2/depends/x86_64-apple-darwin11/native/bin/clang++ -target x86_64-apple-darwin11 -mmacosx-version-min=10.8 --sysroot /root/Downloads/gcx-v-2/depends/SDKs/MacOSX10.11.sdk -mlinker-version=253.9 -stdlib=libc++ -std=c++11 -c -pipe -O2   -Wstack-protector -fstack-protector-all -fPIC -I/root/Downloads/gcx-v-2/depends/x86_64-apple-darwin11/share/../include/  -DBOOST_SPIRIT_THREADSAFE -DHAVE_BUILD_INFO -D__STDC_FORMAT_MACROS -DMAC_OSX  -U_FORTIFY_SOURCE -D_FORTIFY_SOURCE=2 -DHAVE_QT5 -I/root/Downloads/gcx-v-2/depends/x86_64-apple-darwin11/share/../include conftest.cpp >&5
configure:26812: $? = 0
configure:26826: result: yes
configure:26838: checking for exit in -lboost_program_options-mt
configure:26863: /root/Downloads/gcx-v-2/depends/x86_64-apple-darwin11/native/bin/clang++ -target x86_64-apple-darwin11 -mmacosx-version-min=10.8 --sysroot /root/Downloads/gcx-v-2/depends/SDKs/MacOSX10.11.sdk -mlinker-version=253.9 -stdlib=libc++ -std=c++11 -o conftest -pipe -O2   -Wstack-protector -fstack-protector-all -fPIC -I/root/Downloads/gcx-v-2/depends/x86_64-apple-darwin11/share/../include/  -DBOOST_SPIRIT_THREADSAFE -DHAVE_BUILD_INFO -D__STDC_FORMAT_MACROS -DMAC_OSX  -U_FORTIFY_SOURCE -D_FORTIFY_SOURCE=2 -DHAVE_QT5 -I/root/Downloads/gcx-v-2/depends/x86_64-apple-darwin11/share/../include -L/root/Downloads/gcx-v-2/depends/x86_64-apple-darwin11/share/../lib  -Wl,-headerpad_max_install_names  -Wl,-dead_strip -L/root/Downloads/gcx-v-2/depends/x86_64-apple-darwin11/share/../lib conftest.cpp -lboost_program_options-mt   >&5
configure:26863: $? = 0
configure:26873: result: yes
configure:27016: checking whether the Boost::Thread library is available
configure:27048: /root/Downloads/gcx-v-2/depends/x86_64-apple-darwin11/native/bin/clang++ -target x86_64-apple-darwin11 -mmacosx-version-min=10.8 --sysroot /root/Downloads/gcx-v-2/depends/SDKs/MacOSX10.11.sdk -mlinker-version=253.9 -stdlib=libc++ -std=c++11 -c -pthread -pipe -O2   -Wstack-protector -fstack-protector-all -fPIC -I/root/Downloads/gcx-v-2/depends/x86_64-apple-darwin11/share/../include/  -DBOOST_SPIRIT_THREADSAFE -DHAVE_BUILD_INFO -D__STDC_FORMAT_MACROS -DMAC_OSX  -U_FORTIFY_SOURCE -D_FORTIFY_SOURCE=2 -DHAVE_QT5 -I/root/Downloads/gcx-v-2/depends/x86_64-apple-darwin11/share/../include conftest.cpp >&5
configure:27048: $? = 0
configure:27063: result: yes
configure:27093: checking for exit in -lboost_thread-mt
configure:27118: /root/Downloads/gcx-v-2/depends/x86_64-apple-darwin11/native/bin/clang++ -target x86_64-apple-darwin11 -mmacosx-version-min=10.8 --sysroot /root/Downloads/gcx-v-2/depends/SDKs/MacOSX10.11.sdk -mlinker-version=253.9 -stdlib=libc++ -std=c++11 -o conftest -pipe -O2   -Wstack-protector -fstack-protector-all -fPIC -I/root/Downloads/gcx-v-2/depends/x86_64-apple-darwin11/share/../include/  -DBOOST_SPIRIT_THREADSAFE -DHAVE_BUILD_INFO -D__STDC_FORMAT_MACROS -DMAC_OSX  -U_FORTIFY_SOURCE -D_FORTIFY_SOURCE=2 -DHAVE_QT5 -I/root/Downloads/gcx-v-2/depends/x86_64-apple-darwin11/share/../include -L/root/Downloads/gcx-v-2/depends/x86_64-apple-darwin11/share/../lib  -Wl,-headerpad_max_install_names  -Wl,-dead_strip -L/root/Downloads/gcx-v-2/depends/x86_64-apple-darwin11/share/../lib conftest.cpp -lboost_thread-mt   >&5
configure:27118: $? = 0
configure:27128: result: yes
configure:27288: checking whether the Boost::Chrono library is available
configure:27312: /root/Downloads/gcx-v-2/depends/x86_64-apple-darwin11/native/bin/clang++ -target x86_64-apple-darwin11 -mmacosx-version-min=10.8 --sysroot /root/Downloads/gcx-v-2/depends/SDKs/MacOSX10.11.sdk -mlinker-version=253.9 -stdlib=libc++ -std=c++11 -c -pipe -O2   -Wstack-protector -fstack-protector-all -fPIC -I/root/Downloads/gcx-v-2/depends/x86_64-apple-darwin11/share/../include/  -DBOOST_SPIRIT_THREADSAFE -DHAVE_BUILD_INFO -D__STDC_FORMAT_MACROS -DMAC_OSX  -U_FORTIFY_SOURCE -D_FORTIFY_SOURCE=2 -DHAVE_QT5 -pthread -I/root/Downloads/gcx-v-2/depends/x86_64-apple-darwin11/share/../include conftest.cpp >&5
configure:27312: $? = 0
configure:27327: result: yes
configure:27343: checking for exit in -lboost_chrono-mt
configure:27368: /root/Downloads/gcx-v-2/depends/x86_64-apple-darwin11/native/bin/clang++ -target x86_64-apple-darwin11 -mmacosx-version-min=10.8 --sysroot /root/Downloads/gcx-v-2/depends/SDKs/MacOSX10.11.sdk -mlinker-version=253.9 -stdlib=libc++ -std=c++11 -o conftest -pipe -O2   -Wstack-protector -fstack-protector-all -fPIC -I/root/Downloads/gcx-v-2/depends/x86_64-apple-darwin11/share/../include/  -DBOOST_SPIRIT_THREADSAFE -DHAVE_BUILD_INFO -D__STDC_FORMAT_MACROS -DMAC_OSX  -U_FORTIFY_SOURCE -D_FORTIFY_SOURCE=2 -DHAVE_QT5 -pthread -I/root/Downloads/gcx-v-2/depends/x86_64-apple-darwin11/share/../include -L/root/Downloads/gcx-v-2/depends/x86_64-apple-darwin11/share/../lib  -Wl,-headerpad_max_install_names  -Wl,-dead_strip -L/root/Downloads/gcx-v-2/depends/x86_64-apple-darwin11/share/../lib conftest.cpp -lboost_chrono-mt   >&5
configure:27368: $? = 0
configure:27378: result: yes
configure:27501: checking for working boost reduced exports
configure:27524: /root/Downloads/gcx-v-2/depends/x86_64-apple-darwin11/native/bin/clang++ -target x86_64-apple-darwin11 -mmacosx-version-min=10.8 --sysroot /root/Downloads/gcx-v-2/depends/SDKs/MacOSX10.11.sdk -mlinker-version=253.9 -stdlib=libc++ -std=c++11 -E -pthread -I/root/Downloads/gcx-v-2/depends/x86_64-apple-darwin11/share/../include -I/root/Downloads/gcx-v-2/depends/x86_64-apple-darwin11/share/../include/  -DBOOST_SPIRIT_THREADSAFE -DHAVE_BUILD_INFO -D__STDC_FORMAT_MACROS -DMAC_OSX  -U_FORTIFY_SOURCE -D_FORTIFY_SOURCE=2 -DHAVE_QT5 conftest.cpp
configure:27524: $? = 0
configure:27526: result: yes
configure:27554: checking whether the linker accepts -Wl,--exclude-libs,ALL
configure:27573: /root/Downloads/gcx-v-2/depends/x86_64-apple-darwin11/native/bin/clang++ -target x86_64-apple-darwin11 -mmacosx-version-min=10.8 --sysroot /root/Downloads/gcx-v-2/depends/SDKs/MacOSX10.11.sdk -mlinker-version=253.9 -stdlib=libc++ -std=c++11 -o conftest -pipe -O2   -Wstack-protector -fstack-protector-all -fPIC -fvisibility=hidden -I/root/Downloads/gcx-v-2/depends/x86_64-apple-darwin11/share/../include/  -DBOOST_SPIRIT_THREADSAFE -DHAVE_BUILD_INFO -D__STDC_FORMAT_MACROS -DMAC_OSX  -U_FORTIFY_SOURCE -D_FORTIFY_SOURCE=2 -DHAVE_QT5 -L/root/Downloads/gcx-v-2/depends/x86_64-apple-darwin11/share/../lib  -Wl,-headerpad_max_install_names  -Wl,-dead_strip  -Wl,--exclude-libs,ALL conftest.cpp  >&5
ld: unknown option: --exclude-libs
clang: error: linker command failed with exit code 1 (use -v to see invocation)
configure:27573: $? = 1
configure: failed program was:
| /* confdefs.h */
| #define PACKAGE_NAME "GCX Core"
| #define PACKAGE_TARNAME "gcx"
| #define PACKAGE_VERSION "2.0.0"
| #define PACKAGE_STRING "GCX Core 2.0.0"
| #define PACKAGE_BUGREPORT "www.gcx.org"
| #define PACKAGE_URL ""
| #define HAVE_CXX11 1
| #define STDC_HEADERS 1
| #define HAVE_SYS_TYPES_H 1
| #define HAVE_SYS_STAT_H 1
| #define HAVE_STDLIB_H 1
| #define HAVE_STRING_H 1
| #define HAVE_MEMORY_H 1
| #define HAVE_STRINGS_H 1
| #define HAVE_INTTYPES_H 1
| #define HAVE_STDINT_H 1
| #define HAVE_UNISTD_H 1
| #define HAVE_DLFCN_H 1
| #define LT_OBJDIR ".libs/"
| #define HAVE_PTHREAD_PRIO_INHERIT 1
| #define HAVE_PTHREAD 1
| #define HAVE_DECL_STRERROR_R 1
| #define HAVE_STRERROR_R 1
| #define HAVE_FUNC_ATTRIBUTE_VISIBILITY 1
| #define HAVE_STDIO_H 1
| #define HAVE_STDLIB_H 1
| #define HAVE_UNISTD_H 1
| #define HAVE_STRINGS_H 1
| #define HAVE_SYS_TYPES_H 1
| #define HAVE_SYS_STAT_H 1
| #define HAVE_SYS_SELECT_H 1
| #define HAVE_INET_PTON 1
| #define HAVE_DECL_STRNLEN 1
| #define HAVE_DECL_LE32TOH 0
| #define HAVE_DECL_LE64TOH 0
| #define HAVE_DECL_HTOLE32 0
| #define HAVE_DECL_HTOLE64 0
| #define HAVE_DECL_BE32TOH 0
| #define HAVE_DECL_BE64TOH 0
| #define HAVE_DECL_HTOBE32 0
| #define HAVE_DECL_HTOBE64 0
| #define HAVE_VISIBILITY_ATTRIBUTE 1
| #define HAVE_MINIUPNPC_MINIWGET_H 1
| #define HAVE_MINIUPNPC_MINIUPNPC_H 1
| #define HAVE_MINIUPNPC_UPNPCOMMANDS_H 1
| #define HAVE_MINIUPNPC_UPNPERRORS_H 1
| #define QT_STATICPLUGIN 1
| #define QT_QPA_PLATFORM_COCOA 1
| #define HAVE_QT5 1
| #define HAVE_BOOST /**/
| #define HAVE_BOOST_SYSTEM /**/
| #define HAVE_BOOST_FILESYSTEM /**/
| #define HAVE_BOOST_PROGRAM_OPTIONS /**/
| #define HAVE_BOOST_THREAD /**/
| #define HAVE_BOOST_CHRONO /**/
| /* end confdefs.h.  */
| 
| int
| main ()
| {
| 
|   ;
|   return 0;
| }
configure:27582: result: no
configure:27841: /root/Downloads/gcx-v-2/depends/x86_64-apple-darwin11/native/bin/clang++ -target x86_64-apple-darwin11 -mmacosx-version-min=10.8 --sysroot /root/Downloads/gcx-v-2/depends/SDKs/MacOSX10.11.sdk -mlinker-version=253.9 -stdlib=libc++ -std=c++11 -o conftest -pipe -O2   -Wstack-protector -fstack-protector-all -fPIC -fvisibility=hidden -I/root/Downloads/gcx-v-2/depends/x86_64-apple-darwin11/share/../include/  -DBOOST_SPIRIT_THREADSAFE -DHAVE_BUILD_INFO -D__STDC_FORMAT_MACROS -DMAC_OSX  -U_FORTIFY_SOURCE -D_FORTIFY_SOURCE=2 -DHAVE_QT5 -pthread -I/root/Downloads/gcx-v-2/depends/x86_64-apple-darwin11/share/../include -L/root/Downloads/gcx-v-2/depends/x86_64-apple-darwin11/share/../lib  -Wl,-headerpad_max_install_names  -Wl,-dead_strip conftest.cpp -L/root/Downloads/gcx-v-2/depends/x86_64-apple-darwin11/share/../lib -lboost_system-mt -lboost_filesystem-mt -lboost_program_options-mt -lboost_thread-mt -lboost_chrono-mt  >&5
configure:27841: $? = 0
configure:27904: checking for SSL
configure:27911: $PKG_CONFIG --exists --print-errors "libssl"
configure:27914: $? = 0
configure:27928: $PKG_CONFIG --exists --print-errors "libssl"
configure:27931: $? = 0
configure:27969: result: yes
configure:27975: checking for CRYPTO
configure:27982: $PKG_CONFIG --exists --print-errors "libcrypto"
configure:27985: $? = 0
configure:27999: $PKG_CONFIG --exists --print-errors "libcrypto"
configure:28002: $? = 0
configure:28040: result: yes
configure:28049: checking for PROTOBUF
configure:28056: $PKG_CONFIG --exists --print-errors "protobuf"
configure:28059: $? = 0
configure:28073: $PKG_CONFIG --exists --print-errors "protobuf"
configure:28076: $? = 0
configure:28136: result: yes
configure:28151: checking for QR
configure:28158: $PKG_CONFIG --exists --print-errors "libqrencode"
configure:28161: $? = 0
configure:28175: $PKG_CONFIG --exists --print-errors "libqrencode"
configure:28178: $? = 0
configure:28216: result: yes
configure:28229: checking for EVENT
configure:28236: $PKG_CONFIG --exists --print-errors "libevent"
configure:28239: $? = 0
configure:28253: $PKG_CONFIG --exists --print-errors "libevent"
configure:28256: $? = 0
configure:28294: result: yes
configure:28301: checking for EVENT_PTHREADS
configure:28308: $PKG_CONFIG --exists --print-errors "libevent_pthreads"
configure:28311: $? = 0
configure:28325: $PKG_CONFIG --exists --print-errors "libevent_pthreads"
configure:28328: $? = 0
configure:28366: result: yes
configure:28842: checking for RAND_egd in -lcrypto
configure:28867: /root/Downloads/gcx-v-2/depends/x86_64-apple-darwin11/native/bin/clang++ -target x86_64-apple-darwin11 -mmacosx-version-min=10.8 --sysroot /root/Downloads/gcx-v-2/depends/SDKs/MacOSX10.11.sdk -mlinker-version=253.9 -stdlib=libc++ -std=c++11 -o conftest -pipe -O2   -Wstack-protector -fstack-protector-all -fPIC -fvisibility=hidden -I/root/Downloads/gcx-v-2/depends/x86_64-apple-darwin11/share/../include/  -DBOOST_SPIRIT_THREADSAFE -DHAVE_BUILD_INFO -D__STDC_FORMAT_MACROS -DMAC_OSX  -U_FORTIFY_SOURCE -D_FORTIFY_SOURCE=2 -DHAVE_QT5 -L/root/Downloads/gcx-v-2/depends/x86_64-apple-darwin11/share/../lib  -Wl,-headerpad_max_install_names  -Wl,-dead_strip conftest.cpp -lcrypto   >&5
configure:28867: $? = 0
configure:28876: result: yes
configure:28905: checking openssl/ec.h usability
configure:28905: /root/Downloads/gcx-v-2/depends/x86_64-apple-darwin11/native/bin/clang++ -target x86_64-apple-darwin11 -mmacosx-version-min=10.8 --sysroot /root/Downloads/gcx-v-2/depends/SDKs/MacOSX10.11.sdk -mlinker-version=253.9 -stdlib=libc++ -std=c++11 -c -pipe -O2   -Wstack-protector -fstack-protector-all -fPIC -fvisibility=hidden -I/root/Downloads/gcx-v-2/depends/x86_64-apple-darwin11/share/../include/  -DBOOST_SPIRIT_THREADSAFE -DHAVE_BUILD_INFO -D__STDC_FORMAT_MACROS -DMAC_OSX  -U_FORTIFY_SOURCE -D_FORTIFY_SOURCE=2 -DHAVE_QT5 conftest.cpp >&5
configure:28905: $? = 0
configure:28905: result: yes
configure:28905: checking openssl/ec.h presence
configure:28905: /root/Downloads/gcx-v-2/depends/x86_64-apple-darwin11/native/bin/clang++ -target x86_64-apple-darwin11 -mmacosx-version-min=10.8 --sysroot /root/Downloads/gcx-v-2/depends/SDKs/MacOSX10.11.sdk -mlinker-version=253.9 -stdlib=libc++ -std=c++11 -E -I/root/Downloads/gcx-v-2/depends/x86_64-apple-darwin11/share/../include/  -DBOOST_SPIRIT_THREADSAFE -DHAVE_BUILD_INFO -D__STDC_FORMAT_MACROS -DMAC_OSX  -U_FORTIFY_SOURCE -D_FORTIFY_SOURCE=2 -DHAVE_QT5 conftest.cpp
configure:28905: $? = 0
configure:28905: result: yes
configure:28905: checking for openssl/ec.h
configure:28905: result: yes
configure:28926: checking for protoc
configure:28944: found /root/Downloads/gcx-v-2/depends/x86_64-apple-darwin11/share/../native/bin/protoc
configure:28956: result: /root/Downloads/gcx-v-2/depends/x86_64-apple-darwin11/share/../native/bin/protoc
configure:29036: checking whether to build gcxd
configure:29046: result: yes
configure:29049: checking whether to build utils (gcx-cli gcx-tx)
configure:29059: result: yes
configure:29062: checking whether to build libraries
configure:29077: result: no
configure:29088: checking if ccache should be used
configure:29101: result: yes
configure:29105: checking whether C preprocessor accepts -Qunused-arguments
configure:29124: /root/Downloads/gcx-v-2/depends/x86_64-apple-darwin11/native/bin/clang -target x86_64-apple-darwin11 -mmacosx-version-min=10.8 --sysroot /root/Downloads/gcx-v-2/depends/SDKs/MacOSX10.11.sdk -mlinker-version=253.9 -E -I/root/Downloads/gcx-v-2/depends/x86_64-apple-darwin11/share/../include/  -DBOOST_SPIRIT_THREADSAFE -DHAVE_BUILD_INFO -D__STDC_FORMAT_MACROS -DMAC_OSX  -U_FORTIFY_SOURCE -D_FORTIFY_SOURCE=2 -DHAVE_QT5  -Qunused-arguments conftest.c
configure:29124: $? = 0
configure:29132: result: yes
configure:29142: checking if wallet should be enabled
configure:29145: result: yes
configure:29158: checking whether to build with support for UPnP
configure:29168: result: yes
configure:29170: checking whether to build with UPnP enabled by default
configure:29178: result: no
configure:29196: checking whether to build GUI with support for D-Bus
configure:29203: result: yes
configure:29206: checking whether to build GUI with support for QR codes
configure:29216: result: yes
configure:29229: WARNING: "xgettext is required to update qt translations"
configure:29233: checking whether to build test_gcx-qt
configure:29240: result: no
configure:29254: checking whether to build test_gcx
configure:29261: result: no
configure:29265: checking whether to reduce exports
configure:29268: result: yes
configure:29590: checking that generated files are newer than configure
configure:29596: result: done
configure:29708: creating ./config.status

## ---------------------- ##
## Running config.status. ##
## ---------------------- ##

This file was extended by GCX Core config.status 2.0.0, which was
generated by GNU Autoconf 2.69.  Invocation command line was

  CONFIG_FILES    = 
  CONFIG_HEADERS  = 
  CONFIG_LINKS    = 
  CONFIG_COMMANDS = 
  $ ./config.status 

on gcxex.com

config.status:1414: creating Makefile
config.status:1414: creating src/Makefile
config.status:1414: creating share/setup.nsi
config.status:1414: creating share/qt/Info.plist
config.status:1414: creating src/test/buildenv.py
config.status:1414: creating qa/pull-tester/run-bitcoind-for-test.sh
config.status:1414: creating qa/pull-tester/tests-config.sh
config.status:1414: creating contrib/devtools/split-debug.sh
config.status:1414: creating src/config/gcx-config.h
config.status:1643: executing depfiles commands
config.status:1643: executing libtool commands
configure:32192: === configuring in src/secp256k1 (/root/Downloads/gcx-v-2/src/secp256k1)
configure:32255: running /bin/bash ./configure --disable-option-checking '--prefix=/'  '--disable-zmq' '--disable-tests' '--with-gui' '--disable-shared' '--with-pic' --cache-file=/dev/null --srcdir=.

## ---------------- ##
## Cache variables. ##
## ---------------- ##

ac_cv_build=x86_64-pc-linux-gnu
ac_cv_c_bigendian=no
ac_cv_c_compiler_gnu=yes
ac_cv_cxx_compiler_gnu=yes
ac_cv_env_CCC_set=
ac_cv_env_CCC_value=
ac_cv_env_CC_set=
ac_cv_env_CC_value=
ac_cv_env_CFLAGS_set=
ac_cv_env_CFLAGS_value=
ac_cv_env_CPPFLAGS_set=
ac_cv_env_CPPFLAGS_value=
ac_cv_env_CPP_set=
ac_cv_env_CPP_value=
ac_cv_env_CRYPTO_CFLAGS_set=
ac_cv_env_CRYPTO_CFLAGS_value=
ac_cv_env_CRYPTO_LIBS_set=
ac_cv_env_CRYPTO_LIBS_value=
ac_cv_env_CXXCPP_set=
ac_cv_env_CXXCPP_value=
ac_cv_env_CXXFLAGS_set=
ac_cv_env_CXXFLAGS_value=
ac_cv_env_CXX_set=
ac_cv_env_CXX_value=
ac_cv_env_EVENT_CFLAGS_set=
ac_cv_env_EVENT_CFLAGS_value=
ac_cv_env_EVENT_LIBS_set=
ac_cv_env_EVENT_LIBS_value=
ac_cv_env_EVENT_PTHREADS_CFLAGS_set=
ac_cv_env_EVENT_PTHREADS_CFLAGS_value=
ac_cv_env_EVENT_PTHREADS_LIBS_set=
ac_cv_env_EVENT_PTHREADS_LIBS_value=
ac_cv_env_LDFLAGS_set=
ac_cv_env_LDFLAGS_value=
ac_cv_env_LIBS_set=
ac_cv_env_LIBS_value=
ac_cv_env_LT_SYS_LIBRARY_PATH_set=
ac_cv_env_LT_SYS_LIBRARY_PATH_value=
ac_cv_env_OBJCXXFLAGS_set=
ac_cv_env_OBJCXXFLAGS_value=
ac_cv_env_OBJCXX_set=
ac_cv_env_OBJCXX_value=
ac_cv_env_PKG_CONFIG_LIBDIR_set=
ac_cv_env_PKG_CONFIG_LIBDIR_value=
ac_cv_env_PKG_CONFIG_PATH_set=
ac_cv_env_PKG_CONFIG_PATH_value=
ac_cv_env_PKG_CONFIG_set=
ac_cv_env_PKG_CONFIG_value=
ac_cv_env_PROTOBUF_CFLAGS_set=
ac_cv_env_PROTOBUF_CFLAGS_value=
ac_cv_env_PROTOBUF_LIBS_set=
ac_cv_env_PROTOBUF_LIBS_value=
ac_cv_env_PYTHONPATH_set=
ac_cv_env_PYTHONPATH_value=
ac_cv_env_QR_CFLAGS_set=
ac_cv_env_QR_CFLAGS_value=
ac_cv_env_QR_LIBS_set=
ac_cv_env_QR_LIBS_value=
ac_cv_env_QTPLATFORM_CFLAGS_set=
ac_cv_env_QTPLATFORM_CFLAGS_value=
ac_cv_env_QTPLATFORM_LIBS_set=
ac_cv_env_QTPLATFORM_LIBS_value=
ac_cv_env_QTPRINT_CFLAGS_set=
ac_cv_env_QTPRINT_CFLAGS_value=
ac_cv_env_QTPRINT_LIBS_set=
ac_cv_env_QTPRINT_LIBS_value=
ac_cv_env_QTXCBQPA_CFLAGS_set=
ac_cv_env_QTXCBQPA_CFLAGS_value=
ac_cv_env_QTXCBQPA_LIBS_set=
ac_cv_env_QTXCBQPA_LIBS_value=
ac_cv_env_QT_CFLAGS_set=
ac_cv_env_QT_CFLAGS_value=
ac_cv_env_QT_DBUS_CFLAGS_set=
ac_cv_env_QT_DBUS_CFLAGS_value=
ac_cv_env_QT_DBUS_LIBS_set=
ac_cv_env_QT_DBUS_LIBS_value=
ac_cv_env_QT_LIBS_set=
ac_cv_env_QT_LIBS_value=
ac_cv_env_QT_TEST_CFLAGS_set=
ac_cv_env_QT_TEST_CFLAGS_value=
ac_cv_env_QT_TEST_LIBS_set=
ac_cv_env_QT_TEST_LIBS_value=
ac_cv_env_SSL_CFLAGS_set=
ac_cv_env_SSL_CFLAGS_value=
ac_cv_env_SSL_LIBS_set=
ac_cv_env_SSL_LIBS_value=
ac_cv_env_X11XCB_CFLAGS_set=
ac_cv_env_X11XCB_CFLAGS_value=
ac_cv_env_X11XCB_LIBS_set=
ac_cv_env_X11XCB_LIBS_value=
ac_cv_env_ZMQ_CFLAGS_set=
ac_cv_env_ZMQ_CFLAGS_value=
ac_cv_env_ZMQ_LIBS_set=
ac_cv_env_ZMQ_LIBS_value=
ac_cv_env_build_alias_set=
ac_cv_env_build_alias_value=
ac_cv_env_host_alias_set=
ac_cv_env_host_alias_value=
ac_cv_env_target_alias_set=
ac_cv_env_target_alias_value=
ac_cv_func_strerror_r=yes
ac_cv_func_strerror_r_char_p=no
ac_cv_have_decl_be32toh=no
ac_cv_have_decl_be64toh=no
ac_cv_have_decl_htobe32=no
ac_cv_have_decl_htobe64=no
ac_cv_have_decl_htole32=no
ac_cv_have_decl_htole64=no
ac_cv_have_decl_le32toh=no
ac_cv_have_decl_le64toh=no
ac_cv_have_decl_strerror_r=yes
ac_cv_have_decl_strnlen=yes
ac_cv_header_dlfcn_h=yes
ac_cv_header_endian_h=no
ac_cv_header_inttypes_h=yes
ac_cv_header_memory_h=yes
ac_cv_header_miniupnpc_miniupnpc_h=yes
ac_cv_header_miniupnpc_miniwget_h=yes
ac_cv_header_miniupnpc_upnpcommands_h=yes
ac_cv_header_miniupnpc_upnperrors_h=yes
ac_cv_header_openssl_ec_h=yes
ac_cv_header_stdc=yes
ac_cv_header_stdint_h=yes
ac_cv_header_stdio_h=yes
ac_cv_header_stdlib_h=yes
ac_cv_header_string_h=yes
ac_cv_header_strings_h=yes
ac_cv_header_sys_prctl_h=no
ac_cv_header_sys_select_h=yes
ac_cv_header_sys_stat_h=yes
ac_cv_header_sys_types_h=yes
ac_cv_header_unistd_h=yes
ac_cv_host=x86_64-apple-darwin11
ac_cv_lib_boost_chrono_mt___exit=yes
ac_cv_lib_boost_filesystem_mt___exit=yes
ac_cv_lib_boost_program_options_mt___exit=yes
ac_cv_lib_boost_system_mt___exit=yes
ac_cv_lib_boost_thread_mt___exit=yes
ac_cv_lib_crypto_RAND_egd=yes
ac_cv_lib_db_cxx_4_8___main=yes
ac_cv_lib_miniupnpc_main=yes
ac_cv_objcxx_compiler_gnu=yes
ac_cv_objext=o
ac_cv_path_AR=/root/Downloads/gcx-v-2/depends/x86_64-apple-darwin11/native/bin/x86_64-apple-darwin11-ar
ac_cv_path_CCACHE=/root/Downloads/gcx-v-2/depends/x86_64-apple-darwin11/share/../native/bin/ccache
ac_cv_path_EGREP='/bin/grep -E'
ac_cv_path_FGREP='/bin/grep -F'
ac_cv_path_GENISOIMAGE=/root/Downloads/gcx-v-2/depends/x86_64-apple-darwin11/share/../native/bin/genisoimage
ac_cv_path_GIT=/usr/bin/git
ac_cv_path_GREP=/bin/grep
ac_cv_path_HEXDUMP=/usr/bin/hexdump
ac_cv_path_IMAGEMAGICK_CONVERT=/usr/bin/convert
ac_cv_path_INSTALLNAMETOOL=/root/Downloads/gcx-v-2/depends/x86_64-apple-darwin11/share/../native/bin/x86_64-apple-darwin11-install_name_tool
ac_cv_path_LRELEASE=/root/Downloads/gcx-v-2/depends/x86_64-apple-darwin11/share/../native/bin/lrelease
ac_cv_path_MOC=/root/Downloads/gcx-v-2/depends/x86_64-apple-darwin11/share/../native/bin/moc
ac_cv_path_OTOOL=/root/Downloads/gcx-v-2/depends/x86_64-apple-darwin11/share/../native/bin/x86_64-apple-darwin11-otool
ac_cv_path_PKG_CONFIG='/usr/bin/pkg-config --static'
ac_cv_path_PROTOC=/root/Downloads/gcx-v-2/depends/x86_64-apple-darwin11/share/../native/bin/protoc
ac_cv_path_PYTHON=/usr/bin/python3
ac_cv_path_RANLIB=/root/Downloads/gcx-v-2/depends/x86_64-apple-darwin11/native/bin/x86_64-apple-darwin11-ranlib
ac_cv_path_RCC=/root/Downloads/gcx-v-2/depends/x86_64-apple-darwin11/share/../native/bin/rcc
ac_cv_path_RSVG_CONVERT=/usr/bin/rsvg-convert
ac_cv_path_SED=/bin/sed
ac_cv_path_STRIP=/root/Downloads/gcx-v-2/depends/x86_64-apple-darwin11/share/../native/bin/x86_64-apple-darwin11-strip
ac_cv_path_TIFFCP=/usr/bin/tiffcp
ac_cv_path_UIC=/root/Downloads/gcx-v-2/depends/x86_64-apple-darwin11/share/../native/bin/uic
ac_cv_path_ac_pt_AR=/root/Downloads/gcx-v-2/depends/x86_64-apple-darwin11/native/bin/x86_64-apple-darwin11-ar
ac_cv_path_ac_pt_CPPFILT=/usr/bin/c++filt
ac_cv_path_ac_pt_NM=/root/Downloads/gcx-v-2/depends/x86_64-apple-darwin11/native/bin/x86_64-apple-darwin11-nm
ac_cv_path_ac_pt_OBJCOPY=/usr/bin/objcopy
ac_cv_path_ac_pt_RANLIB=/root/Downloads/gcx-v-2/depends/x86_64-apple-darwin11/native/bin/x86_64-apple-darwin11-ranlib
ac_cv_path_ac_pt_READELF=/usr/bin/readelf
ac_cv_path_install='/usr/bin/install -c'
ac_cv_path_lt_DD=/bin/dd
ac_cv_path_mkdir=/bin/mkdir
ac_cv_prog_AR=/root/Downloads/gcx-v-2/depends/x86_64-apple-darwin11/native/bin/x86_64-apple-darwin11-ar
ac_cv_prog_AWK=gawk
ac_cv_prog_CC='/root/Downloads/gcx-v-2/depends/x86_64-apple-darwin11/native/bin/clang -target x86_64-apple-darwin11 -mmacosx-version-min=10.8 --sysroot /root/Downloads/gcx-v-2/depends/SDKs/MacOSX10.11.sdk -mlinker-version=253.9'
ac_cv_prog_CPP='/root/Downloads/gcx-v-2/depends/x86_64-apple-darwin11/native/bin/clang -target x86_64-apple-darwin11 -mmacosx-version-min=10.8 --sysroot /root/Downloads/gcx-v-2/depends/SDKs/MacOSX10.11.sdk -mlinker-version=253.9 -E'
ac_cv_prog_CXXCPP='/root/Downloads/gcx-v-2/depends/x86_64-apple-darwin11/native/bin/clang++ -target x86_64-apple-darwin11 -mmacosx-version-min=10.8 --sysroot /root/Downloads/gcx-v-2/depends/SDKs/MacOSX10.11.sdk -mlinker-version=253.9 -stdlib=libc++ -std=c++11 -E'
ac_cv_prog_DSYMUTIL=x86_64-apple-darwin11-dsymutil
ac_cv_prog_LIPO=x86_64-apple-darwin11-lipo
ac_cv_prog_NMEDIT=x86_64-apple-darwin11-nmedit
ac_cv_prog_OBJCXX='/root/Downloads/gcx-v-2/depends/x86_64-apple-darwin11/native/bin/clang++ -target x86_64-apple-darwin11 -mmacosx-version-min=10.8 --sysroot /root/Downloads/gcx-v-2/depends/SDKs/MacOSX10.11.sdk -mlinker-version=253.9 -stdlib=libc++ -std=c++11'
ac_cv_prog_OTOOL=x86_64-apple-darwin11-otool
ac_cv_prog_RANLIB=/root/Downloads/gcx-v-2/depends/x86_64-apple-darwin11/native/bin/x86_64-apple-darwin11-ranlib
ac_cv_prog_STRIP=x86_64-apple-darwin11-strip
ac_cv_prog_ac_ct_MANIFEST_TOOL=mt
ac_cv_prog_ac_ct_OBJDUMP=objdump
ac_cv_prog_cc_c89=
ac_cv_prog_cc_g=yes
ac_cv_prog_cxx_g=yes
ac_cv_prog_make_make_set=yes
ac_cv_prog_objcxx_g=yes
ac_cv_search_clock_gettime=no
ac_cv_search_getaddrinfo_a=no
ac_cv_search_inet_pton='none required'
ac_cv_sys_file_offset_bits=no
ac_cv_sys_largefile_CC=no
am_cv_CC_dependencies_compiler_type=gcc3
am_cv_CXX_dependencies_compiler_type=gcc3
am_cv_OBJCXX_dependencies_compiler_type=gcc3
am_cv_make_support_nested_variables=yes
am_cv_prog_cc_c_o=yes
ax_cv_PTHREAD_PRIO_INHERIT=yes
ax_cv_boost_chrono=yes
ax_cv_boost_filesystem=yes
ax_cv_boost_program_options=yes
ax_cv_boost_system=yes
ax_cv_boost_thread=yes
ax_cv_check_ccppflags___Qunused_arguments=yes
ax_cv_check_cxxcppflags___D_FORTIFY_SOURCE_2=yes
ax_cv_check_cxxcppflags___U_FORTIFY_SOURCE=yes
ax_cv_check_cxxflags___Wstack_protector=yes
ax_cv_check_cxxflags___fPIC=yes
ax_cv_check_cxxflags___fstack_protector_all=yes
ax_cv_check_cxxflags___fvisibility_hidden=yes
ax_cv_check_ldflags___Wl___dynamicbase=no
ax_cv_check_ldflags___Wl___exclude_libs_ALL=no
ax_cv_check_ldflags___Wl___large_address_aware=no
ax_cv_check_ldflags___Wl___nxcompat=no
ax_cv_check_ldflags___Wl__dead_strip=yes
ax_cv_check_ldflags___Wl__headerpad_max_install_names=yes
ax_cv_check_ldflags___Wl__z_now=no
ax_cv_check_ldflags___Wl__z_relro=no
ax_cv_check_ldflags___framework_Foundation__framework_ApplicationServices__framework_AppKit=yes
ax_cv_check_ldflags___framework_IOKit=yes
ax_cv_check_ldflags___pic=no
ax_cv_cxx_compile_cxx11=no
ax_cv_cxx_compile_cxx11__std_cpp11=yes
ax_cv_have_func_attribute_dllexport=no
ax_cv_have_func_attribute_dllimport=no
ax_cv_have_func_attribute_visibility=yes
bitcoin_cv_need_acc_widget=no
bitcoin_cv_static_qt=yes
lt_cv_apple_cc_single_mod=yes
lt_cv_ar_at_file=no
lt_cv_deplibs_check_method=pass_all
lt_cv_file_magic_cmd='$MAGIC_CMD'
lt_cv_file_magic_test_file=
lt_cv_ld_exported_symbols_list=yes
lt_cv_ld_force_load=yes
lt_cv_ld_reload_flag=-r
lt_cv_nm_interface='BSD nm'
lt_cv_objdir=.libs
lt_cv_path_LD=/root/Downloads/gcx-v-2/depends/x86_64-apple-darwin11/native/bin/x86_64-apple-darwin11-ld
lt_cv_path_LDCXX=/root/Downloads/gcx-v-2/depends/x86_64-apple-darwin11/native/bin/x86_64-apple-darwin11-ld
lt_cv_path_NM=/root/Downloads/gcx-v-2/depends/x86_64-apple-darwin11/native/bin/x86_64-apple-darwin11-nm
lt_cv_path_mainfest_tool=no
lt_cv_prog_compiler_c_o=yes
lt_cv_prog_compiler_c_o_CXX=yes
lt_cv_prog_compiler_pic='-fno-common -DPIC'
lt_cv_prog_compiler_pic_CXX='-fno-common -DPIC'
lt_cv_prog_compiler_pic_works=yes
lt_cv_prog_compiler_pic_works_CXX=yes
lt_cv_prog_compiler_rtti_exceptions=yes
lt_cv_prog_compiler_static_works=no
lt_cv_prog_compiler_static_works_CXX=no
lt_cv_prog_gnu_ld=no
lt_cv_prog_gnu_ldcxx=no
lt_cv_sharedlib_from_linklib_cmd='printf %s\n'
lt_cv_sys_global_symbol_pipe='sed -n -e '\''s/^.*[	 ]\([BCDEGRST][BCDEGRST]*\)[	 ][	 ]*_\([_A-Za-z][_A-Za-z0-9]*\)$/\1 _\2 \2/p'\'' | sed '\''/ __gnu_lto/d'\'''
lt_cv_sys_global_symbol_to_c_name_address='sed -n -e '\''s/^: \(.*\) .*$/  {"\1", (void *) 0},/p'\'' -e '\''s/^[BCDEGRST][BCDEGRST]* .* \(.*\)$/  {"\1", (void *) \&\1},/p'\'''
lt_cv_sys_global_symbol_to_c_name_address_lib_prefix='sed -n -e '\''s/^: \(.*\) .*$/  {"\1", (void *) 0},/p'\'' -e '\''s/^[BCDEGRST][BCDEGRST]* .* \(lib.*\)$/  {"\1", (void *) \&\1},/p'\'' -e '\''s/^[BCDEGRST][BCDEGRST]* .* \(.*\)$/  {"lib\1", (void *) \&\1},/p'\'''
lt_cv_sys_global_symbol_to_cdecl='sed -n -e '\''s/^T .* \(.*\)$/extern int \1();/p'\'' -e '\''s/^[BCDEGRST][BCDEGRST]* .* \(.*\)$/extern char \1;/p'\'''
lt_cv_sys_global_symbol_to_import=
lt_cv_sys_max_cmd_len=1572864
lt_cv_to_host_file_cmd=func_convert_file_noop
lt_cv_to_tool_file_cmd=func_convert_file_noop
lt_cv_truncate_bin='/bin/dd bs=4096 count=1'
pkg_cv_CRYPTO_CFLAGS=-I/root/Downloads/gcx-v-2/depends/x86_64-apple-darwin11/include
pkg_cv_CRYPTO_LIBS='-L/root/Downloads/gcx-v-2/depends/x86_64-apple-darwin11/lib -lcrypto'
pkg_cv_EVENT_CFLAGS=-I/root/Downloads/gcx-v-2/depends/x86_64-apple-darwin11/include
pkg_cv_EVENT_LIBS='-L/root/Downloads/gcx-v-2/depends/x86_64-apple-darwin11/lib -levent'
pkg_cv_EVENT_PTHREADS_CFLAGS='-D_THREAD_SAFE -I/root/Downloads/gcx-v-2/depends/x86_64-apple-darwin11/include'
pkg_cv_EVENT_PTHREADS_LIBS='-L/root/Downloads/gcx-v-2/depends/x86_64-apple-darwin11/lib -levent_pthreads -levent'
pkg_cv_PROTOBUF_CFLAGS='-D_THREAD_SAFE -I/root/Downloads/gcx-v-2/depends/x86_64-apple-darwin11/include'
pkg_cv_PROTOBUF_LIBS='-L/root/Downloads/gcx-v-2/depends/x86_64-apple-darwin11/lib -lprotobuf -D_THREAD_SAFE -lz'
pkg_cv_QR_CFLAGS=-I/root/Downloads/gcx-v-2/depends/x86_64-apple-darwin11/include
pkg_cv_QR_LIBS='-L/root/Downloads/gcx-v-2/depends/x86_64-apple-darwin11/lib -lqrencode -lpthread'
pkg_cv_QTPLATFORM_CFLAGS='-I/root/Downloads/gcx-v-2/depends/x86_64-apple-darwin11/include/QtPlatformSupport -I/root/Downloads/gcx-v-2/depends/x86_64-apple-darwin11/include/QtGui -I/root/Downloads/gcx-v-2/depends/x86_64-apple-darwin11/include/QtCore'
pkg_cv_QTPLATFORM_LIBS='-L/root/Downloads/gcx-v-2/depends/x86_64-apple-darwin11/lib -lQt5PlatformSupport -lQt5Gui -framework DiskArbitration -framework IOKit -framework Foundation -framework CoreServices -framework AppKit -framework ApplicationServices -framework CoreFoundation -lqtpng -lqtharfbuzzng -framework OpenGL -framework AGL -lQt5Core -lz -lqtpcre -lm -lz -framework AppKit -framework OpenGL -framework ApplicationServices -framework AGL -lQt5Gui -lQt5Core -framework DiskArbitration -framework IOKit -lz -lqtpcre -lm -framework Foundation -framework CoreServices -framework AppKit -framework ApplicationServices -framework CoreFoundation -framework AppKit -framework Foundation -lqtpng -lqtharfbuzzng -framework ApplicationServices -lz -framework OpenGL -framework AGL -lQt5Core -framework DiskArbitration -framework IOKit -lz -lqtpcre -lm -framework Foundation -framework CoreServices -framework AppKit -framework ApplicationServices -framework CoreFoundation'
pkg_cv_QTPRINT_CFLAGS='-I/root/Downloads/gcx-v-2/depends/x86_64-apple-darwin11/include/QtPrintSupport -I/root/Downloads/gcx-v-2/depends/x86_64-apple-darwin11/include/QtWidgets -I/root/Downloads/gcx-v-2/depends/x86_64-apple-darwin11/include/QtGui -I/root/Downloads/gcx-v-2/depends/x86_64-apple-darwin11/include/QtCore'
pkg_cv_QTPRINT_LIBS='-L/root/Downloads/gcx-v-2/depends/x86_64-apple-darwin11/lib -lQt5PrintSupport -lQt5Widgets -framework DiskArbitration -framework IOKit -framework Foundation -framework CoreServices -framework AppKit -framework ApplicationServices -framework CoreFoundation -framework OpenGL -framework AGL -framework Carbon -lQt5Gui -lqtpng -lqtharfbuzzng -lQt5Core -lz -lqtpcre -lm -framework AppKit -framework OpenGL -framework AGL -lQt5Widgets -lQt5Gui -framework DiskArbitration -framework IOKit -framework Foundation -framework CoreServices -framework AppKit -framework ApplicationServices -framework CoreFoundation -lqtpng -lqtharfbuzzng -framework OpenGL -framework AGL -lQt5Core -lz -lqtpcre -lm -framework AppKit -lz -framework Carbon -framework OpenGL -framework AGL -lQt5Gui -lQt5Core -framework DiskArbitration -framework IOKit -lz -lqtpcre -lm -framework Foundation -framework CoreServices -framework AppKit -framework ApplicationServices -framework CoreFoundation -framework AppKit -framework Foundation -lqtpng -lqtharfbuzzng -framework ApplicationServices -lz -framework OpenGL -framework AGL -lQt5Core -framework DiskArbitration -framework IOKit -lz -lqtpcre -lm -framework Foundation -framework CoreServices -framework AppKit -framework ApplicationServices -framework CoreFoundation'
pkg_cv_QT_CFLAGS='-I/root/Downloads/gcx-v-2/depends/x86_64-apple-darwin11/include/QtNetwork -I/root/Downloads/gcx-v-2/depends/x86_64-apple-darwin11/include/QtWidgets -I/root/Downloads/gcx-v-2/depends/x86_64-apple-darwin11/include/QtGui -I/root/Downloads/gcx-v-2/depends/x86_64-apple-darwin11/include/QtCore'
pkg_cv_QT_DBUS_CFLAGS='-I/root/Downloads/gcx-v-2/depends/x86_64-apple-darwin11/include/QtDBus -I/root/Downloads/gcx-v-2/depends/x86_64-apple-darwin11/include/QtCore'
pkg_cv_QT_DBUS_LIBS='-L/root/Downloads/gcx-v-2/depends/x86_64-apple-darwin11/lib -lQt5DBus -lQt5Core -framework DiskArbitration -framework IOKit -lz -lqtpcre -lm -framework Foundation -framework CoreServices -framework AppKit -framework ApplicationServices -framework CoreFoundation -lQt5Core -framework DiskArbitration -framework IOKit -lz -lqtpcre -lm -framework Foundation -framework CoreServices -framework AppKit -framework ApplicationServices -framework CoreFoundation'
pkg_cv_QT_LIBS='-L/root/Downloads/gcx-v-2/depends/x86_64-apple-darwin11/lib -lQt5Network -lQt5Core -framework DiskArbitration -framework IOKit -lz -lqtpcre -lm -framework Foundation -framework CoreServices -framework AppKit -framework ApplicationServices -framework CoreFoundation -framework Security -lz -framework SystemConfiguration -framework CoreFoundation -framework CoreServices -lssl -lcrypto -lQt5Widgets -lQt5Gui -framework DiskArbitration -framework IOKit -framework Foundation -framework CoreServices -framework AppKit -framework ApplicationServices -framework CoreFoundation -lqtpng -lqtharfbuzzng -framework OpenGL -framework AGL -lQt5Core -lz -lqtpcre -lm -framework AppKit -lz -framework Carbon -framework OpenGL -framework AGL -lQt5Gui -lQt5Core -framework DiskArbitration -framework IOKit -lz -lqtpcre -lm -framework Foundation -framework CoreServices -framework AppKit -framework ApplicationServices -framework CoreFoundation -framework AppKit -framework Foundation -lqtpng -lqtharfbuzzng -framework ApplicationServices -lz -framework OpenGL -framework AGL -lQt5Core -framework DiskArbitration -framework IOKit -lz -lqtpcre -lm -framework Foundation -framework CoreServices -framework AppKit -framework ApplicationServices -framework CoreFoundation'
pkg_cv_QT_TEST_CFLAGS='-I/root/Downloads/gcx-v-2/depends/x86_64-apple-darwin11/include/QtTest -I/root/Downloads/gcx-v-2/depends/x86_64-apple-darwin11/include/QtCore'
pkg_cv_QT_TEST_LIBS='-L/root/Downloads/gcx-v-2/depends/x86_64-apple-darwin11/lib -lQt5Test -framework Security -framework Foundation -framework ApplicationServices -framework IOKit -lQt5Core -framework DiskArbitration -lz -lqtpcre -lm -framework CoreServices -framework AppKit -framework CoreFoundation -lQt5Core -framework DiskArbitration -framework IOKit -lz -lqtpcre -lm -framework Foundation -framework CoreServices -framework AppKit -framework ApplicationServices -framework CoreFoundation'
pkg_cv_SSL_CFLAGS=-I/root/Downloads/gcx-v-2/depends/x86_64-apple-darwin11/include
pkg_cv_SSL_LIBS='-L/root/Downloads/gcx-v-2/depends/x86_64-apple-darwin11/lib -lssl -lcrypto'

## ----------------- ##
## Output variables. ##
## ----------------- ##

ACLOCAL='${SHELL} /root/Downloads/gcx-v-2/build-aux/missing aclocal-1.15'
AMDEPBACKSLASH='\'
AMDEP_FALSE='#'
AMDEP_TRUE=''
AMTAR='$${TAR-tar}'
AM_BACKSLASH='\'
AM_DEFAULT_V='$(AM_DEFAULT_VERBOSITY)'
AM_DEFAULT_VERBOSITY='0'
AM_V='$(V)'
AR='/root/Downloads/gcx-v-2/depends/x86_64-apple-darwin11/native/bin/x86_64-apple-darwin11-ar'
AUTOCONF='${SHELL} /root/Downloads/gcx-v-2/build-aux/missing autoconf'
AUTOHEADER='${SHELL} /root/Downloads/gcx-v-2/build-aux/missing autoheader'
AUTOMAKE='${SHELL} /root/Downloads/gcx-v-2/build-aux/missing automake-1.15'
AWK='gawk'
BDB_CPPFLAGS=''
BDB_LIBS='-ldb_cxx-4.8'
BITCOIN_CLI_NAME='gcx-cli'
BITCOIN_DAEMON_NAME='gcxd'
BITCOIN_GUI_NAME='gcx-qt'
BITCOIN_TX_NAME='gcx-tx'
BOOST_CHRONO_LIB='-lboost_chrono-mt'
BOOST_CPPFLAGS='-pthread -I/root/Downloads/gcx-v-2/depends/x86_64-apple-darwin11/share/../include'
BOOST_FILESYSTEM_LIB='-lboost_filesystem-mt'
BOOST_LDFLAGS='-L/root/Downloads/gcx-v-2/depends/x86_64-apple-darwin11/share/../lib'
BOOST_LIBS='-L/root/Downloads/gcx-v-2/depends/x86_64-apple-darwin11/share/../lib -lboost_system-mt -lboost_filesystem-mt -lboost_program_options-mt -lboost_thread-mt -lboost_chrono-mt'
BOOST_PROGRAM_OPTIONS_LIB='-lboost_program_options-mt'
BOOST_SYSTEM_LIB='-lboost_system-mt'
BOOST_THREAD_LIB='-lboost_thread-mt'
BOOST_UNIT_TEST_FRAMEWORK_LIB=''
BREW='no'
BUILD_BITCOIND_FALSE='#'
BUILD_BITCOIND_TRUE=''
BUILD_BITCOIN_LIBS_FALSE=''
BUILD_BITCOIN_LIBS_TRUE='#'
BUILD_BITCOIN_UTILS_FALSE='#'
BUILD_BITCOIN_UTILS_TRUE=''
BUILD_DARWIN_FALSE=''
BUILD_DARWIN_TRUE='#'
BUILD_QT='qt'
BUILD_TEST=''
BUILD_TEST_QT=''
CC='/root/Downloads/gcx-v-2/depends/x86_64-apple-darwin11/share/../native/bin/ccache /root/Downloads/gcx-v-2/depends/x86_64-apple-darwin11/native/bin/clang -target x86_64-apple-darwin11 -mmacosx-version-min=10.8 --sysroot /root/Downloads/gcx-v-2/depends/SDKs/MacOSX10.11.sdk -mlinker-version=253.9'
CCACHE='/root/Downloads/gcx-v-2/depends/x86_64-apple-darwin11/share/../native/bin/ccache'
CCDEPMODE='depmode=gcc3'
CFLAGS='-pipe -O2 '
CLIENT_VERSION_BUILD='1'
CLIENT_VERSION_IS_RELEASE='true'
CLIENT_VERSION_MAJOR='2'
CLIENT_VERSION_MINOR='0'
CLIENT_VERSION_REVISION='0'
COMPARISON_TOOL_REORG_TESTS='0'
COPYRIGHT_YEAR='2017'
CPP='/root/Downloads/gcx-v-2/depends/x86_64-apple-darwin11/native/bin/clang -target x86_64-apple-darwin11 -mmacosx-version-min=10.8 --sysroot /root/Downloads/gcx-v-2/depends/SDKs/MacOSX10.11.sdk -mlinker-version=253.9 -E'
CPPFILT='/usr/bin/c++filt'
CPPFLAGS='-Qunused-arguments -I/root/Downloads/gcx-v-2/depends/x86_64-apple-darwin11/share/../include/  -DBOOST_SPIRIT_THREADSAFE -DHAVE_BUILD_INFO -D__STDC_FORMAT_MACROS -DMAC_OSX  -U_FORTIFY_SOURCE -D_FORTIFY_SOURCE=2 -DHAVE_QT5'
CRYPTO_CFLAGS='-I/root/Downloads/gcx-v-2/depends/x86_64-apple-darwin11/include'
CRYPTO_LIBS='-L/root/Downloads/gcx-v-2/depends/x86_64-apple-darwin11/lib -lcrypto'
CXX='/root/Downloads/gcx-v-2/depends/x86_64-apple-darwin11/share/../native/bin/ccache /root/Downloads/gcx-v-2/depends/x86_64-apple-darwin11/native/bin/clang++ -target x86_64-apple-darwin11 -mmacosx-version-min=10.8 --sysroot /root/Downloads/gcx-v-2/depends/SDKs/MacOSX10.11.sdk -mlinker-version=253.9 -stdlib=libc++ -std=c++11'
CXXCPP='/root/Downloads/gcx-v-2/depends/x86_64-apple-darwin11/native/bin/clang++ -target x86_64-apple-darwin11 -mmacosx-version-min=10.8 --sysroot /root/Downloads/gcx-v-2/depends/SDKs/MacOSX10.11.sdk -mlinker-version=253.9 -stdlib=libc++ -std=c++11 -E'
CXXDEPMODE='depmode=gcc3'
CXXFLAGS='-pipe -O2   -Wstack-protector -fstack-protector-all -fPIC -fvisibility=hidden'
CYGPATH_W='echo'
DEFS='-DHAVE_CONFIG_H'
DEPDIR='.deps'
DLLTOOL='false'
DSYMUTIL='x86_64-apple-darwin11-dsymutil'
DUMPBIN=''
ECHO_C=''
ECHO_N='-n'
ECHO_T=''
EGREP='/bin/grep -E'
EMBEDDED_LEVELDB_FALSE='#'
EMBEDDED_LEVELDB_TRUE=''
ENABLE_QT_FALSE='#'
ENABLE_QT_TESTS_FALSE=''
ENABLE_QT_TESTS_TRUE='#'
ENABLE_QT_TRUE=''
ENABLE_TESTS_FALSE=''
ENABLE_TESTS_TRUE='#'
ENABLE_WALLET_FALSE='#'
ENABLE_WALLET_TRUE=''
ENABLE_ZMQ_FALSE=''
ENABLE_ZMQ_TRUE='#'
EVENT_CFLAGS='-I/root/Downloads/gcx-v-2/depends/x86_64-apple-darwin11/include'
EVENT_LIBS='-L/root/Downloads/gcx-v-2/depends/x86_64-apple-darwin11/lib -levent'
EVENT_PTHREADS_CFLAGS='-D_THREAD_SAFE -I/root/Downloads/gcx-v-2/depends/x86_64-apple-darwin11/include'
EVENT_PTHREADS_LIBS='-L/root/Downloads/gcx-v-2/depends/x86_64-apple-darwin11/lib -levent_pthreads -levent'
EXEEXT=''
FGREP='/bin/grep -F'
GCXOV=''
GENHTML=''
GENISOIMAGE='/root/Downloads/gcx-v-2/depends/x86_64-apple-darwin11/share/../native/bin/genisoimage'
GIT='/usr/bin/git'
GLIBC_BACK_COMPAT_FALSE=''
GLIBC_BACK_COMPAT_TRUE='#'
GREP='/bin/grep'
HAVE_CXX11='1'
HAVE_QT5_FALSE='#'
HAVE_QT5_TRUE=''
HEXDUMP='/usr/bin/hexdump'
IMAGEMAGICK_CONVERT='/usr/bin/convert'
INSTALLNAMETOOL='/root/Downloads/gcx-v-2/depends/x86_64-apple-darwin11/share/../native/bin/x86_64-apple-darwin11-install_name_tool'
INSTALL_DATA='${INSTALL} -m 644'
INSTALL_PROGRAM='${INSTALL}'
INSTALL_SCRIPT='${INSTALL}'
INSTALL_STRIP_PROGRAM='$(install_sh) -c -s'
JAVA=''
JAVA_COMPARISON_TOOL=''
LCOV=''
LD='/root/Downloads/gcx-v-2/depends/x86_64-apple-darwin11/native/bin/x86_64-apple-darwin11-ld'
LDFLAGS='-L/root/Downloads/gcx-v-2/depends/x86_64-apple-darwin11/share/../lib  -Wl,-headerpad_max_install_names  -Wl,-dead_strip'
LEVELDB_CPPFLAGS=''
LEVELDB_TARGET_FLAGS='TARGET_OS=Darwin'
LIBLEVELDB=''
LIBMEMENV=''
LIBOBJS=''
LIBS='-lcrypto '
LIBTOOL='$(SHELL) $(top_builddir)/libtool'
LIBTOOL_APP_LDFLAGS=''
LIPO='x86_64-apple-darwin11-lipo'
LN_S='ln -s'
LRELEASE='/root/Downloads/gcx-v-2/depends/x86_64-apple-darwin11/share/../native/bin/lrelease'
LTLIBOBJS=''
LT_SYS_LIBRARY_PATH=''
LUPDATE=''
MAINT=''
MAINTAINER_MODE_FALSE='#'
MAINTAINER_MODE_TRUE=''
MAKEINFO='${SHELL} /root/Downloads/gcx-v-2/build-aux/missing makeinfo'
MAKENSIS=''
MANIFEST_TOOL=':'
MINIUPNPC_CPPFLAGS=''
MINIUPNPC_LIBS='-lminiupnpc'
MKDIR_P='/bin/mkdir -p'
MOC='/root/Downloads/gcx-v-2/depends/x86_64-apple-darwin11/share/../native/bin/moc'
MOC_DEFS='-DHAVE_CONFIG_H -I$(srcdir) -DQ_OS_MAC'
NM='/root/Downloads/gcx-v-2/depends/x86_64-apple-darwin11/native/bin/x86_64-apple-darwin11-nm'
NMEDIT='x86_64-apple-darwin11-nmedit'
OBJCOPY='/usr/bin/objcopy'
OBJCXX='/root/Downloads/gcx-v-2/depends/x86_64-apple-darwin11/native/bin/clang++ -target x86_64-apple-darwin11 -mmacosx-version-min=10.8 --sysroot /root/Downloads/gcx-v-2/depends/SDKs/MacOSX10.11.sdk -mlinker-version=253.9 -stdlib=libc++ -std=c++11'
OBJCXXDEPMODE='depmode=gcc3'
OBJCXXFLAGS='-pipe -O2   -Wstack-protector -fstack-protector-all -fPIC'
OBJDUMP='objdump'
OBJEXT='o'
OTOOL64=':'
OTOOL='/root/Downloads/gcx-v-2/depends/x86_64-apple-darwin11/share/../native/bin/x86_64-apple-darwin11-otool'
PACKAGE='gcx'
PACKAGE_BUGREPORT='www.gcx.org'
PACKAGE_NAME='GCX Core'
PACKAGE_STRING='GCX Core 2.0.0'
PACKAGE_TARNAME='gcx'
PACKAGE_URL=''
PACKAGE_VERSION='2.0.0'
PATH_SEPARATOR=':'
PKG_CONFIG='/usr/bin/pkg-config --static'
PKG_CONFIG_LIBDIR='/root/Downloads/gcx-v-2/depends/x86_64-apple-darwin11/share/../lib/pkgconfig'
PKG_CONFIG_PATH='/root/Downloads/gcx-v-2/depends/x86_64-apple-darwin11/share/../share/pkgconfig'
PORT='no'
PROTOBUF_CFLAGS='-D_THREAD_SAFE -I/root/Downloads/gcx-v-2/depends/x86_64-apple-darwin11/include'
PROTOBUF_LIBS='-L/root/Downloads/gcx-v-2/depends/x86_64-apple-darwin11/lib -lprotobuf -D_THREAD_SAFE -lz'
PROTOC='/root/Downloads/gcx-v-2/depends/x86_64-apple-darwin11/share/../native/bin/protoc'
PTHREAD_CC='/root/Downloads/gcx-v-2/depends/x86_64-apple-darwin11/native/bin/clang -target x86_64-apple-darwin11 -mmacosx-version-min=10.8 --sysroot /root/Downloads/gcx-v-2/depends/SDKs/MacOSX10.11.sdk -mlinker-version=253.9'
PTHREAD_CFLAGS='-D_THREAD_SAFE -pthread'
PTHREAD_LIBS=''
PYTHON='/usr/bin/python3'
PYTHONPATH='/root/Downloads/gcx-v-2/depends/x86_64-apple-darwin11/share/../native/lib/python/dist-packages:'
QR_CFLAGS='-I/root/Downloads/gcx-v-2/depends/x86_64-apple-darwin11/include'
QR_LIBS='-L/root/Downloads/gcx-v-2/depends/x86_64-apple-darwin11/lib -lqrencode -lpthread'
QTPLATFORM_CFLAGS='-I/root/Downloads/gcx-v-2/depends/x86_64-apple-darwin11/include/QtPlatformSupport -I/root/Downloads/gcx-v-2/depends/x86_64-apple-darwin11/include/QtGui -I/root/Downloads/gcx-v-2/depends/x86_64-apple-darwin11/include/QtCore'
QTPLATFORM_LIBS='-L/root/Downloads/gcx-v-2/depends/x86_64-apple-darwin11/lib -lQt5PlatformSupport -lQt5Gui -framework DiskArbitration -framework IOKit -framework Foundation -framework CoreServices -framework AppKit -framework ApplicationServices -framework CoreFoundation -lqtpng -lqtharfbuzzng -framework OpenGL -framework AGL -lQt5Core -lz -lqtpcre -lm -lz -framework AppKit -framework OpenGL -framework ApplicationServices -framework AGL -lQt5Gui -lQt5Core -framework DiskArbitration -framework IOKit -lz -lqtpcre -lm -framework Foundation -framework CoreServices -framework AppKit -framework ApplicationServices -framework CoreFoundation -framework AppKit -framework Foundation -lqtpng -lqtharfbuzzng -framework ApplicationServices -lz -framework OpenGL -framework AGL -lQt5Core -framework DiskArbitration -framework IOKit -lz -lqtpcre -lm -framework Foundation -framework CoreServices -framework AppKit -framework ApplicationServices -framework CoreFoundation'
QTPRINT_CFLAGS='-I/root/Downloads/gcx-v-2/depends/x86_64-apple-darwin11/include/QtPrintSupport -I/root/Downloads/gcx-v-2/depends/x86_64-apple-darwin11/include/QtWidgets -I/root/Downloads/gcx-v-2/depends/x86_64-apple-darwin11/include/QtGui -I/root/Downloads/gcx-v-2/depends/x86_64-apple-darwin11/include/QtCore'
QTPRINT_LIBS='-L/root/Downloads/gcx-v-2/depends/x86_64-apple-darwin11/lib -lQt5PrintSupport -lQt5Widgets -framework DiskArbitration -framework IOKit -framework Foundation -framework CoreServices -framework AppKit -framework ApplicationServices -framework CoreFoundation -framework OpenGL -framework AGL -framework Carbon -lQt5Gui -lqtpng -lqtharfbuzzng -lQt5Core -lz -lqtpcre -lm -framework AppKit -framework OpenGL -framework AGL -lQt5Widgets -lQt5Gui -framework DiskArbitration -framework IOKit -framework Foundation -framework CoreServices -framework AppKit -framework ApplicationServices -framework CoreFoundation -lqtpng -lqtharfbuzzng -framework OpenGL -framework AGL -lQt5Core -lz -lqtpcre -lm -framework AppKit -lz -framework Carbon -framework OpenGL -framework AGL -lQt5Gui -lQt5Core -framework DiskArbitration -framework IOKit -lz -lqtpcre -lm -framework Foundation -framework CoreServices -framework AppKit -framework ApplicationServices -framework CoreFoundation -framework AppKit -framework Foundation -lqtpng -lqtharfbuzzng -framework ApplicationServices -lz -framework OpenGL -framework AGL -lQt5Core -framework DiskArbitration -framework IOKit -lz -lqtpcre -lm -framework Foundation -framework CoreServices -framework AppKit -framework ApplicationServices -framework CoreFoundation'
QTXCBQPA_CFLAGS=''
QTXCBQPA_LIBS=''
QT_CFLAGS='-I/root/Downloads/gcx-v-2/depends/x86_64-apple-darwin11/include/QtNetwork -I/root/Downloads/gcx-v-2/depends/x86_64-apple-darwin11/include/QtWidgets -I/root/Downloads/gcx-v-2/depends/x86_64-apple-darwin11/include/QtGui -I/root/Downloads/gcx-v-2/depends/x86_64-apple-darwin11/include/QtCore'
QT_DBUS_CFLAGS='-I/root/Downloads/gcx-v-2/depends/x86_64-apple-darwin11/include/QtDBus -I/root/Downloads/gcx-v-2/depends/x86_64-apple-darwin11/include/QtCore'
QT_DBUS_INCLUDES='-I/root/Downloads/gcx-v-2/depends/x86_64-apple-darwin11/include/QtDBus -I/root/Downloads/gcx-v-2/depends/x86_64-apple-darwin11/include/QtCore'
QT_DBUS_LIBS='-L/root/Downloads/gcx-v-2/depends/x86_64-apple-darwin11/lib -lQt5DBus -lQt5Core -framework DiskArbitration -framework IOKit -lz -lqtpcre -lm -framework Foundation -framework CoreServices -framework AppKit -framework ApplicationServices -framework CoreFoundation -lQt5Core -framework DiskArbitration -framework IOKit -lz -lqtpcre -lm -framework Foundation -framework CoreServices -framework AppKit -framework ApplicationServices -framework CoreFoundation'
QT_INCLUDES='-I/root/Downloads/gcx-v-2/depends/x86_64-apple-darwin11/include/QtNetwork -I/root/Downloads/gcx-v-2/depends/x86_64-apple-darwin11/include/QtWidgets -I/root/Downloads/gcx-v-2/depends/x86_64-apple-darwin11/include/QtGui -I/root/Downloads/gcx-v-2/depends/x86_64-apple-darwin11/include/QtCore'
QT_LDFLAGS=''
QT_LIBS='-lqcocoa -L/root/Downloads/gcx-v-2/depends/x86_64-apple-darwin11/lib -lQt5PrintSupport -lQt5Widgets -framework DiskArbitration -framework IOKit -framework Foundation -framework CoreServices -framework AppKit -framework ApplicationServices -framework CoreFoundation -framework OpenGL -framework AGL -framework Carbon -lQt5Gui -lqtpng -lqtharfbuzzng -lQt5Core -lz -lqtpcre -lm -framework AppKit -framework OpenGL -framework AGL -lQt5Widgets -lQt5Gui -framework DiskArbitration -framework IOKit -framework Foundation -framework CoreServices -framework AppKit -framework ApplicationServices -framework CoreFoundation -lqtpng -lqtharfbuzzng -framework OpenGL -framework AGL -lQt5Core -lz -lqtpcre -lm -framework AppKit -lz -framework Carbon -framework OpenGL -framework AGL -lQt5Gui -lQt5Core -framework DiskArbitration -framework IOKit -lz -lqtpcre -lm -framework Foundation -framework CoreServices -framework AppKit -framework ApplicationServices -framework CoreFoundation -framework AppKit -framework Foundation -lqtpng -lqtharfbuzzng -framework ApplicationServices -lz -framework OpenGL -framework AGL -lQt5Core -framework DiskArbitration -framework IOKit -lz -lqtpcre -lm -framework Foundation -framework CoreServices -framework AppKit -framework ApplicationServices -framework CoreFoundation -L/root/Downloads/gcx-v-2/depends/x86_64-apple-darwin11/lib -lQt5PlatformSupport -lQt5Gui -framework DiskArbitration -framework IOKit -framework Foundation -framework CoreServices -framework AppKit -framework ApplicationServices -framework CoreFoundation -lqtpng -lqtharfbuzzng -framework OpenGL -framework AGL -lQt5Core -lz -lqtpcre -lm -lz -framework AppKit -framework OpenGL -framework ApplicationServices -framework AGL -lQt5Gui -lQt5Core -framework DiskArbitration -framework IOKit -lz -lqtpcre -lm -framework Foundation -framework CoreServices -framework AppKit -framework ApplicationServices -framework CoreFoundation -framework AppKit -framework Foundation -lqtpng -lqtharfbuzzng -framework ApplicationServices -lz -framework OpenGL -framework AGL -lQt5Core -framework DiskArbitration -framework IOKit -lz -lqtpcre -lm -framework Foundation -framework CoreServices -framework AppKit -framework ApplicationServices -framework CoreFoundation -L/root/Downloads/gcx-v-2/depends/x86_64-apple-darwin11/lib -lQt5Network -lQt5Core -framework DiskArbitration -framework IOKit -lz -lqtpcre -lm -framework Foundation -framework CoreServices -framework AppKit -framework ApplicationServices -framework CoreFoundation -framework Security -lz -framework SystemConfiguration -framework CoreFoundation -framework CoreServices -lssl -lcrypto -lQt5Widgets -lQt5Gui -framework DiskArbitration -framework IOKit -framework Foundation -framework CoreServices -framework AppKit -framework ApplicationServices -framework CoreFoundation -lqtpng -lqtharfbuzzng -framework OpenGL -framework AGL -lQt5Core -lz -lqtpcre -lm -framework AppKit -lz -framework Carbon -framework OpenGL -framework AGL -lQt5Gui -lQt5Core -framework DiskArbitration -framework IOKit -lz -lqtpcre -lm -framework Foundation -framework CoreServices -framework AppKit -framework ApplicationServices -framework CoreFoundation -framework AppKit -framework Foundation -lqtpng -lqtharfbuzzng -framework ApplicationServices -lz -framework OpenGL -framework AGL -lQt5Core -framework DiskArbitration -framework IOKit -lz -lqtpcre -lm -framework Foundation -framework CoreServices -framework AppKit -framework ApplicationServices -framework CoreFoundation -L/root/Downloads/gcx-v-2/depends/x86_64-apple-darwin11/share/../plugins/platforms -framework IOKit -framework Foundation -framework ApplicationServices -framework AppKit'
QT_PIE_FLAGS=''
QT_SELECT='qt5'
QT_TEST_CFLAGS='-I/root/Downloads/gcx-v-2/depends/x86_64-apple-darwin11/include/QtTest -I/root/Downloads/gcx-v-2/depends/x86_64-apple-darwin11/include/QtCore'
QT_TEST_INCLUDES='-I/root/Downloads/gcx-v-2/depends/x86_64-apple-darwin11/include/QtTest -I/root/Downloads/gcx-v-2/depends/x86_64-apple-darwin11/include/QtCore'
QT_TEST_LIBS='-L/root/Downloads/gcx-v-2/depends/x86_64-apple-darwin11/lib -lQt5Test -framework Security -framework Foundation -framework ApplicationServices -framework IOKit -lQt5Core -framework DiskArbitration -lz -lqtpcre -lm -framework CoreServices -framework AppKit -framework CoreFoundation -lQt5Core -framework DiskArbitration -framework IOKit -lz -lqtpcre -lm -framework Foundation -framework CoreServices -framework AppKit -framework ApplicationServices -framework CoreFoundation'
QT_TRANSLATION_DIR='/root/Downloads/gcx-v-2/depends/x86_64-apple-darwin11/share/../translations'
RANLIB='/root/Downloads/gcx-v-2/depends/x86_64-apple-darwin11/native/bin/x86_64-apple-darwin11-ranlib'
RCC='/root/Downloads/gcx-v-2/depends/x86_64-apple-darwin11/share/../native/bin/rcc'
READELF='/usr/bin/readelf'
RELDFLAGS=''
RSVG_CONVERT='/usr/bin/rsvg-convert'
SED='/bin/sed'
SET_MAKE=''
SHELL='/bin/bash'
SSL_CFLAGS='-I/root/Downloads/gcx-v-2/depends/x86_64-apple-darwin11/include'
SSL_LIBS='-L/root/Downloads/gcx-v-2/depends/x86_64-apple-darwin11/lib -lssl -lcrypto'
STRIP='/root/Downloads/gcx-v-2/depends/x86_64-apple-darwin11/share/../native/bin/x86_64-apple-darwin11-strip'
TARGET_DARWIN_FALSE='#'
TARGET_DARWIN_TRUE=''
TARGET_WINDOWS_FALSE=''
TARGET_WINDOWS_TRUE='#'
TESTDEFS=''
TIFFCP='/usr/bin/tiffcp'
UIC='/root/Downloads/gcx-v-2/depends/x86_64-apple-darwin11/share/../native/bin/uic'
USE_COMPARISON_TOOL_FALSE=''
USE_COMPARISON_TOOL_REORG_TESTS_FALSE='#'
USE_COMPARISON_TOOL_REORG_TESTS_TRUE=''
USE_COMPARISON_TOOL_TRUE='#'
USE_LCOV_FALSE=''
USE_LCOV_TRUE='#'
USE_LIBSECP256K1_FALSE=''
USE_LIBSECP256K1_TRUE='#'
USE_QRCODE=''
USE_QRCODE_FALSE='#'
USE_QRCODE_TRUE=''
USE_UPNP=''
VERSION='2.0.0'
WINDOWS_BITS=''
WINDRES=''
X11XCB_CFLAGS=''
X11XCB_LIBS=''
XGETTEXT=''
ZMQ_CFLAGS=''
ZMQ_LIBS=''
ac_ct_AR=''
ac_ct_CC=''
ac_ct_CXX=''
ac_ct_DUMPBIN=''
ac_ct_OBJCXX=''
am__EXEEXT_FALSE=''
am__EXEEXT_TRUE='#'
am__fastdepCC_FALSE='#'
am__fastdepCC_TRUE=''
am__fastdepCXX_FALSE='#'
am__fastdepCXX_TRUE=''
am__fastdepOBJCXX_FALSE='#'
am__fastdepOBJCXX_TRUE=''
am__include='include'
am__isrc=''
am__leading_dot='.'
am__nodep='_no'
am__quote=''
am__tar='$${TAR-tar} chof - "$$tardir"'
am__untar='$${TAR-tar} xf -'
ax_pthread_config=''
bindir='${exec_prefix}/bin'
build='x86_64-pc-linux-gnu'
build_alias=''
build_cpu='x86_64'
build_os='linux-gnu'
build_vendor='pc'
datadir='${datarootdir}'
datarootdir='${prefix}/share'
docdir='${datarootdir}/doc/${PACKAGE_TARNAME}'
dvidir='${docdir}'
exec_prefix='${prefix}'
host='x86_64-apple-darwin11'
host_alias='x86_64-apple-darwin11'
host_cpu='x86_64'
host_os='darwin11'
host_vendor='apple'
htmldir='${docdir}'
includedir='${prefix}/include'
infodir='${datarootdir}/info'
install_sh='${SHELL} /root/Downloads/gcx-v-2/build-aux/install-sh'
libdir='${exec_prefix}/lib'
libexecdir='${exec_prefix}/libexec'
localedir='${datarootdir}/locale'
localstatedir='${prefix}/var'
mandir='${datarootdir}/man'
mkdir_p='$(MKDIR_P)'
oldincludedir='/usr/include'
pdfdir='${docdir}'
prefix='/'
program_transform_name='s,x,x,'
psdir='${docdir}'
runstatedir='${localstatedir}/run'
sbindir='${exec_prefix}/sbin'
sharedstatedir='${prefix}/com'
subdirs=' src/secp256k1'
sysconfdir='${prefix}/etc'
target_alias=''

## ----------- ##
## confdefs.h. ##
## ----------- ##

/* confdefs.h */
#define PACKAGE_NAME "GCX Core"
#define PACKAGE_TARNAME "gcx"
#define PACKAGE_VERSION "2.0.0"
#define PACKAGE_STRING "GCX Core 2.0.0"
#define PACKAGE_BUGREPORT "www.gcx.org"
#define PACKAGE_URL ""
#define HAVE_CXX11 1
#define STDC_HEADERS 1
#define HAVE_SYS_TYPES_H 1
#define HAVE_SYS_STAT_H 1
#define HAVE_STDLIB_H 1
#define HAVE_STRING_H 1
#define HAVE_MEMORY_H 1
#define HAVE_STRINGS_H 1
#define HAVE_INTTYPES_H 1
#define HAVE_STDINT_H 1
#define HAVE_UNISTD_H 1
#define HAVE_DLFCN_H 1
#define LT_OBJDIR ".libs/"
#define HAVE_PTHREAD_PRIO_INHERIT 1
#define HAVE_PTHREAD 1
#define HAVE_DECL_STRERROR_R 1
#define HAVE_STRERROR_R 1
#define HAVE_FUNC_ATTRIBUTE_VISIBILITY 1
#define HAVE_STDIO_H 1
#define HAVE_STDLIB_H 1
#define HAVE_UNISTD_H 1
#define HAVE_STRINGS_H 1
#define HAVE_SYS_TYPES_H 1
#define HAVE_SYS_STAT_H 1
#define HAVE_SYS_SELECT_H 1
#define HAVE_INET_PTON 1
#define HAVE_DECL_STRNLEN 1
#define HAVE_DECL_LE32TOH 0
#define HAVE_DECL_LE64TOH 0
#define HAVE_DECL_HTOLE32 0
#define HAVE_DECL_HTOLE64 0
#define HAVE_DECL_BE32TOH 0
#define HAVE_DECL_BE64TOH 0
#define HAVE_DECL_HTOBE32 0
#define HAVE_DECL_HTOBE64 0
#define HAVE_VISIBILITY_ATTRIBUTE 1
#define HAVE_MINIUPNPC_MINIWGET_H 1
#define HAVE_MINIUPNPC_MINIUPNPC_H 1
#define HAVE_MINIUPNPC_UPNPCOMMANDS_H 1
#define HAVE_MINIUPNPC_UPNPERRORS_H 1
#define QT_STATICPLUGIN 1
#define QT_QPA_PLATFORM_COCOA 1
#define HAVE_QT5 1
#define HAVE_BOOST /**/
#define HAVE_BOOST_SYSTEM /**/
#define HAVE_BOOST_FILESYSTEM /**/
#define HAVE_BOOST_PROGRAM_OPTIONS /**/
#define HAVE_BOOST_THREAD /**/
#define HAVE_BOOST_CHRONO /**/
#define HAVE_WORKING_BOOST_SLEEP_FOR 1
#define ENABLE_ZMQ 0
#define HAVE_LIBCRYPTO 1
#define ENABLE_WALLET 1
#define USE_UPNP 0
#define USE_DBUS 1
#define USE_QRCODE 1
#define CLIENT_VERSION_MAJOR 2
#define CLIENT_VERSION_MINOR 0
#define CLIENT_VERSION_REVISION 0
#define CLIENT_VERSION_BUILD 1
#define CLIENT_VERSION_IS_RELEASE true
#define COPYRIGHT_YEAR 2017

configure: exit 0
